[0.013s] Invoking command in '/home/vtcro/car_robot_ws/build/mini_car_bot': CMAKE_PREFIX_PATH=${CMAKE_PREFIX_PATH}:/opt/ros/jazzy DEBUGINFOD_URLS=https://debuginfod.ubuntu.com /usr/bin/cmake --build /home/vtcro/car_robot_ws/build/mini_car_bot -- -j12 -l12
[0.049s] Invoked command in '/home/vtcro/car_robot_ws/build/mini_car_bot' returned '0': CMAKE_PREFIX_PATH=${CMAKE_PREFIX_PATH}:/opt/ros/jazzy DEBUGINFOD_URLS=https://debuginfod.ubuntu.com /usr/bin/cmake --build /home/vtcro/car_robot_ws/build/mini_car_bot -- -j12 -l12
[0.058s] Invoking command in '/home/vtcro/car_robot_ws/build/mini_car_bot': CMAKE_PREFIX_PATH=${CMAKE_PREFIX_PATH}:/opt/ros/jazzy DEBUGINFOD_URLS=https://debuginfod.ubuntu.com /usr/bin/cmake --install /home/vtcro/car_robot_ws/build/mini_car_bot
[0.065s] -- Install configuration: ""
[0.065s] -- Execute custom install script
[0.065s] -- Up-to-date symlink: /home/vtcro/car_robot_ws/install/mini_car_bot/share/mini_car_bot/config/gaz_ros2_ctl_use_sim.yaml
[0.066s] -- Up-to-date symlink: /home/vtcro/car_robot_ws/install/mini_car_bot/share/mini_car_bot/config/gz_bridge.yaml
[0.066s] -- Up-to-date symlink: /home/vtcro/car_robot_ws/install/mini_car_bot/share/mini_car_bot/config/mapper_params_online_async.yaml
[0.066s] -- Up-to-date symlink: /home/vtcro/car_robot_ws/install/mini_car_bot/share/mini_car_bot/config/my_controllers.yaml
[0.066s] -- Up-to-date symlink: /home/vtcro/car_robot_ws/install/mini_car_bot/share/mini_car_bot/config/twist_mux.yaml
[0.066s] -- Up-to-date symlink: /home/vtcro/car_robot_ws/install/mini_car_bot/share/mini_car_bot/config/view_bot.rviz
[0.066s] -- Up-to-date symlink: /home/vtcro/car_robot_ws/install/mini_car_bot/share/mini_car_bot/description/camera.xacro
[0.066s] -- Up-to-date symlink: /home/vtcro/car_robot_ws/install/mini_car_bot/share/mini_car_bot/description/depth_camera.xacro
[0.066s] -- Up-to-date symlink: /home/vtcro/car_robot_ws/install/mini_car_bot/share/mini_car_bot/description/gazebo_control.xacro
[0.066s] -- Up-to-date symlink: /home/vtcro/car_robot_ws/install/mini_car_bot/share/mini_car_bot/description/inertial_macros.xacro
[0.066s] -- Up-to-date symlink: /home/vtcro/car_robot_ws/install/mini_car_bot/share/mini_car_bot/description/lidar.xacro
[0.066s] -- Up-to-date symlink: /home/vtcro/car_robot_ws/install/mini_car_bot/share/mini_car_bot/description/robot.core.xacro
[0.067s] -- Up-to-date symlink: /home/vtcro/car_robot_ws/install/mini_car_bot/share/mini_car_bot/description/robot.urdf.xacro
[0.067s] -- Up-to-date symlink: /home/vtcro/car_robot_ws/install/mini_car_bot/share/mini_car_bot/description/ros2_control.xacro
[0.067s] -- Up-to-date symlink: /home/vtcro/car_robot_ws/install/mini_car_bot/share/mini_car_bot/launch/camera.launch.py
[0.067s] -- Up-to-date symlink: /home/vtcro/car_robot_ws/install/mini_car_bot/share/mini_car_bot/launch/launch_robot.launch.py
[0.067s] -- Up-to-date symlink: /home/vtcro/car_robot_ws/install/mini_car_bot/share/mini_car_bot/launch/launch_sim.launch.py
[0.067s] -- Up-to-date symlink: /home/vtcro/car_robot_ws/install/mini_car_bot/share/mini_car_bot/launch/rplidar.launch.py
[0.067s] -- Up-to-date symlink: /home/vtcro/car_robot_ws/install/mini_car_bot/share/mini_car_bot/launch/rsp.launch.py
[0.067s] -- Up-to-date symlink: /home/vtcro/car_robot_ws/install/mini_car_bot/share/mini_car_bot/worlds/empty.world
[0.067s] -- Up-to-date symlink: /home/vtcro/car_robot_ws/install/mini_car_bot/share/mini_car_bot/worlds/prev_empty.world
[0.068s] -- Up-to-date symlink: /home/vtcro/car_robot_ws/install/mini_car_bot/share/ament_index/resource_index/package_run_dependencies/mini_car_bot
[0.068s] -- Up-to-date symlink: /home/vtcro/car_robot_ws/install/mini_car_bot/share/ament_index/resource_index/parent_prefix_path/mini_car_bot
[0.068s] -- Up-to-date symlink: /home/vtcro/car_robot_ws/install/mini_car_bot/share/mini_car_bot/environment/ament_prefix_path.sh
[0.068s] -- Up-to-date symlink: /home/vtcro/car_robot_ws/install/mini_car_bot/share/mini_car_bot/environment/ament_prefix_path.dsv
[0.068s] -- Up-to-date symlink: /home/vtcro/car_robot_ws/install/mini_car_bot/share/mini_car_bot/environment/path.sh
[0.068s] -- Up-to-date symlink: /home/vtcro/car_robot_ws/install/mini_car_bot/share/mini_car_bot/environment/path.dsv
[0.068s] -- Up-to-date symlink: /home/vtcro/car_robot_ws/install/mini_car_bot/share/mini_car_bot/local_setup.bash
[0.068s] -- Up-to-date symlink: /home/vtcro/car_robot_ws/install/mini_car_bot/share/mini_car_bot/local_setup.sh
[0.068s] -- Up-to-date symlink: /home/vtcro/car_robot_ws/install/mini_car_bot/share/mini_car_bot/local_setup.zsh
[0.069s] -- Up-to-date symlink: /home/vtcro/car_robot_ws/install/mini_car_bot/share/mini_car_bot/local_setup.dsv
[0.069s] -- Symlinking: /home/vtcro/car_robot_ws/install/mini_car_bot/share/mini_car_bot/package.dsv
[0.077s] -- Up-to-date symlink: /home/vtcro/car_robot_ws/install/mini_car_bot/share/ament_index/resource_index/packages/mini_car_bot
[0.077s] -- Up-to-date symlink: /home/vtcro/car_robot_ws/install/mini_car_bot/share/mini_car_bot/cmake/mini_car_botConfig.cmake
[0.077s] -- Up-to-date symlink: /home/vtcro/car_robot_ws/install/mini_car_bot/share/mini_car_bot/cmake/mini_car_botConfig-version.cmake
[0.077s] -- Up-to-date symlink: /home/vtcro/car_robot_ws/install/mini_car_bot/share/mini_car_bot/package.xml
[0.079s] Invoked command in '/home/vtcro/car_robot_ws/build/mini_car_bot' returned '0': CMAKE_PREFIX_PATH=${CMAKE_PREFIX_PATH}:/opt/ros/jazzy DEBUGINFOD_URLS=https://debuginfod.ubuntu.com /usr/bin/cmake --install /home/vtcro/car_robot_ws/build/mini_car_bot
