/home/vtcro/robogamescode/leg1_ws/install/leg1_description/lib/python3.12/site-packages/leg1_description/__init__.py
/home/vtcro/robogamescode/leg1_ws/install/leg1_description/lib/python3.12/site-packages/leg1_description/__pycache__/__init__.cpython-312.pyc
/home/vtcro/robogamescode/leg1_ws/install/leg1_description/share/ament_index/resource_index/packages/leg1_description
/home/vtcro/robogamescode/leg1_ws/install/leg1_description/share/leg1_description/package.xml
/home/vtcro/robogamescode/leg1_ws/install/leg1_description/share/leg1_description/launch/gazebo.launch.py
/home/vtcro/robogamescode/leg1_ws/install/leg1_description/share/leg1_description/launch/display.launch.py
/home/vtcro/robogamescode/leg1_ws/install/leg1_description/share/leg1_description/urdf/leg1.trans
/home/vtcro/robogamescode/leg1_ws/install/leg1_description/share/leg1_description/urdf/leg1.gazebo
/home/vtcro/robogamescode/leg1_ws/install/leg1_description/share/leg1_description/urdf/leg1_original.xacro
/home/vtcro/robogamescode/leg1_ws/install/leg1_description/share/leg1_description/urdf/install
/home/vtcro/robogamescode/leg1_ws/install/leg1_description/share/leg1_description/urdf/materials.xacro
/home/vtcro/robogamescode/leg1_ws/install/leg1_description/share/leg1_description/urdf/leg1.xacro
/home/vtcro/robogamescode/leg1_ws/install/leg1_description/share/leg1_description/urdf/leg1.sdf
/home/vtcro/robogamescode/leg1_ws/install/leg1_description/share/leg1_description/urdf/leg1.urdf
/home/vtcro/robogamescode/leg1_ws/install/leg1_description/share/leg1_description/meshes/sphere_1.stl
/home/vtcro/robogamescode/leg1_ws/install/leg1_description/share/leg1_description/meshes/driveleg_1.stl
/home/vtcro/robogamescode/leg1_ws/install/leg1_description/share/leg1_description/meshes/upperleg_1.stl
/home/vtcro/robogamescode/leg1_ws/install/leg1_description/share/leg1_description/meshes/base_link.stl
/home/vtcro/robogamescode/leg1_ws/install/leg1_description/share/leg1_description/meshes/lowerleg_1.stl
/home/vtcro/robogamescode/leg1_ws/install/leg1_description/share/leg1_description/config/display.rviz
/home/vtcro/robogamescode/leg1_ws/install/leg1_description/lib/python3.12/site-packages/leg1_description-0.0.0-py3.12.egg-info/dependency_links.txt
/home/vtcro/robogamescode/leg1_ws/install/leg1_description/lib/python3.12/site-packages/leg1_description-0.0.0-py3.12.egg-info/top_level.txt
/home/vtcro/robogamescode/leg1_ws/install/leg1_description/lib/python3.12/site-packages/leg1_description-0.0.0-py3.12.egg-info/PKG-INFO
/home/vtcro/robogamescode/leg1_ws/install/leg1_description/lib/python3.12/site-packages/leg1_description-0.0.0-py3.12.egg-info/requires.txt
/home/vtcro/robogamescode/leg1_ws/install/leg1_description/lib/python3.12/site-packages/leg1_description-0.0.0-py3.12.egg-info/zip-safe
/home/vtcro/robogamescode/leg1_ws/install/leg1_description/lib/python3.12/site-packages/leg1_description-0.0.0-py3.12.egg-info/SOURCES.txt
