[0.196s] Invoking command in '/home/vtcro/car_robot_ws/build/my_robot_pkg2': CMAKE_PREFIX_PATH=${CMAKE_PREFIX_PATH}:/home/vtcro/car_robot_ws/install/my_robot_pkg:/opt/ros/jazzy DEBUGINFOD_URLS=https://debuginfod.ubuntu.com /usr/bin/cmake /home/vtcro/car_robot_ws/src/my_robot_pkg2 -DAMENT_CMAKE_SYMLINK_INSTALL=1 -DCMAKE_INSTALL_PREFIX=/home/vtcro/car_robot_ws/install/my_robot_pkg2
[0.243s] -- The C compiler identification is GNU 13.3.0
[0.288s] -- The CXX compiler identification is GNU 13.3.0
[0.303s] -- Detecting C compiler ABI info
[0.382s] -- Detecting C compiler ABI info - done
[0.389s] -- Check for working C compiler: /usr/bin/cc - skipped
[0.389s] -- Detecting C compile features
[0.389s] -- Detecting C compile features - done
[0.397s] -- Detecting CXX compiler ABI info
[0.487s] -- Detecting CXX compiler ABI info - done
[0.496s] -- Check for working CXX compiler: /usr/bin/c++ - skipped
[0.496s] -- Detecting CXX compile features
[0.497s] -- Detecting CXX compile features - done
[0.503s] -- Found ament_cmake: 2.5.2 (/opt/ros2_jazzy/ros2-linux/share/ament_cmake/cmake)
[0.649s] -- Found Python3: /usr/bin/python3 (found version "3.12.3") found components: Interpreter 
[0.707s] -- Override CMake install command with custom implementation using symlinks instead of copying resources
[0.759s] -- Found ament_lint_auto: 0.17.1 (/opt/ros2_jazzy/ros2-linux/share/ament_lint_auto/cmake)
[0.851s] -- Added test 'lint_cmake' to check CMake code style
[0.853s] -- Added test 'xmllint' to check XML markup files
[0.855s] -- Configuring done (0.6s)
[0.857s] -- Generating done (0.0s)
[0.859s] -- Build files have been written to: /home/vtcro/car_robot_ws/build/my_robot_pkg2
[0.863s] Invoked command in '/home/vtcro/car_robot_ws/build/my_robot_pkg2' returned '0': CMAKE_PREFIX_PATH=${CMAKE_PREFIX_PATH}:/home/vtcro/car_robot_ws/install/my_robot_pkg:/opt/ros/jazzy DEBUGINFOD_URLS=https://debuginfod.ubuntu.com /usr/bin/cmake /home/vtcro/car_robot_ws/src/my_robot_pkg2 -DAMENT_CMAKE_SYMLINK_INSTALL=1 -DCMAKE_INSTALL_PREFIX=/home/vtcro/car_robot_ws/install/my_robot_pkg2
[0.863s] Invoking command in '/home/vtcro/car_robot_ws/build/my_robot_pkg2': CMAKE_PREFIX_PATH=${CMAKE_PREFIX_PATH}:/home/vtcro/car_robot_ws/install/my_robot_pkg:/opt/ros/jazzy DEBUGINFOD_URLS=https://debuginfod.ubuntu.com /usr/bin/cmake --build /home/vtcro/car_robot_ws/build/my_robot_pkg2 -- -j12 -l12
[0.900s] Invoked command in '/home/vtcro/car_robot_ws/build/my_robot_pkg2' returned '0': CMAKE_PREFIX_PATH=${CMAKE_PREFIX_PATH}:/home/vtcro/car_robot_ws/install/my_robot_pkg:/opt/ros/jazzy DEBUGINFOD_URLS=https://debuginfod.ubuntu.com /usr/bin/cmake --build /home/vtcro/car_robot_ws/build/my_robot_pkg2 -- -j12 -l12
[0.901s] Invoking command in '/home/vtcro/car_robot_ws/build/my_robot_pkg2': CMAKE_PREFIX_PATH=${CMAKE_PREFIX_PATH}:/home/vtcro/car_robot_ws/install/my_robot_pkg:/opt/ros/jazzy DEBUGINFOD_URLS=https://debuginfod.ubuntu.com /usr/bin/cmake --install /home/vtcro/car_robot_ws/build/my_robot_pkg2
[0.908s] -- Install configuration: ""
[0.908s] -- Execute custom install script
[0.908s] -- Symlinking: /home/vtcro/car_robot_ws/install/my_robot_pkg2/share/ament_index/resource_index/package_run_dependencies/my_robot_pkg2
[0.917s] -- Symlinking: /home/vtcro/car_robot_ws/install/my_robot_pkg2/share/ament_index/resource_index/parent_prefix_path/my_robot_pkg2
[0.925s] -- Symlinking: /home/vtcro/car_robot_ws/install/my_robot_pkg2/share/my_robot_pkg2/environment/ament_prefix_path.sh
[0.933s] -- Symlinking: /home/vtcro/car_robot_ws/install/my_robot_pkg2/share/my_robot_pkg2/environment/ament_prefix_path.dsv
[0.941s] -- Symlinking: /home/vtcro/car_robot_ws/install/my_robot_pkg2/share/my_robot_pkg2/environment/path.sh
[0.949s] -- Symlinking: /home/vtcro/car_robot_ws/install/my_robot_pkg2/share/my_robot_pkg2/environment/path.dsv
[0.957s] -- Symlinking: /home/vtcro/car_robot_ws/install/my_robot_pkg2/share/my_robot_pkg2/local_setup.bash
[0.965s] -- Symlinking: /home/vtcro/car_robot_ws/install/my_robot_pkg2/share/my_robot_pkg2/local_setup.sh
[0.973s] -- Symlinking: /home/vtcro/car_robot_ws/install/my_robot_pkg2/share/my_robot_pkg2/local_setup.zsh
[0.981s] -- Symlinking: /home/vtcro/car_robot_ws/install/my_robot_pkg2/share/my_robot_pkg2/local_setup.dsv
[0.990s] -- Symlinking: /home/vtcro/car_robot_ws/install/my_robot_pkg2/share/my_robot_pkg2/package.dsv
[0.998s] -- Symlinking: /home/vtcro/car_robot_ws/install/my_robot_pkg2/share/ament_index/resource_index/packages/my_robot_pkg2
[1.006s] -- Symlinking: /home/vtcro/car_robot_ws/install/my_robot_pkg2/share/my_robot_pkg2/cmake/my_robot_pkg2Config.cmake
[1.014s] -- Symlinking: /home/vtcro/car_robot_ws/install/my_robot_pkg2/share/my_robot_pkg2/cmake/my_robot_pkg2Config-version.cmake
[1.024s] -- Symlinking: /home/vtcro/car_robot_ws/install/my_robot_pkg2/share/my_robot_pkg2/package.xml
[1.033s] Invoked command in '/home/vtcro/car_robot_ws/build/my_robot_pkg2' returned '0': CMAKE_PREFIX_PATH=${CMAKE_PREFIX_PATH}:/home/vtcro/car_robot_ws/install/my_robot_pkg:/opt/ros/jazzy DEBUGINFOD_URLS=https://debuginfod.ubuntu.com /usr/bin/cmake --install /home/vtcro/car_robot_ws/build/my_robot_pkg2
