[0.011s] Invoking command in '/home/vtcro/car_robot_ws/build/mini_car_bot': DEBUGINFOD_URLS=https://debuginfod.ubuntu.com /usr/bin/cmake --build /home/vtcro/car_robot_ws/build/mini_car_bot -- -j12 -l12
[0.041s] Invoked command in '/home/vtcro/car_robot_ws/build/mini_car_bot' returned '0': DEBUGINFOD_URLS=https://debuginfod.ubuntu.com /usr/bin/cmake --build /home/vtcro/car_robot_ws/build/mini_car_bot -- -j12 -l12
[0.048s] Invoking command in '/home/vtcro/car_robot_ws/build/mini_car_bot': DEBUGINFOD_URLS=https://debuginfod.ubuntu.com /usr/bin/cmake --install /home/vtcro/car_robot_ws/build/mini_car_bot
[0.053s] -- Install configuration: ""
[0.054s] -- Execute custom install script
[0.054s] -- Up-to-date symlink: /home/vtcro/car_robot_ws/install/mini_car_bot/share/mini_car_bot/config/view_bot.rviz
[0.054s] -- Up-to-date symlink: /home/vtcro/car_robot_ws/install/mini_car_bot/share/mini_car_bot/description/inertial_macros.xacro
[0.054s] -- Up-to-date symlink: /home/vtcro/car_robot_ws/install/mini_car_bot/share/mini_car_bot/description/robot.core.xacro
[0.054s] -- Up-to-date symlink: /home/vtcro/car_robot_ws/install/mini_car_bot/share/mini_car_bot/description/robot.urdf.xacro
[0.055s] -- Up-to-date symlink: /home/vtcro/car_robot_ws/install/mini_car_bot/share/mini_car_bot/launch/launch_sim.launch.py
[0.055s] -- Up-to-date symlink: /home/vtcro/car_robot_ws/install/mini_car_bot/share/mini_car_bot/launch/rsp.launch.py
[0.055s] -- Up-to-date symlink: /home/vtcro/car_robot_ws/install/mini_car_bot/share/mini_car_bot/worlds/empty.world
[0.055s] -- Up-to-date symlink: /home/vtcro/car_robot_ws/install/mini_car_bot/share/ament_index/resource_index/package_run_dependencies/mini_car_bot
[0.055s] -- Up-to-date symlink: /home/vtcro/car_robot_ws/install/mini_car_bot/share/ament_index/resource_index/parent_prefix_path/mini_car_bot
[0.055s] -- Up-to-date symlink: /home/vtcro/car_robot_ws/install/mini_car_bot/share/mini_car_bot/environment/ament_prefix_path.sh
[0.055s] -- Up-to-date symlink: /home/vtcro/car_robot_ws/install/mini_car_bot/share/mini_car_bot/environment/ament_prefix_path.dsv
[0.055s] -- Up-to-date symlink: /home/vtcro/car_robot_ws/install/mini_car_bot/share/mini_car_bot/environment/path.sh
[0.056s] -- Up-to-date symlink: /home/vtcro/car_robot_ws/install/mini_car_bot/share/mini_car_bot/environment/path.dsv
[0.056s] -- Up-to-date symlink: /home/vtcro/car_robot_ws/install/mini_car_bot/share/mini_car_bot/local_setup.bash
[0.056s] -- Up-to-date symlink: /home/vtcro/car_robot_ws/install/mini_car_bot/share/mini_car_bot/local_setup.sh
[0.056s] -- Up-to-date symlink: /home/vtcro/car_robot_ws/install/mini_car_bot/share/mini_car_bot/local_setup.zsh
[0.056s] -- Up-to-date symlink: /home/vtcro/car_robot_ws/install/mini_car_bot/share/mini_car_bot/local_setup.dsv
[0.056s] -- Symlinking: /home/vtcro/car_robot_ws/install/mini_car_bot/share/mini_car_bot/package.dsv
[0.063s] -- Up-to-date symlink: /home/vtcro/car_robot_ws/install/mini_car_bot/share/ament_index/resource_index/packages/mini_car_bot
[0.063s] -- Up-to-date symlink: /home/vtcro/car_robot_ws/install/mini_car_bot/share/mini_car_bot/cmake/mini_car_botConfig.cmake
[0.063s] -- Up-to-date symlink: /home/vtcro/car_robot_ws/install/mini_car_bot/share/mini_car_bot/cmake/mini_car_botConfig-version.cmake
[0.063s] -- Up-to-date symlink: /home/vtcro/car_robot_ws/install/mini_car_bot/share/mini_car_bot/package.xml
[0.064s] Invoked command in '/home/vtcro/car_robot_ws/build/mini_car_bot' returned '0': DEBUGINFOD_URLS=https://debuginfod.ubuntu.com /usr/bin/cmake --install /home/vtcro/car_robot_ws/build/mini_car_bot
