[0.718s] Invoking command in '/home/vtcro/car_robot_ws/build/my_robot_pkg': DEBUGINFOD_URLS=https://debuginfod.ubuntu.com PYTHONPATH=/home/vtcro/car_robot_ws/build/my_robot_pkg/prefix_override:/usr/lib/python3/dist-packages/colcon_core/task/python/colcon_distutils_commands:/home/vtcro/car_robot_ws/install/my_robot_pkg/lib/python3.12/site-packages:${PYTHONPATH} /usr/bin/python3 -W ignore:setup.py install is deprecated -W ignore:easy_install command is deprecated setup.py develop --uninstall --editable --build-directory /home/vtcro/car_robot_ws/build/my_robot_pkg/build
[0.988s] running develop
[1.206s] Removing /home/vtcro/car_robot_ws/install/my_robot_pkg/lib/python3.12/site-packages/my-robot-pkg.egg-link (link to .)
[1.226s] Invoked command in '/home/vtcro/car_robot_ws/build/my_robot_pkg' returned '0': DEBUGINFOD_URLS=https://debuginfod.ubuntu.com PYTHONPATH=/home/vtcro/car_robot_ws/build/my_robot_pkg/prefix_override:/usr/lib/python3/dist-packages/colcon_core/task/python/colcon_distutils_commands:/home/vtcro/car_robot_ws/install/my_robot_pkg/lib/python3.12/site-packages:${PYTHONPATH} /usr/bin/python3 -W ignore:setup.py install is deprecated -W ignore:easy_install command is deprecated setup.py develop --uninstall --editable --build-directory /home/vtcro/car_robot_ws/build/my_robot_pkg/build
[1.227s] Invoking command in '/home/vtcro/car_robot_ws/src/my_robot_pkg': DEBUGINFOD_URLS=https://debuginfod.ubuntu.com PYTHONPATH=/home/vtcro/car_robot_ws/build/my_robot_pkg/prefix_override:/usr/lib/python3/dist-packages/colcon_core/task/python/colcon_distutils_commands:/home/vtcro/car_robot_ws/install/my_robot_pkg/lib/python3.12/site-packages:${PYTHONPATH} /usr/bin/python3 -W ignore:setup.py install is deprecated -W ignore:easy_install command is deprecated setup.py egg_info --egg-base ../../build/my_robot_pkg build --build-base /home/vtcro/car_robot_ws/build/my_robot_pkg/build install --record /home/vtcro/car_robot_ws/build/my_robot_pkg/install.log --single-version-externally-managed install_data --force
[1.457s] running egg_info
[1.476s] writing ../../build/my_robot_pkg/my_robot_pkg.egg-info/PKG-INFO
[1.476s] writing dependency_links to ../../build/my_robot_pkg/my_robot_pkg.egg-info/dependency_links.txt
[1.476s] writing requirements to ../../build/my_robot_pkg/my_robot_pkg.egg-info/requires.txt
[1.476s] writing top-level names to ../../build/my_robot_pkg/my_robot_pkg.egg-info/top_level.txt
[1.513s] reading manifest file '../../build/my_robot_pkg/my_robot_pkg.egg-info/SOURCES.txt'
[1.514s] writing manifest file '../../build/my_robot_pkg/my_robot_pkg.egg-info/SOURCES.txt'
[1.514s] running build
[1.514s] running build_py
[1.514s] creating /home/vtcro/car_robot_ws/build/my_robot_pkg/build
[1.514s] creating /home/vtcro/car_robot_ws/build/my_robot_pkg/build/lib
[1.514s] creating /home/vtcro/car_robot_ws/build/my_robot_pkg/build/lib/my_robot_pkg
[1.514s] copying my_robot_pkg/__init__.py -> /home/vtcro/car_robot_ws/build/my_robot_pkg/build/lib/my_robot_pkg
[1.514s] running install
[1.518s] running install_lib
[1.537s] creating /home/vtcro/car_robot_ws/install/my_robot_pkg/lib/python3.12/site-packages/my_robot_pkg
[1.537s] copying /home/vtcro/car_robot_ws/build/my_robot_pkg/build/lib/my_robot_pkg/__init__.py -> /home/vtcro/car_robot_ws/install/my_robot_pkg/lib/python3.12/site-packages/my_robot_pkg
[1.538s] byte-compiling /home/vtcro/car_robot_ws/install/my_robot_pkg/lib/python3.12/site-packages/my_robot_pkg/__init__.py to __init__.cpython-312.pyc
[1.538s] running install_data
[1.538s] copying resource/my_robot_pkg -> /home/vtcro/car_robot_ws/install/my_robot_pkg/share/ament_index/resource_index/packages
[1.538s] copying package.xml -> /home/vtcro/car_robot_ws/install/my_robot_pkg/share/my_robot_pkg
[1.538s] running install_egg_info
[1.558s] Copying ../../build/my_robot_pkg/my_robot_pkg.egg-info to /home/vtcro/car_robot_ws/install/my_robot_pkg/lib/python3.12/site-packages/my_robot_pkg-0.0.0-py3.12.egg-info
[1.558s] running install_scripts
[1.691s] writing list of installed files to '/home/vtcro/car_robot_ws/build/my_robot_pkg/install.log'
[1.709s] Invoked command in '/home/vtcro/car_robot_ws/src/my_robot_pkg' returned '0': DEBUGINFOD_URLS=https://debuginfod.ubuntu.com PYTHONPATH=/home/vtcro/car_robot_ws/build/my_robot_pkg/prefix_override:/usr/lib/python3/dist-packages/colcon_core/task/python/colcon_distutils_commands:/home/vtcro/car_robot_ws/install/my_robot_pkg/lib/python3.12/site-packages:${PYTHONPATH} /usr/bin/python3 -W ignore:setup.py install is deprecated -W ignore:easy_install command is deprecated setup.py egg_info --egg-base ../../build/my_robot_pkg build --build-base /home/vtcro/car_robot_ws/build/my_robot_pkg/build install --record /home/vtcro/car_robot_ws/build/my_robot_pkg/install.log --single-version-externally-managed install_data --force
