[0.030s] Invoking command in '/home/vtcro/car_robot_ws/build/mini_car_bot': CMAKE_PREFIX_PATH=${CMAKE_PREFIX_PATH}:/home/vtcro/car_robot_ws/install/my_robot_pkg:/opt/ros/jazzy DEBUGINFOD_URLS=https://debuginfod.ubuntu.com /usr/bin/cmake /home/vtcro/car_robot_ws/src/mini_car_bot -DCMAKE_INSTALL_PREFIX=/home/vtcro/car_robot_ws/install/mini_car_bot
[0.210s] -- Found ament_cmake: 2.5.2 (/opt/ros2_jazzy/ros2-linux/share/ament_cmake/cmake)
[0.210s] -- Override CMake install command with custom implementation using symlinks instead of copying resources
[0.210s] -- Found ament_lint_auto: 0.17.1 (/opt/ros2_jazzy/ros2-linux/share/ament_lint_auto/cmake)
[0.278s] -- Added test 'flake8' to check Python code syntax and style conventions
[0.278s] -- Configured 'flake8' exclude dirs and/or files: 
[0.279s] -- Added test 'lint_cmake' to check CMake code style
[0.280s] -- Added test 'pep257' to check Python code against some of the docstring style conventions in PEP 257
[0.285s] -- Added test 'xmllint' to check XML markup files
[0.285s] -- Configuring done (0.2s)
[0.289s] -- Generating done (0.0s)
[0.290s] -- Build files have been written to: /home/vtcro/car_robot_ws/build/mini_car_bot
[0.293s] Invoked command in '/home/vtcro/car_robot_ws/build/mini_car_bot' returned '0': CMAKE_PREFIX_PATH=${CMAKE_PREFIX_PATH}:/home/vtcro/car_robot_ws/install/my_robot_pkg:/opt/ros/jazzy DEBUGINFOD_URLS=https://debuginfod.ubuntu.com /usr/bin/cmake /home/vtcro/car_robot_ws/src/mini_car_bot -DCMAKE_INSTALL_PREFIX=/home/vtcro/car_robot_ws/install/mini_car_bot
[0.294s] Invoking command in '/home/vtcro/car_robot_ws/build/mini_car_bot': CMAKE_PREFIX_PATH=${CMAKE_PREFIX_PATH}:/home/vtcro/car_robot_ws/install/my_robot_pkg:/opt/ros/jazzy DEBUGINFOD_URLS=https://debuginfod.ubuntu.com /usr/bin/cmake --build /home/vtcro/car_robot_ws/build/mini_car_bot -- -j12 -l12
[0.333s] Invoked command in '/home/vtcro/car_robot_ws/build/mini_car_bot' returned '0': CMAKE_PREFIX_PATH=${CMAKE_PREFIX_PATH}:/home/vtcro/car_robot_ws/install/my_robot_pkg:/opt/ros/jazzy DEBUGINFOD_URLS=https://debuginfod.ubuntu.com /usr/bin/cmake --build /home/vtcro/car_robot_ws/build/mini_car_bot -- -j12 -l12
[0.341s] Invoking command in '/home/vtcro/car_robot_ws/build/mini_car_bot': CMAKE_PREFIX_PATH=${CMAKE_PREFIX_PATH}:/home/vtcro/car_robot_ws/install/my_robot_pkg:/opt/ros/jazzy DEBUGINFOD_URLS=https://debuginfod.ubuntu.com /usr/bin/cmake --install /home/vtcro/car_robot_ws/build/mini_car_bot
[0.349s] -- Install configuration: ""
[0.349s] -- Execute custom install script
[0.349s] -- Up-to-date symlink: /home/vtcro/car_robot_ws/install/mini_car_bot/share/mini_car_bot/config/gaz_ros2_ctl_use_sim.yaml
[0.349s] -- Up-to-date symlink: /home/vtcro/car_robot_ws/install/mini_car_bot/share/mini_car_bot/config/gz_bridge.yaml
[0.350s] -- Up-to-date symlink: /home/vtcro/car_robot_ws/install/mini_car_bot/share/mini_car_bot/config/mapper_params_online_async.yaml
[0.350s] -- Up-to-date symlink: /home/vtcro/car_robot_ws/install/mini_car_bot/share/mini_car_bot/config/my_controllers.yaml
[0.350s] -- Up-to-date symlink: /home/vtcro/car_robot_ws/install/mini_car_bot/share/mini_car_bot/config/twist_mux.yaml
[0.350s] -- Up-to-date symlink: /home/vtcro/car_robot_ws/install/mini_car_bot/share/mini_car_bot/config/view_bot.rviz
[0.350s] -- Up-to-date symlink: /home/vtcro/car_robot_ws/install/mini_car_bot/share/mini_car_bot/description/camera.xacro
[0.350s] -- Up-to-date symlink: /home/vtcro/car_robot_ws/install/mini_car_bot/share/mini_car_bot/description/depth_camera.xacro
[0.350s] -- Up-to-date symlink: /home/vtcro/car_robot_ws/install/mini_car_bot/share/mini_car_bot/description/gazebo_control.xacro
[0.350s] -- Up-to-date symlink: /home/vtcro/car_robot_ws/install/mini_car_bot/share/mini_car_bot/description/inertial_macros.xacro
[0.350s] -- Up-to-date symlink: /home/vtcro/car_robot_ws/install/mini_car_bot/share/mini_car_bot/description/lidar.xacro
[0.351s] -- Up-to-date symlink: /home/vtcro/car_robot_ws/install/mini_car_bot/share/mini_car_bot/description/robot.core.xacro
[0.351s] -- Up-to-date symlink: /home/vtcro/car_robot_ws/install/mini_car_bot/share/mini_car_bot/description/robot.urdf.xacro
[0.351s] -- Up-to-date symlink: /home/vtcro/car_robot_ws/install/mini_car_bot/share/mini_car_bot/description/ros2_control.xacro
[0.351s] -- Up-to-date symlink: /home/vtcro/car_robot_ws/install/mini_car_bot/share/mini_car_bot/launch/camera.launch.py
[0.351s] -- Up-to-date symlink: /home/vtcro/car_robot_ws/install/mini_car_bot/share/mini_car_bot/launch/joystick.launch.py
[0.351s] -- Up-to-date symlink: /home/vtcro/car_robot_ws/install/mini_car_bot/share/mini_car_bot/launch/launch_robot.launch.py
[0.351s] -- Up-to-date symlink: /home/vtcro/car_robot_ws/install/mini_car_bot/share/mini_car_bot/launch/launch_sim.launch.py
[0.351s] -- Up-to-date symlink: /home/vtcro/car_robot_ws/install/mini_car_bot/share/mini_car_bot/launch/online_async_launch.py
[0.351s] -- Up-to-date symlink: /home/vtcro/car_robot_ws/install/mini_car_bot/share/mini_car_bot/launch/rplidar.launch.py
[0.351s] -- Up-to-date symlink: /home/vtcro/car_robot_ws/install/mini_car_bot/share/mini_car_bot/launch/rsp.launch.py
[0.352s] -- Up-to-date symlink: /home/vtcro/car_robot_ws/install/mini_car_bot/share/mini_car_bot/worlds/empty.world
[0.352s] -- Up-to-date symlink: /home/vtcro/car_robot_ws/install/mini_car_bot/share/mini_car_bot/worlds/prev_empty.world
[0.352s] -- Up-to-date symlink: /home/vtcro/car_robot_ws/install/mini_car_bot/share/ament_index/resource_index/package_run_dependencies/mini_car_bot
[0.352s] -- Up-to-date symlink: /home/vtcro/car_robot_ws/install/mini_car_bot/share/ament_index/resource_index/parent_prefix_path/mini_car_bot
[0.352s] -- Up-to-date symlink: /home/vtcro/car_robot_ws/install/mini_car_bot/share/mini_car_bot/environment/ament_prefix_path.sh
[0.352s] -- Up-to-date symlink: /home/vtcro/car_robot_ws/install/mini_car_bot/share/mini_car_bot/environment/ament_prefix_path.dsv
[0.352s] -- Up-to-date symlink: /home/vtcro/car_robot_ws/install/mini_car_bot/share/mini_car_bot/environment/path.sh
[0.352s] -- Up-to-date symlink: /home/vtcro/car_robot_ws/install/mini_car_bot/share/mini_car_bot/environment/path.dsv
[0.352s] -- Up-to-date symlink: /home/vtcro/car_robot_ws/install/mini_car_bot/share/mini_car_bot/local_setup.bash
[0.353s] -- Up-to-date symlink: /home/vtcro/car_robot_ws/install/mini_car_bot/share/mini_car_bot/local_setup.sh
[0.353s] -- Up-to-date symlink: /home/vtcro/car_robot_ws/install/mini_car_bot/share/mini_car_bot/local_setup.zsh
[0.353s] -- Up-to-date symlink: /home/vtcro/car_robot_ws/install/mini_car_bot/share/mini_car_bot/local_setup.dsv
[0.353s] -- Symlinking: /home/vtcro/car_robot_ws/install/mini_car_bot/share/mini_car_bot/package.dsv
[0.361s] -- Up-to-date symlink: /home/vtcro/car_robot_ws/install/mini_car_bot/share/ament_index/resource_index/packages/mini_car_bot
[0.361s] -- Up-to-date symlink: /home/vtcro/car_robot_ws/install/mini_car_bot/share/mini_car_bot/cmake/mini_car_botConfig.cmake
[0.362s] -- Up-to-date symlink: /home/vtcro/car_robot_ws/install/mini_car_bot/share/mini_car_bot/cmake/mini_car_botConfig-version.cmake
[0.362s] -- Up-to-date symlink: /home/vtcro/car_robot_ws/install/mini_car_bot/share/mini_car_bot/package.xml
[0.363s] Invoked command in '/home/vtcro/car_robot_ws/build/mini_car_bot' returned '0': CMAKE_PREFIX_PATH=${CMAKE_PREFIX_PATH}:/home/vtcro/car_robot_ws/install/my_robot_pkg:/opt/ros/jazzy DEBUGINFOD_URLS=https://debuginfod.ubuntu.com /usr/bin/cmake --install /home/vtcro/car_robot_ws/build/mini_car_bot
