[0.018s] Invoking command in '/home/vtcro/panda_robot_ws/build/panda_robot_moveit_config': CMAKE_PREFIX_PATH=${CMAKE_PREFIX_PATH}:/home/vtcro/microros_ws/install/sensor_msgs_py:/opt/ros/jazzy DEBUGINFOD_URLS=https://debuginfod.ubuntu.com /usr/bin/cmake /home/vtcro/panda_robot_ws/src/panda_robot_moveit_config -DCMAKE_INSTALL_PREFIX=/home/vtcro/panda_robot_ws/install/panda_robot_moveit_config
[0.032s] -- Found ament_cmake: 2.5.2 (/opt/ros2_jazzy/ros2-linux/share/ament_cmake/cmake)
[0.231s] -- Override CMake install command with custom implementation using symlinks instead of copying resources
[0.315s] -- Configuring done (0.3s)
[0.318s] -- Generating done (0.0s)
[0.320s] -- Build files have been written to: /home/vtcro/panda_robot_ws/build/panda_robot_moveit_config
[0.323s] Invoked command in '/home/vtcro/panda_robot_ws/build/panda_robot_moveit_config' returned '0': CMAKE_PREFIX_PATH=${CMAKE_PREFIX_PATH}:/home/vtcro/microros_ws/install/sensor_msgs_py:/opt/ros/jazzy DEBUGINFOD_URLS=https://debuginfod.ubuntu.com /usr/bin/cmake /home/vtcro/panda_robot_ws/src/panda_robot_moveit_config -DCMAKE_INSTALL_PREFIX=/home/vtcro/panda_robot_ws/install/panda_robot_moveit_config
[0.324s] Invoking command in '/home/vtcro/panda_robot_ws/build/panda_robot_moveit_config': CMAKE_PREFIX_PATH=${CMAKE_PREFIX_PATH}:/home/vtcro/microros_ws/install/sensor_msgs_py:/opt/ros/jazzy DEBUGINFOD_URLS=https://debuginfod.ubuntu.com /usr/bin/cmake --build /home/vtcro/panda_robot_ws/build/panda_robot_moveit_config -- -j12 -l12
[0.377s] Invoked command in '/home/vtcro/panda_robot_ws/build/panda_robot_moveit_config' returned '0': CMAKE_PREFIX_PATH=${CMAKE_PREFIX_PATH}:/home/vtcro/microros_ws/install/sensor_msgs_py:/opt/ros/jazzy DEBUGINFOD_URLS=https://debuginfod.ubuntu.com /usr/bin/cmake --build /home/vtcro/panda_robot_ws/build/panda_robot_moveit_config -- -j12 -l12
[0.390s] Invoking command in '/home/vtcro/panda_robot_ws/build/panda_robot_moveit_config': CMAKE_PREFIX_PATH=${CMAKE_PREFIX_PATH}:/home/vtcro/microros_ws/install/sensor_msgs_py:/opt/ros/jazzy DEBUGINFOD_URLS=https://debuginfod.ubuntu.com /usr/bin/cmake --install /home/vtcro/panda_robot_ws/build/panda_robot_moveit_config
[0.401s] -- Install configuration: ""
[0.402s] -- Execute custom install script
[0.402s] -- Up-to-date symlink: /home/vtcro/panda_robot_ws/install/panda_robot_moveit_config/share/ament_index/resource_index/package_run_dependencies/panda_robot_moveit_config
[0.402s] -- Up-to-date symlink: /home/vtcro/panda_robot_ws/install/panda_robot_moveit_config/share/ament_index/resource_index/parent_prefix_path/panda_robot_moveit_config
[0.402s] -- Up-to-date symlink: /home/vtcro/panda_robot_ws/install/panda_robot_moveit_config/share/panda_robot_moveit_config/environment/ament_prefix_path.sh
[0.402s] -- Up-to-date symlink: /home/vtcro/panda_robot_ws/install/panda_robot_moveit_config/share/panda_robot_moveit_config/environment/ament_prefix_path.dsv
[0.402s] -- Up-to-date symlink: /home/vtcro/panda_robot_ws/install/panda_robot_moveit_config/share/panda_robot_moveit_config/environment/path.sh
[0.402s] -- Up-to-date symlink: /home/vtcro/panda_robot_ws/install/panda_robot_moveit_config/share/panda_robot_moveit_config/environment/path.dsv
[0.403s] -- Up-to-date symlink: /home/vtcro/panda_robot_ws/install/panda_robot_moveit_config/share/panda_robot_moveit_config/local_setup.bash
[0.403s] -- Up-to-date symlink: /home/vtcro/panda_robot_ws/install/panda_robot_moveit_config/share/panda_robot_moveit_config/local_setup.sh
[0.403s] -- Up-to-date symlink: /home/vtcro/panda_robot_ws/install/panda_robot_moveit_config/share/panda_robot_moveit_config/local_setup.zsh
[0.403s] -- Up-to-date symlink: /home/vtcro/panda_robot_ws/install/panda_robot_moveit_config/share/panda_robot_moveit_config/local_setup.dsv
[0.403s] -- Symlinking: /home/vtcro/panda_robot_ws/install/panda_robot_moveit_config/share/panda_robot_moveit_config/package.dsv
[0.416s] -- Up-to-date symlink: /home/vtcro/panda_robot_ws/install/panda_robot_moveit_config/share/ament_index/resource_index/packages/panda_robot_moveit_config
[0.416s] -- Up-to-date symlink: /home/vtcro/panda_robot_ws/install/panda_robot_moveit_config/share/panda_robot_moveit_config/cmake/panda_robot_moveit_configConfig.cmake
[0.417s] -- Up-to-date symlink: /home/vtcro/panda_robot_ws/install/panda_robot_moveit_config/share/panda_robot_moveit_config/cmake/panda_robot_moveit_configConfig-version.cmake
[0.417s] -- Up-to-date symlink: /home/vtcro/panda_robot_ws/install/panda_robot_moveit_config/share/panda_robot_moveit_config/package.xml
[0.417s] -- Up-to-date symlink: /home/vtcro/panda_robot_ws/install/panda_robot_moveit_config/share/panda_robot_moveit_config/launch/demo.launch.py
[0.417s] -- Up-to-date symlink: /home/vtcro/panda_robot_ws/install/panda_robot_moveit_config/share/panda_robot_moveit_config/launch/display.launch.py
[0.417s] -- Up-to-date symlink: /home/vtcro/panda_robot_ws/install/panda_robot_moveit_config/share/panda_robot_moveit_config/launch/move_group.launch.py
[0.417s] -- Up-to-date symlink: /home/vtcro/panda_robot_ws/install/panda_robot_moveit_config/share/panda_robot_moveit_config/launch/moveit_rviz.launch.py
[0.417s] -- Up-to-date symlink: /home/vtcro/panda_robot_ws/install/panda_robot_moveit_config/share/panda_robot_moveit_config/launch/robot_model_and_robot_state_tutorial.launch.py
[0.417s] -- Up-to-date symlink: /home/vtcro/panda_robot_ws/install/panda_robot_moveit_config/share/panda_robot_moveit_config/launch/rsp.launch.py
[0.418s] -- Up-to-date symlink: /home/vtcro/panda_robot_ws/install/panda_robot_moveit_config/share/panda_robot_moveit_config/launch/setup_assistant.launch.py
[0.418s] -- Up-to-date symlink: /home/vtcro/panda_robot_ws/install/panda_robot_moveit_config/share/panda_robot_moveit_config/launch/spawn_controllers.launch.py
[0.418s] -- Up-to-date symlink: /home/vtcro/panda_robot_ws/install/panda_robot_moveit_config/share/panda_robot_moveit_config/launch/static_virtual_joint_tfs.launch.py
[0.418s] -- Up-to-date symlink: /home/vtcro/panda_robot_ws/install/panda_robot_moveit_config/share/panda_robot_moveit_config/launch/warehouse_db.launch.py
[0.418s] -- Up-to-date symlink: /home/vtcro/panda_robot_ws/install/panda_robot_moveit_config/share/panda_robot_moveit_config/config/initial_positions.yaml
[0.418s] -- Up-to-date symlink: /home/vtcro/panda_robot_ws/install/panda_robot_moveit_config/share/panda_robot_moveit_config/config/joint_limits.yaml
[0.419s] -- Up-to-date symlink: /home/vtcro/panda_robot_ws/install/panda_robot_moveit_config/share/panda_robot_moveit_config/config/kinematics.yaml
[0.419s] -- Up-to-date symlink: /home/vtcro/panda_robot_ws/install/panda_robot_moveit_config/share/panda_robot_moveit_config/config/moveit.rviz
[0.419s] -- Up-to-date symlink: /home/vtcro/panda_robot_ws/install/panda_robot_moveit_config/share/panda_robot_moveit_config/config/moveit_controllers.yaml
[0.419s] -- Up-to-date symlink: /home/vtcro/panda_robot_ws/install/panda_robot_moveit_config/share/panda_robot_moveit_config/config/panda.ros2_control.xacro
[0.419s] -- Up-to-date symlink: /home/vtcro/panda_robot_ws/install/panda_robot_moveit_config/share/panda_robot_moveit_config/config/panda.srdf
[0.419s] -- Up-to-date symlink: /home/vtcro/panda_robot_ws/install/panda_robot_moveit_config/share/panda_robot_moveit_config/config/panda.urdf.xacro
[0.419s] -- Up-to-date symlink: /home/vtcro/panda_robot_ws/install/panda_robot_moveit_config/share/panda_robot_moveit_config/config/pilz_cartesian_limits.yaml
[0.419s] -- Up-to-date symlink: /home/vtcro/panda_robot_ws/install/panda_robot_moveit_config/share/panda_robot_moveit_config/config/ros2_controllers.yaml
[0.420s] -- Up-to-date symlink: /home/vtcro/panda_robot_ws/install/panda_robot_moveit_config/share/panda_robot_moveit_config/.setup_assistant
[0.422s] Invoked command in '/home/vtcro/panda_robot_ws/build/panda_robot_moveit_config' returned '0': CMAKE_PREFIX_PATH=${CMAKE_PREFIX_PATH}:/home/vtcro/microros_ws/install/sensor_msgs_py:/opt/ros/jazzy DEBUGINFOD_URLS=https://debuginfod.ubuntu.com /usr/bin/cmake --install /home/vtcro/panda_robot_ws/build/panda_robot_moveit_config
