[0.029s] Invoking command in '/home/vtcro/robogamescode/dingo_ws/build/dingo_servo_interfacing': DEBUGINFOD_URLS=https://debuginfod.ubuntu.com /usr/bin/cmake /home/vtcro/robogamescode/dingo_ws/src/dingo_hardware_interfacing/dingo_servo_interfacing -DCATKIN_INSTALL_INTO_PREFIX_ROOT=0 -DCMAKE_INSTALL_PREFIX=/home/vtcro/robogamescode/dingo_ws/install/dingo_servo_interfacing
[0.036s] [0mCMake Deprecation Warning at CMakeLists.txt:1 (cmake_minimum_required):
[0.036s]   Compatibility with CMake < 3.5 will be removed from a future version of
[0.036s]   CMake.
[0.036s] 
[0.037s]   Update the VERSION argument <min> value or use a ...<max> suffix to tell
[0.037s]   CMake that the project does not need compatibility with older versions.
[0.037s] 
[0.037s] [0m
[0.088s] -- The C compiler identification is GNU 13.3.0
[0.152s] -- The CXX compiler identification is GNU 13.3.0
[0.169s] -- Detecting C compiler ABI info
[0.262s] -- Detecting C compiler ABI info - done
[0.273s] -- Check for working C compiler: /usr/bin/cc - skipped
[0.273s] -- Detecting C compile features
[0.274s] -- Detecting C compile features - done
[0.286s] -- Detecting CXX compiler ABI info
[0.385s] -- Detecting CXX compiler ABI info - done
[0.393s] -- Check for working CXX compiler: /usr/bin/c++ - skipped
[0.394s] -- Detecting CXX compile features
[0.394s] -- Detecting CXX compile features - done
[0.413s] -- Configuring incomplete, errors occurred!
[0.413s] [31mCMake Error at CMakeLists.txt:10 (find_package):
[0.413s]   By not providing "Findcatkin.cmake" in CMAKE_MODULE_PATH this project has
[0.413s]   asked CMake to find a package configuration file provided by "catkin", but
[0.413s]   CMake did not find one.
[0.414s] 
[0.414s]   Could not find a package configuration file provided by "catkin" with any
[0.414s]   of the following names:
[0.414s] 
[0.414s]     catkinConfig.cmake
[0.414s]     catkin-config.cmake
[0.414s] 
[0.414s]   Add the installation prefix of "catkin" to CMAKE_PREFIX_PATH or set
[0.414s]   "catkin_DIR" to a directory containing one of the above files.  If "catkin"
[0.414s]   provides a separate development package or SDK, be sure it has been
[0.414s]   installed.
[0.414s] 
[0.414s] [0m
[0.421s] Invoked command in '/home/vtcro/robogamescode/dingo_ws/build/dingo_servo_interfacing' returned '1': DEBUGINFOD_URLS=https://debuginfod.ubuntu.com /usr/bin/cmake /home/vtcro/robogamescode/dingo_ws/src/dingo_hardware_interfacing/dingo_servo_interfacing -DCATKIN_INSTALL_INTO_PREFIX_ROOT=0 -DCMAKE_INSTALL_PREFIX=/home/vtcro/robogamescode/dingo_ws/install/dingo_servo_interfacing
