[0.029s] Invoking command in '/home/houndsito/DingoQuadruped/dingo_ws/build/dingo_control': DEBUGINFOD_URLS=https://debuginfod.ubuntu.com /usr/bin/cmake /home/houndsito/DingoQuadruped/dingo_ws/src/dingo_control -DCATKIN_INSTALL_INTO_PREFIX_ROOT=0 -DCMAKE_INSTALL_PREFIX=/home/houndsito/DingoQuadruped/dingo_ws/install/dingo_control
[0.055s] [0mCMake Deprecation Warning at CMakeLists.txt:1 (cmake_minimum_required):
[0.055s]   Compatibility with CMake < 3.5 will be removed from a future version of
[0.055s]   CMake.
[0.055s] 
[0.055s]   Update the VERSION argument <min> value or use a ...<max> suffix to tell
[0.055s]   CMake that the project does not need compatibility with older versions.
[0.055s] 
[0.056s] [0m
[0.175s] -- The C compiler identification is GNU 13.3.0
[0.271s] -- The CXX compiler identification is GNU 13.3.0
[0.292s] -- Detecting C compiler ABI info
[0.384s] -- Detecting C compiler ABI info - done
[0.393s] -- Check for working C compiler: /usr/bin/cc - skipped
[0.393s] -- Detecting C compile features
[0.393s] -- Detecting C compile features - done
[0.402s] -- Detecting CXX compiler ABI info
[0.498s] -- Detecting CXX compiler ABI info - done
[0.505s] -- Check for working CXX compiler: /usr/bin/c++ - skipped
[0.506s] -- Detecting CXX compile features
[0.506s] -- Detecting CXX compile features - done
[0.524s] [31mCMake Error at CMakeLists.txt:10 (find_package):
[0.524s]   By not providing "Findcatkin.cmake" in CMAKE_MODULE_PATH this project has
[0.524s]   asked CMake to find a package configuration file provided by "catkin", but
[0.524s]   CMake did not find one.
[0.524s] 
[0.524s]   Could not find a package configuration file provided by "catkin" with any
[0.524s]   of the following names:
[0.524s] 
[0.524s]     catkinConfig.cmake
[0.524s]     catkin-config.cmake
[0.524s] 
[0.524s]   Add the installation prefix of "catkin" to CMAKE_PREFIX_PATH or set
[0.524s]   "catkin_DIR" to a directory containing one of the above files.  If "catkin"
[0.525s]   provides a separate development package or SDK, be sure it has been
[0.525s]   installed.
[0.525s] 
[0.525s] [0m
[0.525s] -- Configuring incomplete, errors occurred!
[0.533s] Invoked command in '/home/houndsito/DingoQuadruped/dingo_ws/build/dingo_control' returned '1': DEBUGINFOD_URLS=https://debuginfod.ubuntu.com /usr/bin/cmake /home/houndsito/DingoQuadruped/dingo_ws/src/dingo_control -DCATKIN_INSTALL_INTO_PREFIX_ROOT=0 -DCMAKE_INSTALL_PREFIX=/home/houndsito/DingoQuadruped/dingo_ws/install/dingo_control
