[0.000000] (-) TimerEvent: {}
[0.000153] (leg1_description) JobQueued: {'identifier': 'leg1_description', 'dependencies': OrderedDict()}
[0.000189] (leg1_description) JobStarted: {'identifier': 'leg1_description'}
[0.099072] (-) TimerEvent: {}
[0.199375] (-) TimerEvent: {}
[0.299639] (-) TimerEvent: {}
[0.399972] (-) TimerEvent: {}
[0.500255] (-) TimerEvent: {}
[0.600533] (-) TimerEvent: {}
[0.629014] (leg1_description) Command: {'cmd': ['/usr/bin/python3', '-W', 'ignore:setup.py install is deprecated', '-W', 'ignore:easy_install command is deprecated', 'setup.py', 'egg_info', '--egg-base', '../../../build/leg1_description', 'build', '--build-base', '/home/houndsito/vt-cro/robogamescode/leg1_ws/build/leg1_description/build', 'install', '--record', '/home/houndsito/vt-cro/robogamescode/leg1_ws/build/leg1_description/install.log', '--single-version-externally-managed', 'install_data'], 'cwd': '/home/houndsito/vt-cro/robogamescode/leg1_ws/src/leg/leg1_description', 'env': {'USER': 'houndsito', 'GZ_CONFIG_PATH': '/opt/ros/jazzy/opt/gz_sim_vendor/share/gz:/opt/ros/jazzy/opt/sdformat_vendor/share/gz:/opt/ros/jazzy/opt/gz_gui_vendor/share/gz:/opt/ros/jazzy/opt/gz_transport_vendor/share/gz:/opt/ros/jazzy/opt/gz_rendering_vendor/share/gz:/opt/ros/jazzy/opt/gz_plugin_vendor/share/gz:/opt/ros/jazzy/opt/gz_fuel_tools_vendor/share/gz:/opt/ros/jazzy/opt/gz_msgs_vendor/share/gz:/opt/ros/jazzy/opt/gz_common_vendor/share/gz', 'XDG_SESSION_TYPE': 'x11', 'SHLVL': '2', 'LD_LIBRARY_PATH': '/opt/ros/jazzy/opt/gz_sim_vendor/lib:/opt/ros/jazzy/opt/gz_sensors_vendor/lib:/opt/ros/jazzy/opt/gz_physics_vendor/lib:/opt/ros/jazzy/opt/sdformat_vendor/lib:/opt/ros/jazzy/opt/rviz_ogre_vendor/lib:/opt/ros/jazzy/lib/x86_64-linux-gnu:/opt/ros/jazzy/opt/gz_gui_vendor/lib:/opt/ros/jazzy/opt/gz_transport_vendor/lib:/opt/ros/jazzy/opt/gz_rendering_vendor/lib:/opt/ros/jazzy/opt/gz_plugin_vendor/lib:/opt/ros/jazzy/opt/gz_fuel_tools_vendor/lib:/opt/ros/jazzy/opt/gz_msgs_vendor/lib:/opt/ros/jazzy/opt/gz_common_vendor/lib:/opt/ros/jazzy/opt/gz_math_vendor/lib:/opt/ros/jazzy/opt/gz_utils_vendor/lib:/opt/ros/jazzy/opt/gz_tools_vendor/lib:/opt/ros/jazzy/opt/gz_ogre_next_vendor/lib:/opt/ros/jazzy/opt/gz_dartsim_vendor/lib:/opt/ros/jazzy/opt/gz_cmake_vendor/lib:/opt/ros/jazzy/lib', 'HOME': '/home/houndsito', 'DESKTOP_SESSION': 'ubuntu', 'ROS_PYTHON_VERSION': '3', 'GNOME_SHELL_SESSION_MODE': 'ubuntu', 'GTK_MODULES': 'gail:atk-bridge', 'SYSTEMD_EXEC_PID': '2958', 'GSM_SKIP_SSH_AGENT_WORKAROUND': 'true', 'DBUS_SESSION_BUS_ADDRESS': 'unix:path=/run/user/1000/bus', 'COLORTERM': 'truecolor', 'GNOME_KEYRING_CONTROL': '/run/user/1000/keyring', 'DEBUGINFOD_URLS': 'https://debuginfod.ubuntu.com', 'OMF_PATH': '/home/houndsito/.local/share/omf', 'ROS_DISTRO': 'jazzy', 'LOGNAME': 'houndsito', '_': '/usr/bin/colcon', 'ROS_VERSION': '2', 'MEMORY_PRESSURE_WATCH': '/sys/fs/cgroup/user.slice/user-1000.slice/user@1000.service/session.slice/org.gnome.SettingsDaemon.MediaKeys.service/memory.pressure', 'XDG_SESSION_CLASS': 'user', 'USERNAME': 'houndsito', 'TERM': 'xterm-256color', 'GNOME_DESKTOP_SESSION_ID': 'this-is-deprecated', 'WINDOWPATH': '2', 'PATH': '/opt/ros/jazzy/opt/gz_msgs_vendor/bin:/opt/ros/jazzy/opt/gz_tools_vendor/bin:/opt/ros/jazzy/opt/gz_ogre_next_vendor/bin:/opt/ros/jazzy/bin:/home/houndsito/.local/bin:/home/houndsito/bin:/usr/local/sbin:/usr/local/bin:/usr/sbin:/usr/bin:/sbin:/bin:/usr/games:/usr/local/games:/snap/bin:/snap/bin', 'SESSION_MANAGER': 'local/DPM:@/tmp/.ICE-unix/2759,unix/DPM:/tmp/.ICE-unix/2759', 'XDG_MENU_PREFIX': 'gnome-', 'GNOME_TERMINAL_SCREEN': '/org/gnome/Terminal/screen/3dde921d_9396_4c6a_a076_94d52b778fbf', 'XDG_RUNTIME_DIR': '/run/user/1000', 'DISPLAY': ':1', 'LANG': 'en_US.UTF-8', 'XDG_CURRENT_DESKTOP': 'ubuntu:GNOME', 'XMODIFIERS': '@im=ibus', 'XDG_SESSION_DESKTOP': 'ubuntu', 'XAUTHORITY': '/run/user/1000/gdm/Xauthority', 'GNOME_TERMINAL_SERVICE': ':1.163', 'SSH_AUTH_SOCK': '/run/user/1000/keyring/ssh', 'AMENT_PREFIX_PATH': '/opt/ros/jazzy', 'SHELL': '/usr/bin/fish', 'QT_ACCESSIBILITY': '1', 'GDMSESSION': 'ubuntu', 'GPG_AGENT_INFO': '/run/user/1000/gnupg/S.gpg-agent:0:1', 'ROS_AUTOMATIC_DISCOVERY_RANGE': 'SUBNET', 'QT_IM_MODULE': 'ibus', 'PWD': '/home/houndsito/vt-cro/robogamescode/leg1_ws/build/leg1_description', 'LC_ALL': 'en_US.UTF-8', 'XDG_CONFIG_DIRS': '/etc/xdg/xdg-ubuntu:/etc/xdg', 'XDG_DATA_DIRS': '/usr/share/ubuntu:/usr/share/gnome:/usr/local/share/:/usr/share/:/var/lib/snapd/desktop', 'OMF_CONFIG': '/home/houndsito/.config/omf', 'PYTHONPATH': '/home/houndsito/vt-cro/robogamescode/leg1_ws/build/leg1_description/prefix_override:/usr/lib/python3/dist-packages/colcon_core/task/python/colcon_distutils_commands:/home/houndsito/vt-cro/robogamescode/leg1_ws/install/leg1_description/lib/python3.12/site-packages:/opt/ros/jazzy/lib/python3.12/site-packages', 'COLCON': '1', 'MEMORY_PRESSURE_WRITE': 'c29tZSAyMDAwMDAgMjAwMDAwMAA=', 'VTE_VERSION': '7600', 'CMAKE_PREFIX_PATH': '/opt/ros/jazzy/opt/gz_sim_vendor:/opt/ros/jazzy/opt/gz_sensors_vendor:/opt/ros/jazzy/opt/gz_physics_vendor:/opt/ros/jazzy/opt/sdformat_vendor:/opt/ros/jazzy/opt/gz_gui_vendor:/opt/ros/jazzy/opt/gz_transport_vendor:/opt/ros/jazzy/opt/gz_rendering_vendor:/opt/ros/jazzy/opt/gz_plugin_vendor:/opt/ros/jazzy/opt/gz_fuel_tools_vendor:/opt/ros/jazzy/opt/gz_msgs_vendor:/opt/ros/jazzy/opt/gz_common_vendor:/opt/ros/jazzy/opt/gz_math_vendor:/opt/ros/jazzy/opt/gz_utils_vendor:/opt/ros/jazzy/opt/gz_tools_vendor:/opt/ros/jazzy/opt/gz_ogre_next_vendor:/opt/ros/jazzy/opt/gz_dartsim_vendor:/opt/ros/jazzy/opt/gz_cmake_vendor'}, 'shell': False}
[0.700613] (-) TimerEvent: {}
[0.800855] (-) TimerEvent: {}
[0.832763] (leg1_description) StdoutLine: {'line': b'running egg_info\n'}
[0.833024] (leg1_description) StdoutLine: {'line': b'creating ../../../build/leg1_description/leg1_description.egg-info\n'}
[0.847217] (leg1_description) StdoutLine: {'line': b'writing ../../../build/leg1_description/leg1_description.egg-info/PKG-INFO\n'}
[0.847448] (leg1_description) StdoutLine: {'line': b'writing dependency_links to ../../../build/leg1_description/leg1_description.egg-info/dependency_links.txt\n'}
[0.847656] (leg1_description) StdoutLine: {'line': b'writing requirements to ../../../build/leg1_description/leg1_description.egg-info/requires.txt\n'}
[0.847776] (leg1_description) StdoutLine: {'line': b'writing top-level names to ../../../build/leg1_description/leg1_description.egg-info/top_level.txt\n'}
[0.848006] (leg1_description) StdoutLine: {'line': b"writing manifest file '../../../build/leg1_description/leg1_description.egg-info/SOURCES.txt'\n"}
[0.878313] (leg1_description) StdoutLine: {'line': b"reading manifest file '../../../build/leg1_description/leg1_description.egg-info/SOURCES.txt'\n"}
[0.878644] (leg1_description) StdoutLine: {'line': b"writing manifest file '../../../build/leg1_description/leg1_description.egg-info/SOURCES.txt'\n"}
[0.878919] (leg1_description) StdoutLine: {'line': b'running build\n'}
[0.879066] (leg1_description) StdoutLine: {'line': b'running build_py\n'}
[0.879171] (leg1_description) StdoutLine: {'line': b'creating /home/houndsito/vt-cro/robogamescode/leg1_ws/build/leg1_description/build\n'}
[0.879354] (leg1_description) StdoutLine: {'line': b'creating /home/houndsito/vt-cro/robogamescode/leg1_ws/build/leg1_description/build/lib\n'}
[0.879462] (leg1_description) StdoutLine: {'line': b'creating /home/houndsito/vt-cro/robogamescode/leg1_ws/build/leg1_description/build/lib/leg1_description\n'}
[0.879556] (leg1_description) StdoutLine: {'line': b'copying leg1_description/__init__.py -> /home/houndsito/vt-cro/robogamescode/leg1_ws/build/leg1_description/build/lib/leg1_description\n'}
[0.879650] (leg1_description) StdoutLine: {'line': b'running install\n'}
[0.883584] (leg1_description) StdoutLine: {'line': b'running install_lib\n'}
[0.898626] (leg1_description) StdoutLine: {'line': b'creating /home/houndsito/vt-cro/robogamescode/leg1_ws/install/leg1_description/lib/python3.12/site-packages/leg1_description\n'}
[0.898871] (leg1_description) StdoutLine: {'line': b'copying /home/houndsito/vt-cro/robogamescode/leg1_ws/build/leg1_description/build/lib/leg1_description/__init__.py -> /home/houndsito/vt-cro/robogamescode/leg1_ws/install/leg1_description/lib/python3.12/site-packages/leg1_description\n'}
[0.899189] (leg1_description) StdoutLine: {'line': b'byte-compiling /home/houndsito/vt-cro/robogamescode/leg1_ws/install/leg1_description/lib/python3.12/site-packages/leg1_description/__init__.py to __init__.cpython-312.pyc\n'}
[0.899372] (leg1_description) StdoutLine: {'line': b'running install_data\n'}
[0.899492] (leg1_description) StdoutLine: {'line': b'creating /home/houndsito/vt-cro/robogamescode/leg1_ws/install/leg1_description/share/ament_index\n'}
[0.899598] (leg1_description) StdoutLine: {'line': b'creating /home/houndsito/vt-cro/robogamescode/leg1_ws/install/leg1_description/share/ament_index/resource_index\n'}
[0.899697] (leg1_description) StdoutLine: {'line': b'creating /home/houndsito/vt-cro/robogamescode/leg1_ws/install/leg1_description/share/ament_index/resource_index/packages\n'}
[0.899904] (leg1_description) StdoutLine: {'line': b'copying resource/leg1_description -> /home/houndsito/vt-cro/robogamescode/leg1_ws/install/leg1_description/share/ament_index/resource_index/packages\n'}
[0.900029] (leg1_description) StdoutLine: {'line': b'copying package.xml -> /home/houndsito/vt-cro/robogamescode/leg1_ws/install/leg1_description/share/leg1_description\n'}
[0.900109] (leg1_description) StdoutLine: {'line': b'creating /home/houndsito/vt-cro/robogamescode/leg1_ws/install/leg1_description/share/leg1_description/launch\n'}
[0.900153] (leg1_description) StdoutLine: {'line': b'copying launch/gazebo.launch.py -> /home/houndsito/vt-cro/robogamescode/leg1_ws/install/leg1_description/share/leg1_description/launch\n'}
[0.900196] (leg1_description) StdoutLine: {'line': b'copying launch/display.launch.py -> /home/houndsito/vt-cro/robogamescode/leg1_ws/install/leg1_description/share/leg1_description/launch\n'}
[0.900240] (leg1_description) StdoutLine: {'line': b'creating /home/houndsito/vt-cro/robogamescode/leg1_ws/install/leg1_description/share/leg1_description/urdf\n'}
[0.900290] (leg1_description) StdoutLine: {'line': b'copying urdf/leg1.trans -> /home/houndsito/vt-cro/robogamescode/leg1_ws/install/leg1_description/share/leg1_description/urdf\n'}
[0.900333] (leg1_description) StdoutLine: {'line': b'copying urdf/leg1.xacro -> /home/houndsito/vt-cro/robogamescode/leg1_ws/install/leg1_description/share/leg1_description/urdf\n'}
[0.900383] (leg1_description) StdoutLine: {'line': b'copying urdf/leg1.gazebo -> /home/houndsito/vt-cro/robogamescode/leg1_ws/install/leg1_description/share/leg1_description/urdf\n'}
[0.900452] (leg1_description) StdoutLine: {'line': b'copying urdf/install -> /home/houndsito/vt-cro/robogamescode/leg1_ws/install/leg1_description/share/leg1_description/urdf\n'}
[0.900498] (leg1_description) StdoutLine: {'line': b'copying urdf/materials.xacro -> /home/houndsito/vt-cro/robogamescode/leg1_ws/install/leg1_description/share/leg1_description/urdf\n'}
[0.900542] (leg1_description) StdoutLine: {'line': b'copying urdf/leg1.sdf -> /home/houndsito/vt-cro/robogamescode/leg1_ws/install/leg1_description/share/leg1_description/urdf\n'}
[0.900584] (leg1_description) StdoutLine: {'line': b'copying urdf/leg1.urdf -> /home/houndsito/vt-cro/robogamescode/leg1_ws/install/leg1_description/share/leg1_description/urdf\n'}
[0.900627] (leg1_description) StdoutLine: {'line': b'copying urdf/leg1_original.xacro -> /home/houndsito/vt-cro/robogamescode/leg1_ws/install/leg1_description/share/leg1_description/urdf\n'}
[0.900686] (leg1_description) StdoutLine: {'line': b'creating /home/houndsito/vt-cro/robogamescode/leg1_ws/install/leg1_description/share/leg1_description/meshes\n'}
[0.900730] (leg1_description) StdoutLine: {'line': b'copying meshes/driveleg_1.stl -> /home/houndsito/vt-cro/robogamescode/leg1_ws/install/leg1_description/share/leg1_description/meshes\n'}
[0.900800] (leg1_description) StdoutLine: {'line': b'copying meshes/sphere_1.stl -> /home/houndsito/vt-cro/robogamescode/leg1_ws/install/leg1_description/share/leg1_description/meshes\n'}
[0.900845] (-) TimerEvent: {}
[0.901185] (leg1_description) StdoutLine: {'line': b'copying meshes/upperleg_1.stl -> /home/houndsito/vt-cro/robogamescode/leg1_ws/install/leg1_description/share/leg1_description/meshes\n'}
[0.901276] (leg1_description) StdoutLine: {'line': b'copying meshes/base_link.stl -> /home/houndsito/vt-cro/robogamescode/leg1_ws/install/leg1_description/share/leg1_description/meshes\n'}
[0.901461] (leg1_description) StdoutLine: {'line': b'copying meshes/lowerleg_1.stl -> /home/houndsito/vt-cro/robogamescode/leg1_ws/install/leg1_description/share/leg1_description/meshes\n'}
[0.901919] (leg1_description) StdoutLine: {'line': b'creating /home/houndsito/vt-cro/robogamescode/leg1_ws/install/leg1_description/share/leg1_description/config\n'}
[0.902044] (leg1_description) StdoutLine: {'line': b'copying config/display.rviz -> /home/houndsito/vt-cro/robogamescode/leg1_ws/install/leg1_description/share/leg1_description/config\n'}
[0.902135] (leg1_description) StdoutLine: {'line': b'running install_egg_info\n'}
[0.918676] (leg1_description) StdoutLine: {'line': b'Copying ../../../build/leg1_description/leg1_description.egg-info to /home/houndsito/vt-cro/robogamescode/leg1_ws/install/leg1_description/lib/python3.12/site-packages/leg1_description-0.0.0-py3.12.egg-info\n'}
[0.919291] (leg1_description) StdoutLine: {'line': b'running install_scripts\n'}
[1.000975] (-) TimerEvent: {}
[1.021654] (leg1_description) StdoutLine: {'line': b"writing list of installed files to '/home/houndsito/vt-cro/robogamescode/leg1_ws/build/leg1_description/install.log'\n"}
[1.044573] (leg1_description) CommandEnded: {'returncode': 0}
[1.051157] (leg1_description) JobEnded: {'identifier': 'leg1_description', 'rc': 0}
[1.052070] (-) EventReactorShutdown: {}
