[0.192s] Invoking command in '/home/vtcro/car_robot_ws/build/my_robot_pkg2': CMAKE_PREFIX_PATH=${CMAKE_PREFIX_PATH}:/home/vtcro/car_robot_ws/install/my_robot_pkg:/opt/ros/jazzy DEBUGINFOD_URLS=https://debuginfod.ubuntu.com /usr/bin/cmake --build /home/vtcro/car_robot_ws/build/my_robot_pkg2 -- -j12 -l12
[0.235s] Invoked command in '/home/vtcro/car_robot_ws/build/my_robot_pkg2' returned '0': CMAKE_PREFIX_PATH=${CMAKE_PREFIX_PATH}:/home/vtcro/car_robot_ws/install/my_robot_pkg:/opt/ros/jazzy DEBUGINFOD_URLS=https://debuginfod.ubuntu.com /usr/bin/cmake --build /home/vtcro/car_robot_ws/build/my_robot_pkg2 -- -j12 -l12
[0.236s] Invoking command in '/home/vtcro/car_robot_ws/build/my_robot_pkg2': CMAKE_PREFIX_PATH=${CMAKE_PREFIX_PATH}:/home/vtcro/car_robot_ws/install/my_robot_pkg:/opt/ros/jazzy DEBUGINFOD_URLS=https://debuginfod.ubuntu.com /usr/bin/cmake --install /home/vtcro/car_robot_ws/build/my_robot_pkg2
[0.244s] -- Install configuration: ""
[0.245s] -- Execute custom install script
[0.245s] -- Up-to-date symlink: /home/vtcro/car_robot_ws/install/my_robot_pkg2/share/ament_index/resource_index/package_run_dependencies/my_robot_pkg2
[0.245s] -- Up-to-date symlink: /home/vtcro/car_robot_ws/install/my_robot_pkg2/share/ament_index/resource_index/parent_prefix_path/my_robot_pkg2
[0.245s] -- Up-to-date symlink: /home/vtcro/car_robot_ws/install/my_robot_pkg2/share/my_robot_pkg2/environment/ament_prefix_path.sh
[0.245s] -- Up-to-date symlink: /home/vtcro/car_robot_ws/install/my_robot_pkg2/share/my_robot_pkg2/environment/ament_prefix_path.dsv
[0.245s] -- Up-to-date symlink: /home/vtcro/car_robot_ws/install/my_robot_pkg2/share/my_robot_pkg2/environment/path.sh
[0.245s] -- Up-to-date symlink: /home/vtcro/car_robot_ws/install/my_robot_pkg2/share/my_robot_pkg2/environment/path.dsv
[0.245s] -- Up-to-date symlink: /home/vtcro/car_robot_ws/install/my_robot_pkg2/share/my_robot_pkg2/local_setup.bash
[0.246s] -- Up-to-date symlink: /home/vtcro/car_robot_ws/install/my_robot_pkg2/share/my_robot_pkg2/local_setup.sh
[0.246s] -- Up-to-date symlink: /home/vtcro/car_robot_ws/install/my_robot_pkg2/share/my_robot_pkg2/local_setup.zsh
[0.246s] -- Up-to-date symlink: /home/vtcro/car_robot_ws/install/my_robot_pkg2/share/my_robot_pkg2/local_setup.dsv
[0.246s] -- Symlinking: /home/vtcro/car_robot_ws/install/my_robot_pkg2/share/my_robot_pkg2/package.dsv
[0.255s] -- Up-to-date symlink: /home/vtcro/car_robot_ws/install/my_robot_pkg2/share/ament_index/resource_index/packages/my_robot_pkg2
[0.255s] -- Up-to-date symlink: /home/vtcro/car_robot_ws/install/my_robot_pkg2/share/my_robot_pkg2/cmake/my_robot_pkg2Config.cmake
[0.255s] -- Up-to-date symlink: /home/vtcro/car_robot_ws/install/my_robot_pkg2/share/my_robot_pkg2/cmake/my_robot_pkg2Config-version.cmake
[0.255s] -- Up-to-date symlink: /home/vtcro/car_robot_ws/install/my_robot_pkg2/share/my_robot_pkg2/package.xml
[0.257s] Invoked command in '/home/vtcro/car_robot_ws/build/my_robot_pkg2' returned '0': CMAKE_PREFIX_PATH=${CMAKE_PREFIX_PATH}:/home/vtcro/car_robot_ws/install/my_robot_pkg:/opt/ros/jazzy DEBUGINFOD_URLS=https://debuginfod.ubuntu.com /usr/bin/cmake --install /home/vtcro/car_robot_ws/build/my_robot_pkg2
