[0.028s] Invoking command in '/home/houndsito/DingoQuadruped/dingo_ws/build/dingo_description': DEBUGINFOD_URLS=https://debuginfod.ubuntu.com /usr/bin/cmake /home/houndsito/DingoQuadruped/dingo_ws/src/dingo_description -DCATKIN_INSTALL_INTO_PREFIX_ROOT=0 -DCMAKE_INSTALL_PREFIX=/home/houndsito/DingoQuadruped/dingo_ws/install/dingo_description
[0.055s] [0mCMake Deprecation Warning at CMakeLists.txt:1 (cmake_minimum_required):
[0.055s]   Compatibility with CMake < 3.5 will be removed from a future version of
[0.055s]   CMake.
[0.055s] 
[0.056s]   Update the VERSION argument <min> value or use a ...<max> suffix to tell
[0.056s]   CMake that the project does not need compatibility with older versions.
[0.056s] 
[0.056s] [0m
[0.171s] -- The C compiler identification is GNU 13.3.0
[0.268s] -- The CXX compiler identification is GNU 13.3.0
[0.289s] -- Detecting C compiler ABI info
[0.381s] -- Detecting C compiler ABI info - done
[0.388s] -- Check for working C compiler: /usr/bin/cc - skipped
[0.388s] -- Detecting C compile features
[0.389s] -- Detecting C compile features - done
[0.397s] -- Detecting CXX compiler ABI info
[0.494s] -- Detecting CXX compiler ABI info - done
[0.503s] -- Check for working CXX compiler: /usr/bin/c++ - skipped
[0.503s] -- Detecting CXX compile features
[0.504s] -- Detecting CXX compile features - done
[0.519s] [31mCMake Error at CMakeLists.txt:5 (find_package):
[0.519s]   By not providing "Findcatkin.cmake" in CMAKE_MODULE_PATH this project has
[0.519s]   asked CMake to find a package configuration file provided by "catkin", but
[0.519s]   CMake did not find one.
[0.519s] 
[0.520s]   Could not find a package configuration file provided by "catkin" with any
[0.520s]   of the following names:
[0.520s] 
[0.520s]     catkinConfig.cmake
[0.520s]     catkin-config.cmake
[0.520s] 
[0.520s]   Add the installation prefix of "catkin" to CMAKE_PREFIX_PATH or set
[0.520s]   "catkin_DIR" to a directory containing one of the above files.  If "catkin"
[0.520s]   provides a separate development package or SDK, be sure it has been
[0.520s]   installed.
[0.520s] 
[0.520s] [0m
[0.522s] -- Configuring incomplete, errors occurred!
[0.529s] Invoked command in '/home/houndsito/DingoQuadruped/dingo_ws/build/dingo_description' returned '1': DEBUGINFOD_URLS=https://debuginfod.ubuntu.com /usr/bin/cmake /home/houndsito/DingoQuadruped/dingo_ws/src/dingo_description -DCATKIN_INSTALL_INTO_PREFIX_ROOT=0 -DCMAKE_INSTALL_PREFIX=/home/houndsito/DingoQuadruped/dingo_ws/install/dingo_description
