-- Found ament_cmake: 2.5.2 (/opt/ros2_jazzy/ros2-linux/share/ament_cmake/cmake)
-- Override CMake install command with custom implementation using symlinks instead of copying resources
-- Found ament_lint_auto: 0.17.1 (/opt/ros2_jazzy/ros2-linux/share/ament_lint_auto/cmake)
-- Added test 'lint_cmake' to check CMake code style
-- Added test 'xmllint' to check XML markup files
-- Configuring done (0.2s)
-- Generating done (0.0s)
-- Build files have been written to: /home/vtcro/car_robot_ws/build/my_robot_pkg2
-- Install configuration: ""
-- Execute custom install script
-- Up-to-date symlink: /home/vtcro/car_robot_ws/install/my_robot_pkg2/share/ament_index/resource_index/package_run_dependencies/my_robot_pkg2
-- Up-to-date symlink: /home/vtcro/car_robot_ws/install/my_robot_pkg2/share/ament_index/resource_index/parent_prefix_path/my_robot_pkg2
-- Up-to-date symlink: /home/vtcro/car_robot_ws/install/my_robot_pkg2/share/my_robot_pkg2/environment/ament_prefix_path.sh
-- Up-to-date symlink: /home/vtcro/car_robot_ws/install/my_robot_pkg2/share/my_robot_pkg2/environment/ament_prefix_path.dsv
-- Up-to-date symlink: /home/vtcro/car_robot_ws/install/my_robot_pkg2/share/my_robot_pkg2/environment/path.sh
-- Up-to-date symlink: /home/vtcro/car_robot_ws/install/my_robot_pkg2/share/my_robot_pkg2/environment/path.dsv
-- Up-to-date symlink: /home/vtcro/car_robot_ws/install/my_robot_pkg2/share/my_robot_pkg2/local_setup.bash
-- Up-to-date symlink: /home/vtcro/car_robot_ws/install/my_robot_pkg2/share/my_robot_pkg2/local_setup.sh
-- Up-to-date symlink: /home/vtcro/car_robot_ws/install/my_robot_pkg2/share/my_robot_pkg2/local_setup.zsh
-- Up-to-date symlink: /home/vtcro/car_robot_ws/install/my_robot_pkg2/share/my_robot_pkg2/local_setup.dsv
-- Symlinking: /home/vtcro/car_robot_ws/install/my_robot_pkg2/share/my_robot_pkg2/package.dsv
-- Up-to-date symlink: /home/vtcro/car_robot_ws/install/my_robot_pkg2/share/ament_index/resource_index/packages/my_robot_pkg2
-- Up-to-date symlink: /home/vtcro/car_robot_ws/install/my_robot_pkg2/share/my_robot_pkg2/cmake/my_robot_pkg2Config.cmake
-- Up-to-date symlink: /home/vtcro/car_robot_ws/install/my_robot_pkg2/share/my_robot_pkg2/cmake/my_robot_pkg2Config-version.cmake
-- Up-to-date symlink: /home/vtcro/car_robot_ws/install/my_robot_pkg2/share/my_robot_pkg2/package.xml
