[0.000000] (-) TimerEvent: {}
[0.000480] (leg1_description) JobQueued: {'identifier': 'leg1_description', 'dependencies': OrderedDict()}
[0.000576] (leg1_description) JobStarted: {'identifier': 'leg1_description'}
[0.099785] (-) TimerEvent: {}
[0.200149] (-) TimerEvent: {}
[0.300426] (-) TimerEvent: {}
[0.400673] (-) TimerEvent: {}
[0.500918] (-) TimerEvent: {}
[0.601233] (-) TimerEvent: {}
[0.701499] (-) TimerEvent: {}
[0.801766] (-) TimerEvent: {}
[0.818274] (leg1_description) Command: {'cmd': ['/usr/bin/python3', '-W', 'ignore:setup.py install is deprecated', '-W', 'ignore:easy_install command is deprecated', 'setup.py', 'egg_info', '--egg-base', '../../../build/leg1_description', 'build', '--build-base', '/home/houndsito/vt-cro/robogamescode/leg1_ws/build/leg1_description/build', 'install', '--record', '/home/houndsito/vt-cro/robogamescode/leg1_ws/build/leg1_description/install.log', '--single-version-externally-managed', 'install_data'], 'cwd': '/home/houndsito/vt-cro/robogamescode/leg1_ws/src/leg/leg1_description', 'env': {'USER': 'houndsito', 'GZ_CONFIG_PATH': '/opt/ros/jazzy/opt/gz_sim_vendor/share/gz:/opt/ros/jazzy/opt/sdformat_vendor/share/gz:/opt/ros/jazzy/opt/gz_gui_vendor/share/gz:/opt/ros/jazzy/opt/gz_transport_vendor/share/gz:/opt/ros/jazzy/opt/gz_rendering_vendor/share/gz:/opt/ros/jazzy/opt/gz_plugin_vendor/share/gz:/opt/ros/jazzy/opt/gz_fuel_tools_vendor/share/gz:/opt/ros/jazzy/opt/gz_msgs_vendor/share/gz:/opt/ros/jazzy/opt/gz_common_vendor/share/gz', 'XDG_SESSION_TYPE': 'x11', 'SHLVL': '2', 'LD_LIBRARY_PATH': '/opt/ros/jazzy/opt/gz_sim_vendor/lib:/opt/ros/jazzy/opt/gz_sensors_vendor/lib:/opt/ros/jazzy/opt/gz_physics_vendor/lib:/opt/ros/jazzy/opt/sdformat_vendor/lib:/opt/ros/jazzy/opt/rviz_ogre_vendor/lib:/opt/ros/jazzy/lib/x86_64-linux-gnu:/opt/ros/jazzy/opt/gz_gui_vendor/lib:/opt/ros/jazzy/opt/gz_transport_vendor/lib:/opt/ros/jazzy/opt/gz_rendering_vendor/lib:/opt/ros/jazzy/opt/gz_plugin_vendor/lib:/opt/ros/jazzy/opt/gz_fuel_tools_vendor/lib:/opt/ros/jazzy/opt/gz_msgs_vendor/lib:/opt/ros/jazzy/opt/gz_common_vendor/lib:/opt/ros/jazzy/opt/gz_math_vendor/lib:/opt/ros/jazzy/opt/gz_utils_vendor/lib:/opt/ros/jazzy/opt/gz_tools_vendor/lib:/opt/ros/jazzy/opt/gz_ogre_next_vendor/lib:/opt/ros/jazzy/opt/gz_dartsim_vendor/lib:/opt/ros/jazzy/opt/gz_cmake_vendor/lib:/opt/ros/jazzy/lib', 'HOME': '/home/houndsito', 'TERMINFO': '/usr/lib/kitty/terminfo', 'DESKTOP_SESSION': 'ubuntu', 'KITTY_INSTALLATION_DIR': '/usr/lib/kitty', 'ROS_PYTHON_VERSION': '3', 'GNOME_SHELL_SESSION_MODE': 'ubuntu', 'GTK_MODULES': 'gail:atk-bridge', 'KITTY_PID': '3341', 'MANAGERPID': '2065', 'SYSTEMD_EXEC_PID': '2689', 'GSM_SKIP_SSH_AGENT_WORKAROUND': 'true', 'DBUS_SESSION_BUS_ADDRESS': 'unix:path=/run/user/1000/bus', 'COLORTERM': 'truecolor', 'GIO_LAUNCHED_DESKTOP_FILE_PID': '3341', 'GNOME_KEYRING_CONTROL': '/run/user/1000/keyring', 'DEBUGINFOD_URLS': 'https://debuginfod.ubuntu.com', 'OMF_PATH': '/home/houndsito/.local/share/omf', 'ROS_DISTRO': 'jazzy', 'LOGNAME': 'houndsito', 'WINDOWID': '29360139', 'JOURNAL_STREAM': '9:25839', '_': '/usr/bin/colcon', 'ROS_VERSION': '2', 'MEMORY_PRESSURE_WATCH': '/sys/fs/cgroup/user.slice/user-1000.slice/user@1000.service/session.slice/org.gnome.SettingsDaemon.MediaKeys.service/memory.pressure', 'XDG_SESSION_CLASS': 'user', 'KITTY_PUBLIC_KEY': '1:Mr4|7H#q$Bag_q*0uUEG)U43-akZv=p;z9Dw`&Sc', 'USERNAME': 'houndsito', 'TERM': 'xterm-kitty', 'GNOME_DESKTOP_SESSION_ID': 'this-is-deprecated', 'WINDOWPATH': '2', 'PATH': '/opt/ros/jazzy/opt/gz_msgs_vendor/bin:/opt/ros/jazzy/opt/gz_tools_vendor/bin:/opt/ros/jazzy/opt/gz_ogre_next_vendor/bin:/opt/ros/jazzy/bin:/home/houndsito/.local/bin:/home/houndsito/bin:/usr/local/sbin:/usr/local/bin:/usr/sbin:/usr/bin:/sbin:/bin:/usr/games:/usr/local/games:/snap/bin:/snap/bin', 'SESSION_MANAGER': 'local/DPM:@/tmp/.ICE-unix/2469,unix/DPM:/tmp/.ICE-unix/2469', 'INVOCATION_ID': '2df3cf3bf2d44cf2acdb181cdcb0c14b', 'XDG_MENU_PREFIX': 'gnome-', 'XDG_RUNTIME_DIR': '/run/user/1000', 'DISPLAY': ':1', 'LANG': 'en_US.UTF-8', 'XDG_CURRENT_DESKTOP': 'ubuntu:GNOME', 'XMODIFIERS': '@im=ibus', 'XDG_SESSION_DESKTOP': 'ubuntu', 'XAUTHORITY': '/run/user/1000/gdm/Xauthority', 'SSH_AUTH_SOCK': '/run/user/1000/keyring/ssh', 'AMENT_PREFIX_PATH': '/opt/ros/jazzy', 'SHELL': '/usr/bin/fish', 'QT_ACCESSIBILITY': '1', 'GDMSESSION': 'ubuntu', 'KITTY_WINDOW_ID': '1', 'GPG_AGENT_INFO': '/run/user/1000/gnupg/S.gpg-agent:0:1', 'ROS_AUTOMATIC_DISCOVERY_RANGE': 'SUBNET', 'QT_IM_MODULE': 'ibus', 'PWD': '/home/houndsito/vt-cro/robogamescode/leg1_ws/build/leg1_description', 'LC_ALL': 'en_US.UTF-8', 'XDG_CONFIG_DIRS': '/etc/xdg/xdg-ubuntu:/etc/xdg', 'XDG_DATA_DIRS': '/usr/share/ubuntu:/usr/share/gnome:/usr/local/share/:/usr/share/:/var/lib/snapd/desktop', 'OMF_CONFIG': '/home/houndsito/.config/omf', 'PYTHONPATH': '/home/houndsito/vt-cro/robogamescode/leg1_ws/build/leg1_description/prefix_override:/usr/lib/python3/dist-packages/colcon_core/task/python/colcon_distutils_commands:/home/houndsito/vt-cro/robogamescode/leg1_ws/install/leg1_description/lib/python3.12/site-packages:/opt/ros/jazzy/lib/python3.12/site-packages', 'COLCON': '1', 'MEMORY_PRESSURE_WRITE': 'c29tZSAyMDAwMDAgMjAwMDAwMAA=', 'CMAKE_PREFIX_PATH': '/opt/ros/jazzy/opt/gz_sim_vendor:/opt/ros/jazzy/opt/gz_sensors_vendor:/opt/ros/jazzy/opt/gz_physics_vendor:/opt/ros/jazzy/opt/sdformat_vendor:/opt/ros/jazzy/opt/gz_gui_vendor:/opt/ros/jazzy/opt/gz_transport_vendor:/opt/ros/jazzy/opt/gz_rendering_vendor:/opt/ros/jazzy/opt/gz_plugin_vendor:/opt/ros/jazzy/opt/gz_fuel_tools_vendor:/opt/ros/jazzy/opt/gz_msgs_vendor:/opt/ros/jazzy/opt/gz_common_vendor:/opt/ros/jazzy/opt/gz_math_vendor:/opt/ros/jazzy/opt/gz_utils_vendor:/opt/ros/jazzy/opt/gz_tools_vendor:/opt/ros/jazzy/opt/gz_ogre_next_vendor:/opt/ros/jazzy/opt/gz_dartsim_vendor:/opt/ros/jazzy/opt/gz_cmake_vendor'}, 'shell': False}
[0.901893] (-) TimerEvent: {}
[1.002144] (-) TimerEvent: {}
[1.018725] (leg1_description) StdoutLine: {'line': b'running egg_info\n'}
[1.019038] (leg1_description) StdoutLine: {'line': b'creating ../../../build/leg1_description/leg1_description.egg-info\n'}
[1.033533] (leg1_description) StdoutLine: {'line': b'writing ../../../build/leg1_description/leg1_description.egg-info/PKG-INFO\n'}
[1.033764] (leg1_description) StdoutLine: {'line': b'writing dependency_links to ../../../build/leg1_description/leg1_description.egg-info/dependency_links.txt\n'}
[1.033890] (leg1_description) StdoutLine: {'line': b'writing requirements to ../../../build/leg1_description/leg1_description.egg-info/requires.txt\n'}
[1.033999] (leg1_description) StdoutLine: {'line': b'writing top-level names to ../../../build/leg1_description/leg1_description.egg-info/top_level.txt\n'}
[1.034157] (leg1_description) StdoutLine: {'line': b"writing manifest file '../../../build/leg1_description/leg1_description.egg-info/SOURCES.txt'\n"}
[1.063675] (leg1_description) StdoutLine: {'line': b"reading manifest file '../../../build/leg1_description/leg1_description.egg-info/SOURCES.txt'\n"}
[1.064102] (leg1_description) StdoutLine: {'line': b"writing manifest file '../../../build/leg1_description/leg1_description.egg-info/SOURCES.txt'\n"}
[1.064463] (leg1_description) StdoutLine: {'line': b'running build\n'}
[1.064600] (leg1_description) StdoutLine: {'line': b'running build_py\n'}
[1.064706] (leg1_description) StdoutLine: {'line': b'creating /home/houndsito/vt-cro/robogamescode/leg1_ws/build/leg1_description/build\n'}
[1.064810] (leg1_description) StdoutLine: {'line': b'creating /home/houndsito/vt-cro/robogamescode/leg1_ws/build/leg1_description/build/lib\n'}
[1.064912] (leg1_description) StdoutLine: {'line': b'creating /home/houndsito/vt-cro/robogamescode/leg1_ws/build/leg1_description/build/lib/leg1_description\n'}
[1.065072] (leg1_description) StdoutLine: {'line': b'copying leg1_description/__init__.py -> /home/houndsito/vt-cro/robogamescode/leg1_ws/build/leg1_description/build/lib/leg1_description\n'}
[1.065197] (leg1_description) StdoutLine: {'line': b'running install\n'}
[1.069075] (leg1_description) StdoutLine: {'line': b'running install_lib\n'}
[1.084153] (leg1_description) StdoutLine: {'line': b'creating /home/houndsito/vt-cro/robogamescode/leg1_ws/install/leg1_description/lib/python3.12/site-packages/leg1_description\n'}
[1.084385] (leg1_description) StdoutLine: {'line': b'copying /home/houndsito/vt-cro/robogamescode/leg1_ws/build/leg1_description/build/lib/leg1_description/__init__.py -> /home/houndsito/vt-cro/robogamescode/leg1_ws/install/leg1_description/lib/python3.12/site-packages/leg1_description\n'}
[1.084592] (leg1_description) StdoutLine: {'line': b'byte-compiling /home/houndsito/vt-cro/robogamescode/leg1_ws/install/leg1_description/lib/python3.12/site-packages/leg1_description/__init__.py to __init__.cpython-312.pyc\n'}
[1.084800] (leg1_description) StdoutLine: {'line': b'running install_data\n'}
[1.084904] (leg1_description) StdoutLine: {'line': b'creating /home/houndsito/vt-cro/robogamescode/leg1_ws/install/leg1_description/share/ament_index\n'}
[1.085001] (leg1_description) StdoutLine: {'line': b'creating /home/houndsito/vt-cro/robogamescode/leg1_ws/install/leg1_description/share/ament_index/resource_index\n'}
[1.085099] (leg1_description) StdoutLine: {'line': b'creating /home/houndsito/vt-cro/robogamescode/leg1_ws/install/leg1_description/share/ament_index/resource_index/packages\n'}
[1.085308] (leg1_description) StdoutLine: {'line': b'copying resource/leg1_description -> /home/houndsito/vt-cro/robogamescode/leg1_ws/install/leg1_description/share/ament_index/resource_index/packages\n'}
[1.085422] (leg1_description) StdoutLine: {'line': b'copying package.xml -> /home/houndsito/vt-cro/robogamescode/leg1_ws/install/leg1_description/share/leg1_description\n'}
[1.085518] (leg1_description) StdoutLine: {'line': b'creating /home/houndsito/vt-cro/robogamescode/leg1_ws/install/leg1_description/share/leg1_description/launch\n'}
[1.085610] (leg1_description) StdoutLine: {'line': b'copying launch/gazebo.launch.py -> /home/houndsito/vt-cro/robogamescode/leg1_ws/install/leg1_description/share/leg1_description/launch\n'}
[1.085706] (leg1_description) StdoutLine: {'line': b'copying launch/display.launch.py -> /home/houndsito/vt-cro/robogamescode/leg1_ws/install/leg1_description/share/leg1_description/launch\n'}
[1.085838] (leg1_description) StdoutLine: {'line': b'creating /home/houndsito/vt-cro/robogamescode/leg1_ws/install/leg1_description/share/leg1_description/urdf\n'}
[1.085884] (leg1_description) StdoutLine: {'line': b'copying urdf/leg1.trans -> /home/houndsito/vt-cro/robogamescode/leg1_ws/install/leg1_description/share/leg1_description/urdf\n'}
[1.085923] (leg1_description) StdoutLine: {'line': b'copying urdf/dingo.sdf -> /home/houndsito/vt-cro/robogamescode/leg1_ws/install/leg1_description/share/leg1_description/urdf\n'}
[1.085989] (leg1_description) StdoutLine: {'line': b'copying urdf/leg1.xacro -> /home/houndsito/vt-cro/robogamescode/leg1_ws/install/leg1_description/share/leg1_description/urdf\n'}
[1.086322] (leg1_description) StdoutLine: {'line': b'copying urdf/leg1.gazebo -> /home/houndsito/vt-cro/robogamescode/leg1_ws/install/leg1_description/share/leg1_description/urdf\n'}
[1.086513] (leg1_description) StdoutLine: {'line': b'copying urdf/install -> /home/houndsito/vt-cro/robogamescode/leg1_ws/install/leg1_description/share/leg1_description/urdf\n'}
[1.086876] (leg1_description) StdoutLine: {'line': b'copying urdf/materials.xacro -> /home/houndsito/vt-cro/robogamescode/leg1_ws/install/leg1_description/share/leg1_description/urdf\n'}
[1.087025] (leg1_description) StdoutLine: {'line': b'copying urdf/leg1.sdf -> /home/houndsito/vt-cro/robogamescode/leg1_ws/install/leg1_description/share/leg1_description/urdf\n'}
[1.087354] (leg1_description) StdoutLine: {'line': b'copying urdf/leg1.urdf -> /home/houndsito/vt-cro/robogamescode/leg1_ws/install/leg1_description/share/leg1_description/urdf\n'}
[1.087671] (leg1_description) StdoutLine: {'line': b'copying urdf/leg1_original.xacro -> /home/houndsito/vt-cro/robogamescode/leg1_ws/install/leg1_description/share/leg1_description/urdf\n'}
[1.087984] (leg1_description) StdoutLine: {'line': b'copying urdf/dingo.urdf -> /home/houndsito/vt-cro/robogamescode/leg1_ws/install/leg1_description/share/leg1_description/urdf\n'}
[1.088226] (leg1_description) StdoutLine: {'line': b'creating /home/houndsito/vt-cro/robogamescode/leg1_ws/install/leg1_description/share/leg1_description/meshes\n'}
[1.088314] (leg1_description) StdoutLine: {'line': b'copying meshes/driveleg_1.stl -> /home/houndsito/vt-cro/robogamescode/leg1_ws/install/leg1_description/share/leg1_description/meshes\n'}
[1.088905] (leg1_description) StdoutLine: {'line': b'copying meshes/sphere_1.stl -> /home/houndsito/vt-cro/robogamescode/leg1_ws/install/leg1_description/share/leg1_description/meshes\n'}
[1.089928] (leg1_description) StdoutLine: {'line': b'copying meshes/upperleg_1.stl -> /home/houndsito/vt-cro/robogamescode/leg1_ws/install/leg1_description/share/leg1_description/meshes\n'}
[1.090358] (leg1_description) StdoutLine: {'line': b'copying meshes/base_link.stl -> /home/houndsito/vt-cro/robogamescode/leg1_ws/install/leg1_description/share/leg1_description/meshes\n'}
[1.090966] (leg1_description) StdoutLine: {'line': b'copying meshes/lowerleg_1.stl -> /home/houndsito/vt-cro/robogamescode/leg1_ws/install/leg1_description/share/leg1_description/meshes\n'}
[1.092147] (leg1_description) StdoutLine: {'line': b'creating /home/houndsito/vt-cro/robogamescode/leg1_ws/install/leg1_description/share/leg1_description/config\n'}
[1.092285] (leg1_description) StdoutLine: {'line': b'copying config/display.rviz -> /home/houndsito/vt-cro/robogamescode/leg1_ws/install/leg1_description/share/leg1_description/config\n'}
[1.092524] (leg1_description) StdoutLine: {'line': b'running install_egg_info\n'}
[1.102227] (-) TimerEvent: {}
[1.108259] (leg1_description) StdoutLine: {'line': b'Copying ../../../build/leg1_description/leg1_description.egg-info to /home/houndsito/vt-cro/robogamescode/leg1_ws/install/leg1_description/lib/python3.12/site-packages/leg1_description-0.0.0-py3.12.egg-info\n'}
[1.108912] (leg1_description) StdoutLine: {'line': b'running install_scripts\n'}
[1.202290] (-) TimerEvent: {}
[1.209645] (leg1_description) StdoutLine: {'line': b"writing list of installed files to '/home/houndsito/vt-cro/robogamescode/leg1_ws/build/leg1_description/install.log'\n"}
[1.231727] (leg1_description) CommandEnded: {'returncode': 0}
[1.241964] (leg1_description) JobEnded: {'identifier': 'leg1_description', 'rc': 0}
[1.242822] (-) EventReactorShutdown: {}
