[0.034s] Invoking command in '/home/houndsito/vt-cro/robogamescode/dingo/dingo_ws/build/dingo': DEBUGINFOD_URLS=https://debuginfod.ubuntu.com /usr/bin/cmake /home/houndsito/vt-cro/robogamescode/dingo/dingo_ws/src/dingo -DCATKIN_INSTALL_INTO_PREFIX_ROOT=0 -DCMAKE_INSTALL_PREFIX=/home/houndsito/vt-cro/robogamescode/dingo/dingo_ws/install/dingo
[0.064s] [0mCMake Deprecation Warning at CMakeLists.txt:1 (cmake_minimum_required):
[0.064s]   Compatibility with CMake < 3.5 will be removed from a future version of
[0.064s]   CMake.
[0.064s] 
[0.064s]   Update the VERSION argument <min> value or use a ...<max> suffix to tell
[0.064s]   CMake that the project does not need compatibility with older versions.
[0.064s] 
[0.064s] [0m
[0.183s] -- The C compiler identification is GNU 13.3.0
[0.294s] -- The CXX compiler identification is GNU 13.3.0
[0.320s] -- Detecting C compiler ABI info
[0.445s] -- Detecting C compiler ABI info - done
[0.456s] -- Check for working C compiler: /usr/bin/cc - skipped
[0.458s] -- Detecting C compile features
[0.458s] -- Detecting C compile features - done
[0.471s] -- Detecting CXX compiler ABI info
[0.604s] -- Detecting CXX compiler ABI info - done
[0.614s] -- Check for working CXX compiler: /usr/bin/c++ - skipped
[0.615s] -- Detecting CXX compile features
[0.615s] -- Detecting CXX compile features - done
[0.634s] [31mCMake Error at CMakeLists.txt:10 (find_package):
[0.634s]   By not providing "Findcatkin.cmake" in CMAKE_MODULE_PATH this project has
[0.634s]   asked CMake to find a package configuration file provided by "catkin", but
[0.634s]   CMake did not find one.
[0.634s] 
[0.634s]   Could not find a package configuration file provided by "catkin" with any
[0.634s]   of the following names:
[0.634s] 
[0.634s]     catkinConfig.cmake
[0.635s]     catkin-config.cmake
[0.635s] 
[0.635s]   Add the installation prefix of "catkin" to CMAKE_PREFIX_PATH or set
[0.635s]   "catkin_DIR" to a directory containing one of the above files.  If "catkin"
[0.635s]   provides a separate development package or SDK, be sure it has been
[0.635s]   installed.
[0.635s] 
[0.635s] [0m
[0.637s] -- Configuring incomplete, errors occurred!
[0.643s] Invoked command in '/home/houndsito/vt-cro/robogamescode/dingo/dingo_ws/build/dingo' returned '1': DEBUGINFOD_URLS=https://debuginfod.ubuntu.com /usr/bin/cmake /home/houndsito/vt-cro/robogamescode/dingo/dingo_ws/src/dingo -DCATKIN_INSTALL_INTO_PREFIX_ROOT=0 -DCMAKE_INSTALL_PREFIX=/home/houndsito/vt-cro/robogamescode/dingo/dingo_ws/install/dingo
