[0.026s] Invoking command in '/home/houndsito/vt-cro/robogamescode/dingo/dingo_ws/build/dingo_utilities': DEBUGINFOD_URLS=https://debuginfod.ubuntu.com /usr/bin/cmake /home/houndsito/vt-cro/robogamescode/dingo/dingo_ws/src/dingo_utilities -DCATKIN_INSTALL_INTO_PREFIX_ROOT=0 -DCMAKE_INSTALL_PREFIX=/home/houndsito/vt-cro/robogamescode/dingo/dingo_ws/install/dingo_utilities
[0.038s] [0mCMake Deprecation Warning at CMakeLists.txt:1 (cmake_minimum_required):
[0.038s]   Compatibility with CMake < 3.5 will be removed from a future version of
[0.038s]   CMake.
[0.038s] 
[0.039s]   Update the VERSION argument <min> value or use a ...<max> suffix to tell
[0.039s]   CMake that the project does not need compatibility with older versions.
[0.039s] 
[0.039s] [0m
[0.154s] -- The C compiler identification is GNU 13.3.0
[0.266s] -- The CXX compiler identification is GNU 13.3.0
[0.293s] -- Detecting C compiler ABI info
[0.418s] -- Detecting C compiler ABI info - done
[0.430s] -- Check for working C compiler: /usr/bin/cc - skipped
[0.431s] -- Detecting C compile features
[0.431s] -- Detecting C compile features - done
[0.444s] -- Detecting CXX compiler ABI info
[0.578s] -- Detecting CXX compiler ABI info - done
[0.590s] -- Check for working CXX compiler: /usr/bin/c++ - skipped
[0.590s] -- Detecting CXX compile features
[0.590s] -- Detecting CXX compile features - done
[0.606s] [31mCMake Error at CMakeLists.txt:10 (find_package):
[0.606s]   By not providing "Findcatkin.cmake" in CMAKE_MODULE_PATH this project has
[0.606s]   asked CMake to find a package configuration file provided by "catkin", but
[0.606s]   CMake did not find one.
[0.606s] 
[0.606s]   Could not find a package configuration file provided by "catkin" with any
[0.606s]   of the following names:
[0.607s] 
[0.607s]     catkinConfig.cmake
[0.607s]     catkin-config.cmake
[0.607s] 
[0.607s]   Add the installation prefix of "catkin" to CMAKE_PREFIX_PATH or set
[0.607s]   "catkin_DIR" to a directory containing one of the above files.  If "catkin"
[0.607s]   provides a separate development package or SDK, be sure it has been
[0.607s]   installed.
[0.607s] 
[0.607s] [0m
[0.610s] -- Configuring incomplete, errors occurred!
[0.618s] Invoked command in '/home/houndsito/vt-cro/robogamescode/dingo/dingo_ws/build/dingo_utilities' returned '1': DEBUGINFOD_URLS=https://debuginfod.ubuntu.com /usr/bin/cmake /home/houndsito/vt-cro/robogamescode/dingo/dingo_ws/src/dingo_utilities -DCATKIN_INSTALL_INTO_PREFIX_ROOT=0 -DCMAKE_INSTALL_PREFIX=/home/houndsito/vt-cro/robogamescode/dingo/dingo_ws/install/dingo_utilities
