[0.075s] DEBUG:colcon:Command line arguments: ['/usr/bin/colcon', 'build', '--symlink-install']
[0.075s] DEBUG:colcon:Parsed command line arguments: Namespace(log_base=None, log_level=None, verb_name='build', build_base='build', install_base='install', merge_install=False, symlink_install=True, test_result_base=None, continue_on_error=False, executor='parallel', parallel_workers=12, event_handlers=None, ignore_user_meta=False, metas=['./colcon.meta'], base_paths=['.'], packages_ignore=None, packages_ignore_regex=None, paths=None, packages_up_to=None, packages_up_to_regex=None, packages_above=None, packages_above_and_dependencies=None, packages_above_depth=None, packages_select_by_dep=None, packages_skip_by_dep=None, packages_skip_up_to=None, packages_select_build_failed=False, packages_skip_build_finished=False, packages_select_test_failures=False, packages_skip_test_passed=False, packages_select=None, packages_skip=None, packages_select_regex=None, packages_skip_regex=None, packages_start=None, packages_end=None, cmake_args=None, cmake_target=None, cmake_target_skip_unavailable=False, cmake_clean_cache=False, cmake_clean_first=False, cmake_force_configure=False, ament_cmake_args=None, catkin_cmake_args=None, catkin_skip_building_tests=False, verb_parser=<colcon_defaults.argument_parser.defaults.DefaultArgumentsDecorator object at 0x7be7f3725dc0>, verb_extension=<colcon_core.verb.build.BuildVerb object at 0x7be7f3842b40>, main=<bound method BuildVerb.main of <colcon_core.verb.build.BuildVerb object at 0x7be7f3842b40>>)
[0.103s] Level 1:colcon.colcon_core.package_discovery:discover_packages(colcon_meta) check parameters
[0.104s] Level 1:colcon.colcon_core.package_discovery:discover_packages(recursive) check parameters
[0.104s] Level 1:colcon.colcon_core.package_discovery:discover_packages(ignore) check parameters
[0.104s] Level 1:colcon.colcon_core.package_discovery:discover_packages(path) check parameters
[0.104s] Level 1:colcon.colcon_core.package_discovery:discover_packages(colcon_meta) discover
[0.104s] Level 1:colcon.colcon_core.package_discovery:discover_packages(recursive) discover
[0.104s] INFO:colcon.colcon_core.package_discovery:Crawling recursively for packages in '/home/vtcro/car_robot_ws'
[0.104s] Level 1:colcon.colcon_core.package_identification:_identify(.) by extensions ['ignore', 'ignore_ament_install']
[0.104s] Level 1:colcon.colcon_core.package_identification:_identify(.) by extension 'ignore'
[0.104s] Level 1:colcon.colcon_core.package_identification:_identify(.) by extension 'ignore_ament_install'
[0.104s] Level 1:colcon.colcon_core.package_identification:_identify(.) by extensions ['colcon_pkg']
[0.104s] Level 1:colcon.colcon_core.package_identification:_identify(.) by extension 'colcon_pkg'
[0.104s] Level 1:colcon.colcon_core.package_identification:_identify(.) by extensions ['colcon_meta']
[0.104s] Level 1:colcon.colcon_core.package_identification:_identify(.) by extension 'colcon_meta'
[0.104s] Level 1:colcon.colcon_core.package_identification:_identify(.) by extensions ['ros']
[0.104s] Level 1:colcon.colcon_core.package_identification:_identify(.) by extension 'ros'
[0.121s] Level 1:colcon.colcon_core.package_identification:_identify(.) by extensions ['cmake', 'python']
[0.122s] Level 1:colcon.colcon_core.package_identification:_identify(.) by extension 'cmake'
[0.122s] Level 1:colcon.colcon_core.package_identification:_identify(.) by extension 'python'
[0.122s] Level 1:colcon.colcon_core.package_identification:_identify(.) by extensions ['python_setup_py']
[0.122s] Level 1:colcon.colcon_core.package_identification:_identify(.) by extension 'python_setup_py'
[0.122s] Level 1:colcon.colcon_core.package_identification:_identify(build) by extensions ['ignore', 'ignore_ament_install']
[0.122s] Level 1:colcon.colcon_core.package_identification:_identify(build) by extension 'ignore'
[0.122s] Level 1:colcon.colcon_core.package_identification:_identify(build) ignored
[0.122s] Level 1:colcon.colcon_core.package_identification:_identify(install) by extensions ['ignore', 'ignore_ament_install']
[0.122s] Level 1:colcon.colcon_core.package_identification:_identify(install) by extension 'ignore'
[0.122s] Level 1:colcon.colcon_core.package_identification:_identify(install) ignored
[0.122s] Level 1:colcon.colcon_core.package_identification:_identify(log) by extensions ['ignore', 'ignore_ament_install']
[0.122s] Level 1:colcon.colcon_core.package_identification:_identify(log) by extension 'ignore'
[0.122s] Level 1:colcon.colcon_core.package_identification:_identify(log) ignored
[0.122s] Level 1:colcon.colcon_core.package_identification:_identify(src) by extensions ['ignore', 'ignore_ament_install']
[0.122s] Level 1:colcon.colcon_core.package_identification:_identify(src) by extension 'ignore'
[0.122s] Level 1:colcon.colcon_core.package_identification:_identify(src) by extension 'ignore_ament_install'
[0.122s] Level 1:colcon.colcon_core.package_identification:_identify(src) by extensions ['colcon_pkg']
[0.122s] Level 1:colcon.colcon_core.package_identification:_identify(src) by extension 'colcon_pkg'
[0.122s] Level 1:colcon.colcon_core.package_identification:_identify(src) by extensions ['colcon_meta']
[0.122s] Level 1:colcon.colcon_core.package_identification:_identify(src) by extension 'colcon_meta'
[0.122s] Level 1:colcon.colcon_core.package_identification:_identify(src) by extensions ['ros']
[0.122s] Level 1:colcon.colcon_core.package_identification:_identify(src) by extension 'ros'
[0.122s] Level 1:colcon.colcon_core.package_identification:_identify(src) by extensions ['cmake', 'python']
[0.122s] Level 1:colcon.colcon_core.package_identification:_identify(src) by extension 'cmake'
[0.123s] Level 1:colcon.colcon_core.package_identification:_identify(src) by extension 'python'
[0.123s] Level 1:colcon.colcon_core.package_identification:_identify(src) by extensions ['python_setup_py']
[0.123s] Level 1:colcon.colcon_core.package_identification:_identify(src) by extension 'python_setup_py'
[0.123s] Level 1:colcon.colcon_core.package_identification:_identify(src/mini_car_bot) by extensions ['ignore', 'ignore_ament_install']
[0.123s] Level 1:colcon.colcon_core.package_identification:_identify(src/mini_car_bot) by extension 'ignore'
[0.123s] Level 1:colcon.colcon_core.package_identification:_identify(src/mini_car_bot) by extension 'ignore_ament_install'
[0.123s] Level 1:colcon.colcon_core.package_identification:_identify(src/mini_car_bot) by extensions ['colcon_pkg']
[0.123s] Level 1:colcon.colcon_core.package_identification:_identify(src/mini_car_bot) by extension 'colcon_pkg'
[0.123s] Level 1:colcon.colcon_core.package_identification:_identify(src/mini_car_bot) by extensions ['colcon_meta']
[0.123s] Level 1:colcon.colcon_core.package_identification:_identify(src/mini_car_bot) by extension 'colcon_meta'
[0.123s] Level 1:colcon.colcon_core.package_identification:_identify(src/mini_car_bot) by extensions ['ros']
[0.123s] Level 1:colcon.colcon_core.package_identification:_identify(src/mini_car_bot) by extension 'ros'
[0.124s] DEBUG:colcon.colcon_core.package_identification:Package 'src/mini_car_bot' with type 'ros.ament_cmake' and name 'mini_car_bot'
[0.124s] Level 1:colcon.colcon_core.package_identification:_identify(src/my_robot_pkg) by extensions ['ignore', 'ignore_ament_install']
[0.124s] Level 1:colcon.colcon_core.package_identification:_identify(src/my_robot_pkg) by extension 'ignore'
[0.124s] Level 1:colcon.colcon_core.package_identification:_identify(src/my_robot_pkg) by extension 'ignore_ament_install'
[0.125s] Level 1:colcon.colcon_core.package_identification:_identify(src/my_robot_pkg) by extensions ['colcon_pkg']
[0.125s] Level 1:colcon.colcon_core.package_identification:_identify(src/my_robot_pkg) by extension 'colcon_pkg'
[0.125s] Level 1:colcon.colcon_core.package_identification:_identify(src/my_robot_pkg) by extensions ['colcon_meta']
[0.125s] Level 1:colcon.colcon_core.package_identification:_identify(src/my_robot_pkg) by extension 'colcon_meta'
[0.125s] Level 1:colcon.colcon_core.package_identification:_identify(src/my_robot_pkg) by extensions ['ros']
[0.125s] Level 1:colcon.colcon_core.package_identification:_identify(src/my_robot_pkg) by extension 'ros'
[0.125s] DEBUG:colcon.colcon_core.package_identification:Package 'src/my_robot_pkg' with type 'ros.ament_python' and name 'my_robot_pkg'
[0.125s] Level 1:colcon.colcon_core.package_identification:_identify(src/my_robot_pkg2) by extensions ['ignore', 'ignore_ament_install']
[0.125s] Level 1:colcon.colcon_core.package_identification:_identify(src/my_robot_pkg2) by extension 'ignore'
[0.125s] Level 1:colcon.colcon_core.package_identification:_identify(src/my_robot_pkg2) by extension 'ignore_ament_install'
[0.125s] Level 1:colcon.colcon_core.package_identification:_identify(src/my_robot_pkg2) by extensions ['colcon_pkg']
[0.125s] Level 1:colcon.colcon_core.package_identification:_identify(src/my_robot_pkg2) by extension 'colcon_pkg'
[0.125s] Level 1:colcon.colcon_core.package_identification:_identify(src/my_robot_pkg2) by extensions ['colcon_meta']
[0.125s] Level 1:colcon.colcon_core.package_identification:_identify(src/my_robot_pkg2) by extension 'colcon_meta'
[0.125s] Level 1:colcon.colcon_core.package_identification:_identify(src/my_robot_pkg2) by extensions ['ros']
[0.125s] Level 1:colcon.colcon_core.package_identification:_identify(src/my_robot_pkg2) by extension 'ros'
[0.126s] DEBUG:colcon.colcon_core.package_identification:Package 'src/my_robot_pkg2' with type 'ros.ament_cmake' and name 'my_robot_pkg2'
[0.126s] Level 1:colcon.colcon_core.package_discovery:discover_packages(recursive) using defaults
[0.126s] Level 1:colcon.colcon_core.package_discovery:discover_packages(ignore) discover
[0.126s] Level 1:colcon.colcon_core.package_discovery:discover_packages(ignore) using defaults
[0.126s] Level 1:colcon.colcon_core.package_discovery:discover_packages(path) discover
[0.126s] Level 1:colcon.colcon_core.package_discovery:discover_packages(path) using defaults
[0.138s] Level 5:colcon.colcon_core.verb:set package 'mini_car_bot' build argument 'cmake_args' from command line to 'None'
[0.138s] Level 5:colcon.colcon_core.verb:set package 'mini_car_bot' build argument 'cmake_target' from command line to 'None'
[0.138s] Level 5:colcon.colcon_core.verb:set package 'mini_car_bot' build argument 'cmake_target_skip_unavailable' from command line to 'False'
[0.138s] Level 5:colcon.colcon_core.verb:set package 'mini_car_bot' build argument 'cmake_clean_cache' from command line to 'False'
[0.138s] Level 5:colcon.colcon_core.verb:set package 'mini_car_bot' build argument 'cmake_clean_first' from command line to 'False'
[0.138s] Level 5:colcon.colcon_core.verb:set package 'mini_car_bot' build argument 'cmake_force_configure' from command line to 'False'
[0.138s] Level 5:colcon.colcon_core.verb:set package 'mini_car_bot' build argument 'ament_cmake_args' from command line to 'None'
[0.138s] Level 5:colcon.colcon_core.verb:set package 'mini_car_bot' build argument 'catkin_cmake_args' from command line to 'None'
[0.138s] Level 5:colcon.colcon_core.verb:set package 'mini_car_bot' build argument 'catkin_skip_building_tests' from command line to 'False'
[0.138s] DEBUG:colcon.colcon_core.verb:Building package 'mini_car_bot' with the following arguments: {'ament_cmake_args': None, 'build_base': '/home/vtcro/car_robot_ws/build/mini_car_bot', 'catkin_cmake_args': None, 'catkin_skip_building_tests': False, 'cmake_args': None, 'cmake_clean_cache': False, 'cmake_clean_first': False, 'cmake_force_configure': False, 'cmake_target': None, 'cmake_target_skip_unavailable': False, 'install_base': '/home/vtcro/car_robot_ws/install/mini_car_bot', 'merge_install': False, 'path': '/home/vtcro/car_robot_ws/src/mini_car_bot', 'symlink_install': True, 'test_result_base': None}
[0.138s] Level 5:colcon.colcon_core.verb:set package 'my_robot_pkg' build argument 'cmake_args' from command line to 'None'
[0.138s] Level 5:colcon.colcon_core.verb:set package 'my_robot_pkg' build argument 'cmake_target' from command line to 'None'
[0.138s] Level 5:colcon.colcon_core.verb:set package 'my_robot_pkg' build argument 'cmake_target_skip_unavailable' from command line to 'False'
[0.138s] Level 5:colcon.colcon_core.verb:set package 'my_robot_pkg' build argument 'cmake_clean_cache' from command line to 'False'
[0.138s] Level 5:colcon.colcon_core.verb:set package 'my_robot_pkg' build argument 'cmake_clean_first' from command line to 'False'
[0.138s] Level 5:colcon.colcon_core.verb:set package 'my_robot_pkg' build argument 'cmake_force_configure' from command line to 'False'
[0.138s] Level 5:colcon.colcon_core.verb:set package 'my_robot_pkg' build argument 'ament_cmake_args' from command line to 'None'
[0.138s] Level 5:colcon.colcon_core.verb:set package 'my_robot_pkg' build argument 'catkin_cmake_args' from command line to 'None'
[0.138s] Level 5:colcon.colcon_core.verb:set package 'my_robot_pkg' build argument 'catkin_skip_building_tests' from command line to 'False'
[0.138s] DEBUG:colcon.colcon_core.verb:Building package 'my_robot_pkg' with the following arguments: {'ament_cmake_args': None, 'build_base': '/home/vtcro/car_robot_ws/build/my_robot_pkg', 'catkin_cmake_args': None, 'catkin_skip_building_tests': False, 'cmake_args': None, 'cmake_clean_cache': False, 'cmake_clean_first': False, 'cmake_force_configure': False, 'cmake_target': None, 'cmake_target_skip_unavailable': False, 'install_base': '/home/vtcro/car_robot_ws/install/my_robot_pkg', 'merge_install': False, 'path': '/home/vtcro/car_robot_ws/src/my_robot_pkg', 'symlink_install': True, 'test_result_base': None}
[0.138s] Level 5:colcon.colcon_core.verb:set package 'my_robot_pkg2' build argument 'cmake_args' from command line to 'None'
[0.138s] Level 5:colcon.colcon_core.verb:set package 'my_robot_pkg2' build argument 'cmake_target' from command line to 'None'
[0.138s] Level 5:colcon.colcon_core.verb:set package 'my_robot_pkg2' build argument 'cmake_target_skip_unavailable' from command line to 'False'
[0.138s] Level 5:colcon.colcon_core.verb:set package 'my_robot_pkg2' build argument 'cmake_clean_cache' from command line to 'False'
[0.138s] Level 5:colcon.colcon_core.verb:set package 'my_robot_pkg2' build argument 'cmake_clean_first' from command line to 'False'
[0.138s] Level 5:colcon.colcon_core.verb:set package 'my_robot_pkg2' build argument 'cmake_force_configure' from command line to 'False'
[0.138s] Level 5:colcon.colcon_core.verb:set package 'my_robot_pkg2' build argument 'ament_cmake_args' from command line to 'None'
[0.138s] Level 5:colcon.colcon_core.verb:set package 'my_robot_pkg2' build argument 'catkin_cmake_args' from command line to 'None'
[0.138s] Level 5:colcon.colcon_core.verb:set package 'my_robot_pkg2' build argument 'catkin_skip_building_tests' from command line to 'False'
[0.138s] DEBUG:colcon.colcon_core.verb:Building package 'my_robot_pkg2' with the following arguments: {'ament_cmake_args': None, 'build_base': '/home/vtcro/car_robot_ws/build/my_robot_pkg2', 'catkin_cmake_args': None, 'catkin_skip_building_tests': False, 'cmake_args': None, 'cmake_clean_cache': False, 'cmake_clean_first': False, 'cmake_force_configure': False, 'cmake_target': None, 'cmake_target_skip_unavailable': False, 'install_base': '/home/vtcro/car_robot_ws/install/my_robot_pkg2', 'merge_install': False, 'path': '/home/vtcro/car_robot_ws/src/my_robot_pkg2', 'symlink_install': True, 'test_result_base': None}
[0.138s] INFO:colcon.colcon_core.executor:Executing jobs using 'parallel' executor
[0.139s] DEBUG:colcon.colcon_parallel_executor.executor.parallel:run_until_complete
[0.139s] INFO:colcon.colcon_ros.task.ament_cmake.build:Building ROS package in '/home/vtcro/car_robot_ws/src/mini_car_bot' with build type 'ament_cmake'
[0.139s] INFO:colcon.colcon_cmake.task.cmake.build:Building CMake package in '/home/vtcro/car_robot_ws/src/mini_car_bot'
[0.141s] INFO:colcon.colcon_core.plugin_system:Skipping extension 'colcon_core.shell.bat': Not used on non-Windows systems
[0.141s] DEBUG:colcon.colcon_core.shell:Skip shell extension 'dsv' for command environment
[0.149s] INFO:colcon.colcon_ros.task.ament_python.build:Building ROS package in '/home/vtcro/car_robot_ws/src/my_robot_pkg' with build type 'ament_python'
[0.149s] Level 1:colcon.colcon_core.shell:create_environment_hook('my_robot_pkg', 'ament_prefix_path')
[0.150s] INFO:colcon.colcon_core.shell:Creating environment descriptor '/home/vtcro/car_robot_ws/install/my_robot_pkg/share/my_robot_pkg/hook/ament_prefix_path.dsv'
[0.150s] INFO:colcon.colcon_core.shell:Creating environment hook '/home/vtcro/car_robot_ws/install/my_robot_pkg/share/my_robot_pkg/hook/ament_prefix_path.sh'
[0.150s] DEBUG:colcon.colcon_core.shell:Skip shell extension 'dsv' for command environment
[0.157s] INFO:colcon.colcon_ros.task.ament_cmake.build:Building ROS package in '/home/vtcro/car_robot_ws/src/my_robot_pkg2' with build type 'ament_cmake'
[0.157s] INFO:colcon.colcon_cmake.task.cmake.build:Building CMake package in '/home/vtcro/car_robot_ws/src/my_robot_pkg2'
[0.158s] DEBUG:colcon.colcon_core.shell:Skip shell extension 'dsv' for command environment
[0.168s] DEBUG:colcon.colcon_core.event_handler.log_command:Invoking command in '/home/vtcro/car_robot_ws/build/mini_car_bot': CMAKE_PREFIX_PATH=${CMAKE_PREFIX_PATH}:/opt/ros/jazzy DEBUGINFOD_URLS=https://debuginfod.ubuntu.com /usr/bin/cmake --build /home/vtcro/car_robot_ws/build/mini_car_bot -- -j12 -l12
[0.330s] INFO:colcon.colcon_core.task.python.build:Building Python package in '/home/vtcro/car_robot_ws/src/my_robot_pkg'
[0.330s] DEBUG:colcon.colcon_core.shell:Skip shell extension 'dsv' for command environment
[0.340s] DEBUG:colcon.colcon_core.event_handler.log_command:Invoking command in '/home/vtcro/car_robot_ws/build/my_robot_pkg2': CMAKE_PREFIX_PATH=${CMAKE_PREFIX_PATH}:/opt/ros/jazzy DEBUGINFOD_URLS=https://debuginfod.ubuntu.com /usr/bin/cmake /home/vtcro/car_robot_ws/src/my_robot_pkg2 -DAMENT_CMAKE_SYMLINK_INSTALL=1 -DCMAKE_INSTALL_PREFIX=/home/vtcro/car_robot_ws/install/my_robot_pkg2
[0.341s] DEBUG:colcon.colcon_core.event_handler.log_command:Invoked command in '/home/vtcro/car_robot_ws/build/mini_car_bot' returned '0': CMAKE_PREFIX_PATH=${CMAKE_PREFIX_PATH}:/opt/ros/jazzy DEBUGINFOD_URLS=https://debuginfod.ubuntu.com /usr/bin/cmake --build /home/vtcro/car_robot_ws/build/mini_car_bot -- -j12 -l12
[0.349s] DEBUG:colcon.colcon_core.event_handler.log_command:Invoking command in '/home/vtcro/car_robot_ws/build/mini_car_bot': CMAKE_PREFIX_PATH=${CMAKE_PREFIX_PATH}:/opt/ros/jazzy DEBUGINFOD_URLS=https://debuginfod.ubuntu.com /usr/bin/cmake --install /home/vtcro/car_robot_ws/build/mini_car_bot
[0.370s] Level 1:colcon.colcon_core.environment:create_environment_scripts_only(mini_car_bot)
[0.370s] DEBUG:colcon.colcon_core.event_handler.log_command:Invoked command in '/home/vtcro/car_robot_ws/build/mini_car_bot' returned '0': CMAKE_PREFIX_PATH=${CMAKE_PREFIX_PATH}:/opt/ros/jazzy DEBUGINFOD_URLS=https://debuginfod.ubuntu.com /usr/bin/cmake --install /home/vtcro/car_robot_ws/build/mini_car_bot
[0.372s] Level 1:colcon.colcon_core.environment:checking '/home/vtcro/car_robot_ws/install/mini_car_bot' for CMake module files
[0.372s] Level 1:colcon.colcon_core.environment:checking '/home/vtcro/car_robot_ws/install/mini_car_bot' for CMake config files
[0.373s] Level 1:colcon.colcon_core.shell:create_environment_hook('mini_car_bot', 'cmake_prefix_path')
[0.373s] INFO:colcon.colcon_core.shell:Creating environment descriptor '/home/vtcro/car_robot_ws/install/mini_car_bot/share/mini_car_bot/hook/cmake_prefix_path.dsv'
[0.373s] INFO:colcon.colcon_core.shell:Creating environment hook '/home/vtcro/car_robot_ws/install/mini_car_bot/share/mini_car_bot/hook/cmake_prefix_path.sh'
[0.374s] Level 1:colcon.colcon_core.environment:checking '/home/vtcro/car_robot_ws/install/mini_car_bot/bin'
[0.374s] Level 1:colcon.colcon_core.environment:checking '/home/vtcro/car_robot_ws/install/mini_car_bot/lib/pkgconfig/mini_car_bot.pc'
[0.374s] Level 1:colcon.colcon_core.environment:checking '/home/vtcro/car_robot_ws/install/mini_car_bot/lib/python3.12/site-packages'
[0.374s] Level 1:colcon.colcon_core.environment:checking '/home/vtcro/car_robot_ws/install/mini_car_bot/bin'
[0.374s] INFO:colcon.colcon_core.shell:Creating package descriptor '/home/vtcro/car_robot_ws/install/mini_car_bot/share/mini_car_bot/package.dsv'
[0.374s] INFO:colcon.colcon_core.shell:Creating package script '/home/vtcro/car_robot_ws/install/mini_car_bot/share/mini_car_bot/package.sh'
[0.375s] INFO:colcon.colcon_core.shell:Creating package script '/home/vtcro/car_robot_ws/install/mini_car_bot/share/mini_car_bot/package.bash'
[0.375s] INFO:colcon.colcon_core.shell:Creating package script '/home/vtcro/car_robot_ws/install/mini_car_bot/share/mini_car_bot/package.zsh'
[0.376s] Level 1:colcon.colcon_core.environment:create_file_with_runtime_dependencies(/home/vtcro/car_robot_ws/install/mini_car_bot/share/colcon-core/packages/mini_car_bot)
[0.376s] Level 1:colcon.colcon_core.environment:create_environment_scripts_only(mini_car_bot)
[0.376s] Level 1:colcon.colcon_core.environment:checking '/home/vtcro/car_robot_ws/install/mini_car_bot' for CMake module files
[0.376s] Level 1:colcon.colcon_core.environment:checking '/home/vtcro/car_robot_ws/install/mini_car_bot' for CMake config files
[0.377s] Level 1:colcon.colcon_core.shell:create_environment_hook('mini_car_bot', 'cmake_prefix_path')
[0.377s] INFO:colcon.colcon_core.shell:Creating environment descriptor '/home/vtcro/car_robot_ws/install/mini_car_bot/share/mini_car_bot/hook/cmake_prefix_path.dsv'
[0.377s] INFO:colcon.colcon_core.shell:Creating environment hook '/home/vtcro/car_robot_ws/install/mini_car_bot/share/mini_car_bot/hook/cmake_prefix_path.sh'
[0.377s] Level 1:colcon.colcon_core.environment:checking '/home/vtcro/car_robot_ws/install/mini_car_bot/bin'
[0.377s] Level 1:colcon.colcon_core.environment:checking '/home/vtcro/car_robot_ws/install/mini_car_bot/lib/pkgconfig/mini_car_bot.pc'
[0.377s] Level 1:colcon.colcon_core.environment:checking '/home/vtcro/car_robot_ws/install/mini_car_bot/lib/python3.12/site-packages'
[0.378s] Level 1:colcon.colcon_core.environment:checking '/home/vtcro/car_robot_ws/install/mini_car_bot/bin'
[0.378s] INFO:colcon.colcon_core.shell:Creating package descriptor '/home/vtcro/car_robot_ws/install/mini_car_bot/share/mini_car_bot/package.dsv'
[0.378s] INFO:colcon.colcon_core.shell:Creating package script '/home/vtcro/car_robot_ws/install/mini_car_bot/share/mini_car_bot/package.sh'
[0.378s] INFO:colcon.colcon_core.shell:Creating package script '/home/vtcro/car_robot_ws/install/mini_car_bot/share/mini_car_bot/package.bash'
[0.379s] INFO:colcon.colcon_core.shell:Creating package script '/home/vtcro/car_robot_ws/install/mini_car_bot/share/mini_car_bot/package.zsh'
[0.379s] Level 1:colcon.colcon_core.environment:create_file_with_runtime_dependencies(/home/vtcro/car_robot_ws/install/mini_car_bot/share/colcon-core/packages/mini_car_bot)
[0.838s] DEBUG:colcon.colcon_core.event_handler.log_command:Invoking command in '/home/vtcro/car_robot_ws/build/my_robot_pkg': DEBUGINFOD_URLS=https://debuginfod.ubuntu.com PYTHONPATH=/home/vtcro/car_robot_ws/build/my_robot_pkg/prefix_override:/usr/lib/python3/dist-packages/colcon_core/task/python/colcon_distutils_commands:/home/vtcro/car_robot_ws/install/my_robot_pkg/lib/python3.12/site-packages:${PYTHONPATH} /usr/bin/python3 -W ignore:setup.py install is deprecated -W ignore:easy_install command is deprecated setup.py develop --editable --build-directory /home/vtcro/car_robot_ws/build/my_robot_pkg/build --no-deps symlink_data
[0.963s] DEBUG:colcon.colcon_core.event_handler.log_command:Invoked command in '/home/vtcro/car_robot_ws/build/my_robot_pkg2' returned '0': CMAKE_PREFIX_PATH=${CMAKE_PREFIX_PATH}:/opt/ros/jazzy DEBUGINFOD_URLS=https://debuginfod.ubuntu.com /usr/bin/cmake /home/vtcro/car_robot_ws/src/my_robot_pkg2 -DAMENT_CMAKE_SYMLINK_INSTALL=1 -DCMAKE_INSTALL_PREFIX=/home/vtcro/car_robot_ws/install/my_robot_pkg2
[0.963s] DEBUG:colcon.colcon_core.event_handler.log_command:Invoking command in '/home/vtcro/car_robot_ws/build/my_robot_pkg2': CMAKE_PREFIX_PATH=${CMAKE_PREFIX_PATH}:/opt/ros/jazzy DEBUGINFOD_URLS=https://debuginfod.ubuntu.com /usr/bin/cmake --build /home/vtcro/car_robot_ws/build/my_robot_pkg2 -- -j12 -l12
[1.000s] DEBUG:colcon.colcon_core.event_handler.log_command:Invoked command in '/home/vtcro/car_robot_ws/build/my_robot_pkg2' returned '0': CMAKE_PREFIX_PATH=${CMAKE_PREFIX_PATH}:/opt/ros/jazzy DEBUGINFOD_URLS=https://debuginfod.ubuntu.com /usr/bin/cmake --build /home/vtcro/car_robot_ws/build/my_robot_pkg2 -- -j12 -l12
[1.001s] DEBUG:colcon.colcon_core.event_handler.log_command:Invoking command in '/home/vtcro/car_robot_ws/build/my_robot_pkg2': CMAKE_PREFIX_PATH=${CMAKE_PREFIX_PATH}:/opt/ros/jazzy DEBUGINFOD_URLS=https://debuginfod.ubuntu.com /usr/bin/cmake --install /home/vtcro/car_robot_ws/build/my_robot_pkg2
[1.129s] Level 1:colcon.colcon_core.environment:create_environment_scripts_only(my_robot_pkg2)
[1.130s] DEBUG:colcon.colcon_core.event_handler.log_command:Invoked command in '/home/vtcro/car_robot_ws/build/my_robot_pkg2' returned '0': CMAKE_PREFIX_PATH=${CMAKE_PREFIX_PATH}:/opt/ros/jazzy DEBUGINFOD_URLS=https://debuginfod.ubuntu.com /usr/bin/cmake --install /home/vtcro/car_robot_ws/build/my_robot_pkg2
[1.130s] Level 1:colcon.colcon_core.environment:checking '/home/vtcro/car_robot_ws/install/my_robot_pkg2' for CMake module files
[1.130s] Level 1:colcon.colcon_core.environment:checking '/home/vtcro/car_robot_ws/install/my_robot_pkg2' for CMake config files
[1.130s] Level 1:colcon.colcon_core.shell:create_environment_hook('my_robot_pkg2', 'cmake_prefix_path')
[1.131s] INFO:colcon.colcon_core.shell:Creating environment descriptor '/home/vtcro/car_robot_ws/install/my_robot_pkg2/share/my_robot_pkg2/hook/cmake_prefix_path.dsv'
[1.131s] INFO:colcon.colcon_core.shell:Creating environment hook '/home/vtcro/car_robot_ws/install/my_robot_pkg2/share/my_robot_pkg2/hook/cmake_prefix_path.sh'
[1.131s] Level 1:colcon.colcon_core.environment:checking '/home/vtcro/car_robot_ws/install/my_robot_pkg2/bin'
[1.131s] Level 1:colcon.colcon_core.environment:checking '/home/vtcro/car_robot_ws/install/my_robot_pkg2/lib/pkgconfig/my_robot_pkg2.pc'
[1.131s] Level 1:colcon.colcon_core.environment:checking '/home/vtcro/car_robot_ws/install/my_robot_pkg2/lib/python3.12/site-packages'
[1.132s] Level 1:colcon.colcon_core.environment:checking '/home/vtcro/car_robot_ws/install/my_robot_pkg2/bin'
[1.132s] INFO:colcon.colcon_core.shell:Creating package descriptor '/home/vtcro/car_robot_ws/install/my_robot_pkg2/share/my_robot_pkg2/package.dsv'
[1.132s] INFO:colcon.colcon_core.shell:Creating package script '/home/vtcro/car_robot_ws/install/my_robot_pkg2/share/my_robot_pkg2/package.sh'
[1.132s] INFO:colcon.colcon_core.shell:Creating package script '/home/vtcro/car_robot_ws/install/my_robot_pkg2/share/my_robot_pkg2/package.bash'
[1.132s] INFO:colcon.colcon_core.shell:Creating package script '/home/vtcro/car_robot_ws/install/my_robot_pkg2/share/my_robot_pkg2/package.zsh'
[1.133s] Level 1:colcon.colcon_core.environment:create_file_with_runtime_dependencies(/home/vtcro/car_robot_ws/install/my_robot_pkg2/share/colcon-core/packages/my_robot_pkg2)
[1.133s] Level 1:colcon.colcon_core.environment:create_environment_scripts_only(my_robot_pkg2)
[1.133s] Level 1:colcon.colcon_core.environment:checking '/home/vtcro/car_robot_ws/install/my_robot_pkg2' for CMake module files
[1.133s] Level 1:colcon.colcon_core.environment:checking '/home/vtcro/car_robot_ws/install/my_robot_pkg2' for CMake config files
[1.133s] Level 1:colcon.colcon_core.shell:create_environment_hook('my_robot_pkg2', 'cmake_prefix_path')
[1.133s] INFO:colcon.colcon_core.shell:Creating environment descriptor '/home/vtcro/car_robot_ws/install/my_robot_pkg2/share/my_robot_pkg2/hook/cmake_prefix_path.dsv'
[1.134s] INFO:colcon.colcon_core.shell:Creating environment hook '/home/vtcro/car_robot_ws/install/my_robot_pkg2/share/my_robot_pkg2/hook/cmake_prefix_path.sh'
[1.134s] Level 1:colcon.colcon_core.environment:checking '/home/vtcro/car_robot_ws/install/my_robot_pkg2/bin'
[1.134s] Level 1:colcon.colcon_core.environment:checking '/home/vtcro/car_robot_ws/install/my_robot_pkg2/lib/pkgconfig/my_robot_pkg2.pc'
[1.134s] Level 1:colcon.colcon_core.environment:checking '/home/vtcro/car_robot_ws/install/my_robot_pkg2/lib/python3.12/site-packages'
[1.134s] Level 1:colcon.colcon_core.environment:checking '/home/vtcro/car_robot_ws/install/my_robot_pkg2/bin'
[1.134s] INFO:colcon.colcon_core.shell:Creating package descriptor '/home/vtcro/car_robot_ws/install/my_robot_pkg2/share/my_robot_pkg2/package.dsv'
[1.135s] INFO:colcon.colcon_core.shell:Creating package script '/home/vtcro/car_robot_ws/install/my_robot_pkg2/share/my_robot_pkg2/package.sh'
[1.135s] INFO:colcon.colcon_core.shell:Creating package script '/home/vtcro/car_robot_ws/install/my_robot_pkg2/share/my_robot_pkg2/package.bash'
[1.135s] INFO:colcon.colcon_core.shell:Creating package script '/home/vtcro/car_robot_ws/install/my_robot_pkg2/share/my_robot_pkg2/package.zsh'
[1.135s] Level 1:colcon.colcon_core.environment:create_file_with_runtime_dependencies(/home/vtcro/car_robot_ws/install/my_robot_pkg2/share/colcon-core/packages/my_robot_pkg2)
[1.395s] Level 1:colcon.colcon_core.shell:create_environment_hook('my_robot_pkg', 'pythonpath_develop')
[1.395s] INFO:colcon.colcon_core.shell:Creating environment descriptor '/home/vtcro/car_robot_ws/build/my_robot_pkg/share/my_robot_pkg/hook/pythonpath_develop.dsv'
[1.395s] DEBUG:colcon.colcon_core.event_handler.log_command:Invoked command in '/home/vtcro/car_robot_ws/build/my_robot_pkg' returned '0': DEBUGINFOD_URLS=https://debuginfod.ubuntu.com PYTHONPATH=/home/vtcro/car_robot_ws/build/my_robot_pkg/prefix_override:/usr/lib/python3/dist-packages/colcon_core/task/python/colcon_distutils_commands:/home/vtcro/car_robot_ws/install/my_robot_pkg/lib/python3.12/site-packages:${PYTHONPATH} /usr/bin/python3 -W ignore:setup.py install is deprecated -W ignore:easy_install command is deprecated setup.py develop --editable --build-directory /home/vtcro/car_robot_ws/build/my_robot_pkg/build --no-deps symlink_data
[1.395s] INFO:colcon.colcon_core.shell:Creating environment hook '/home/vtcro/car_robot_ws/build/my_robot_pkg/share/my_robot_pkg/hook/pythonpath_develop.sh'
[1.396s] Level 1:colcon.colcon_core.environment:checking '/home/vtcro/car_robot_ws/install/my_robot_pkg' for CMake module files
[1.396s] Level 1:colcon.colcon_core.environment:checking '/home/vtcro/car_robot_ws/install/my_robot_pkg' for CMake config files
[1.397s] Level 1:colcon.colcon_core.environment:checking '/home/vtcro/car_robot_ws/install/my_robot_pkg/lib'
[1.397s] Level 1:colcon.colcon_core.environment:checking '/home/vtcro/car_robot_ws/install/my_robot_pkg/bin'
[1.397s] Level 1:colcon.colcon_core.environment:checking '/home/vtcro/car_robot_ws/install/my_robot_pkg/lib/pkgconfig/my_robot_pkg.pc'
[1.397s] Level 1:colcon.colcon_core.environment:checking '/home/vtcro/car_robot_ws/install/my_robot_pkg/lib/python3.12/site-packages'
[1.397s] Level 1:colcon.colcon_core.shell:create_environment_hook('my_robot_pkg', 'pythonpath')
[1.397s] INFO:colcon.colcon_core.shell:Creating environment descriptor '/home/vtcro/car_robot_ws/install/my_robot_pkg/share/my_robot_pkg/hook/pythonpath.dsv'
[1.398s] INFO:colcon.colcon_core.shell:Creating environment hook '/home/vtcro/car_robot_ws/install/my_robot_pkg/share/my_robot_pkg/hook/pythonpath.sh'
[1.398s] Level 1:colcon.colcon_core.environment:checking '/home/vtcro/car_robot_ws/install/my_robot_pkg/bin'
[1.398s] Level 1:colcon.colcon_core.environment:create_environment_scripts_only(my_robot_pkg)
[1.398s] INFO:colcon.colcon_core.shell:Creating package descriptor '/home/vtcro/car_robot_ws/install/my_robot_pkg/share/my_robot_pkg/package.dsv'
[1.399s] INFO:colcon.colcon_core.shell:Creating package script '/home/vtcro/car_robot_ws/install/my_robot_pkg/share/my_robot_pkg/package.sh'
[1.399s] INFO:colcon.colcon_core.shell:Creating package script '/home/vtcro/car_robot_ws/install/my_robot_pkg/share/my_robot_pkg/package.bash'
[1.399s] INFO:colcon.colcon_core.shell:Creating package script '/home/vtcro/car_robot_ws/install/my_robot_pkg/share/my_robot_pkg/package.zsh'
[1.400s] Level 1:colcon.colcon_core.environment:create_file_with_runtime_dependencies(/home/vtcro/car_robot_ws/install/my_robot_pkg/share/colcon-core/packages/my_robot_pkg)
[1.400s] DEBUG:colcon.colcon_parallel_executor.executor.parallel:closing loop
[1.400s] DEBUG:colcon.colcon_parallel_executor.executor.parallel:loop closed
[1.400s] DEBUG:colcon.colcon_parallel_executor.executor.parallel:run_until_complete finished with '0'
[1.400s] DEBUG:colcon.colcon_core.event_reactor:joining thread
[1.406s] INFO:colcon.colcon_core.plugin_system:Skipping extension 'colcon_notification.desktop_notification.terminal_notifier': Not used on non-Darwin systems
[1.406s] INFO:colcon.colcon_core.plugin_system:Skipping extension 'colcon_notification.desktop_notification.win32': Not used on non-Windows systems
[1.406s] INFO:colcon.colcon_notification.desktop_notification:Sending desktop notification using 'notify2'
[1.428s] DEBUG:colcon.colcon_core.event_reactor:joined thread
[1.428s] INFO:colcon.colcon_core.shell:Creating prefix script '/home/vtcro/car_robot_ws/install/local_setup.sh'
[1.429s] INFO:colcon.colcon_core.shell:Creating prefix util module '/home/vtcro/car_robot_ws/install/_local_setup_util_sh.py'
[1.429s] INFO:colcon.colcon_core.shell:Creating prefix chain script '/home/vtcro/car_robot_ws/install/setup.sh'
[1.430s] INFO:colcon.colcon_core.shell:Creating prefix script '/home/vtcro/car_robot_ws/install/local_setup.bash'
[1.430s] INFO:colcon.colcon_core.shell:Creating prefix chain script '/home/vtcro/car_robot_ws/install/setup.bash'
[1.431s] INFO:colcon.colcon_core.shell:Creating prefix script '/home/vtcro/car_robot_ws/install/local_setup.zsh'
[1.431s] INFO:colcon.colcon_core.shell:Creating prefix chain script '/home/vtcro/car_robot_ws/install/setup.zsh'
