[0.027s] Invoking command in '/home/houndsito/DingoQuadruped/dingo_ws/build/dingo_gazebo': DEBUGINFOD_URLS=https://debuginfod.ubuntu.com /usr/bin/cmake /home/houndsito/DingoQuadruped/dingo_ws/src/dingo_gazebo -DCATKIN_INSTALL_INTO_PREFIX_ROOT=0 -DCMAKE_INSTALL_PREFIX=/home/houndsito/DingoQuadruped/dingo_ws/install/dingo_gazebo
[0.049s] [0mCMake Deprecation Warning at CMakeLists.txt:1 (cmake_minimum_required):
[0.049s]   Compatibility with CMake < 3.5 will be removed from a future version of
[0.049s]   CMake.
[0.049s] 
[0.049s]   Update the VERSION argument <min> value or use a ...<max> suffix to tell
[0.050s]   CMake that the project does not need compatibility with older versions.
[0.050s] 
[0.050s] [0m
[0.168s] -- The C compiler identification is GNU 13.3.0
[0.265s] -- The CXX compiler identification is GNU 13.3.0
[0.285s] -- Detecting C compiler ABI info
[0.377s] -- Detecting C compiler ABI info - done
[0.384s] -- Check for working C compiler: /usr/bin/cc - skipped
[0.384s] -- Detecting C compile features
[0.385s] -- Detecting C compile features - done
[0.394s] -- Detecting CXX compiler ABI info
[0.492s] -- Detecting CXX compiler ABI info - done
[0.501s] -- Check for working CXX compiler: /usr/bin/c++ - skipped
[0.501s] -- Detecting CXX compile features
[0.501s] -- Detecting CXX compile features - done
[0.520s] [31mCMake Error at CMakeLists.txt:4 (find_package):
[0.520s]   By not providing "Findcatkin.cmake" in CMAKE_MODULE_PATH this project has
[0.520s]   asked CMake to find a package configuration file provided by "catkin", but
[0.520s]   CMake did not find one.
[0.520s] 
[0.520s]   Could not find a package configuration file provided by "catkin" with any
[0.520s]   of the following names:
[0.520s] 
[0.520s]     catkinConfig.cmake
[0.520s]     catkin-config.cmake
[0.520s] 
[0.520s]   Add the installation prefix of "catkin" to CMAKE_PREFIX_PATH or set
[0.520s]   "catkin_DIR" to a directory containing one of the above files.  If "catkin"
[0.520s]   provides a separate development package or SDK, be sure it has been
[0.521s]   installed.
[0.521s] 
[0.521s] [0m
[0.521s] -- Configuring incomplete, errors occurred!
[0.529s] Invoked command in '/home/houndsito/DingoQuadruped/dingo_ws/build/dingo_gazebo' returned '1': DEBUGINFOD_URLS=https://debuginfod.ubuntu.com /usr/bin/cmake /home/houndsito/DingoQuadruped/dingo_ws/src/dingo_gazebo -DCATKIN_INSTALL_INTO_PREFIX_ROOT=0 -DCMAKE_INSTALL_PREFIX=/home/houndsito/DingoQuadruped/dingo_ws/install/dingo_gazebo
