[0.035s] Invoking command in '/home/vtcro/robogamescode/dingo_ws/build/dingo_peripheral_interfacing': DEBUGINFOD_URLS=https://debuginfod.ubuntu.com /usr/bin/cmake /home/vtcro/robogamescode/dingo_ws/src/dingo_hardware_interfacing/dingo_peripheral_interfacing -DCATKIN_INSTALL_INTO_PREFIX_ROOT=0 -DCMAKE_INSTALL_PREFIX=/home/vtcro/robogamescode/dingo_ws/install/dingo_peripheral_interfacing
[0.044s] [0mCMake Deprecation Warning at CMakeLists.txt:1 (cmake_minimum_required):
[0.044s]   Compatibility with CMake < 3.5 will be removed from a future version of
[0.044s]   CMake.
[0.044s] 
[0.044s]   Update the VERSION argument <min> value or use a ...<max> suffix to tell
[0.044s]   CMake that the project does not need compatibility with older versions.
[0.044s] 
[0.044s] [0m
[0.099s] -- The C compiler identification is GNU 13.3.0
[0.161s] -- The CXX compiler identification is GNU 13.3.0
[0.179s] -- Detecting C compiler ABI info
[0.271s] -- Detecting C compiler ABI info - done
[0.283s] -- Check for working C compiler: /usr/bin/cc - skipped
[0.283s] -- Detecting C compile features
[0.284s] -- Detecting C compile features - done
[0.294s] -- Detecting CXX compiler ABI info
[0.392s] -- Detecting CXX compiler ABI info - done
[0.401s] -- Check for working CXX compiler: /usr/bin/c++ - skipped
[0.401s] -- Detecting CXX compile features
[0.401s] -- Detecting CXX compile features - done
[0.416s] [31mCMake Error at CMakeLists.txt:10 (find_package):
[0.416s]   By not providing "Findcatkin.cmake" in CMAKE_MODULE_PATH this project has
[0.416s]   asked CMake to find a package configuration file provided by "catkin", but
[0.416s]   CMake did not find one.
[0.416s] 
[0.416s]   Could not find a package configuration file provided by "catkin" with any
[0.416s]   of the following names:
[0.417s] 
[0.417s]     catkinConfig.cmake
[0.417s]     catkin-config.cmake
[0.417s] 
[0.417s]   Add the installation prefix of "catkin" to CMAKE_PREFIX_PATH or set
[0.417s]   "catkin_DIR" to a directory containing one of the above files.  If "catkin"
[0.417s]   provides a separate development package or SDK, be sure it has been
[0.417s]   installed.
[0.417s] 
[0.417s] [0m
[0.417s] -- Configuring incomplete, errors occurred!
[0.428s] Invoked command in '/home/vtcro/robogamescode/dingo_ws/build/dingo_peripheral_interfacing' returned '1': DEBUGINFOD_URLS=https://debuginfod.ubuntu.com /usr/bin/cmake /home/vtcro/robogamescode/dingo_ws/src/dingo_hardware_interfacing/dingo_peripheral_interfacing -DCATKIN_INSTALL_INTO_PREFIX_ROOT=0 -DCMAKE_INSTALL_PREFIX=/home/vtcro/robogamescode/dingo_ws/install/dingo_peripheral_interfacing
