-- The C compiler identification is GNU 13.3.0
-- The CXX compiler identification is GNU 13.3.0
-- Detecting C compiler ABI info
-- Detecting C compiler ABI info - done
-- Check for working C compiler: /usr/bin/cc - skipped
-- Detecting C compile features
-- Detecting C compile features - done
-- Detecting CXX compiler ABI info
-- Detecting CXX compiler ABI info - done
-- Check for working CXX compiler: /usr/bin/c++ - skipped
-- Detecting CXX compile features
-- Detecting CXX compile features - done
-- Found ament_cmake: 2.5.2 (/opt/ros2_jazzy/ros2-linux/share/ament_cmake/cmake)
-- Found Python3: /usr/bin/python3 (found version "3.12.3") found components: Interpreter 
-- Override CMake install command with custom implementation using symlinks instead of copying resources
-- Found ament_lint_auto: 0.17.1 (/opt/ros2_jazzy/ros2-linux/share/ament_lint_auto/cmake)
-- Added test 'lint_cmake' to check CMake code style
-- Added test 'xmllint' to check XML markup files
-- Configuring done (0.6s)
-- Generating done (0.0s)
-- Build files have been written to: /home/vtcro/car_robot_ws/build/my_robot_pkg2
-- Install configuration: ""
-- Execute custom install script
-- Symlinking: /home/vtcro/car_robot_ws/install/my_robot_pkg2/share/ament_index/resource_index/package_run_dependencies/my_robot_pkg2
-- Symlinking: /home/vtcro/car_robot_ws/install/my_robot_pkg2/share/ament_index/resource_index/parent_prefix_path/my_robot_pkg2
-- Symlinking: /home/vtcro/car_robot_ws/install/my_robot_pkg2/share/my_robot_pkg2/environment/ament_prefix_path.sh
-- Symlinking: /home/vtcro/car_robot_ws/install/my_robot_pkg2/share/my_robot_pkg2/environment/ament_prefix_path.dsv
-- Symlinking: /home/vtcro/car_robot_ws/install/my_robot_pkg2/share/my_robot_pkg2/environment/path.sh
-- Symlinking: /home/vtcro/car_robot_ws/install/my_robot_pkg2/share/my_robot_pkg2/environment/path.dsv
-- Symlinking: /home/vtcro/car_robot_ws/install/my_robot_pkg2/share/my_robot_pkg2/local_setup.bash
-- Symlinking: /home/vtcro/car_robot_ws/install/my_robot_pkg2/share/my_robot_pkg2/local_setup.sh
-- Symlinking: /home/vtcro/car_robot_ws/install/my_robot_pkg2/share/my_robot_pkg2/local_setup.zsh
-- Symlinking: /home/vtcro/car_robot_ws/install/my_robot_pkg2/share/my_robot_pkg2/local_setup.dsv
-- Symlinking: /home/vtcro/car_robot_ws/install/my_robot_pkg2/share/my_robot_pkg2/package.dsv
-- Symlinking: /home/vtcro/car_robot_ws/install/my_robot_pkg2/share/ament_index/resource_index/packages/my_robot_pkg2
-- Symlinking: /home/vtcro/car_robot_ws/install/my_robot_pkg2/share/my_robot_pkg2/cmake/my_robot_pkg2Config.cmake
-- Symlinking: /home/vtcro/car_robot_ws/install/my_robot_pkg2/share/my_robot_pkg2/cmake/my_robot_pkg2Config-version.cmake
-- Symlinking: /home/vtcro/car_robot_ws/install/my_robot_pkg2/share/my_robot_pkg2/package.xml
