[0.078s] DEBUG:colcon:Command line arguments: ['/usr/bin/colcon', 'build']
[0.078s] DEBUG:colcon:Parsed command line arguments: Namespace(log_base=None, log_level=None, verb_name='build', build_base='build', install_base='install', merge_install=False, symlink_install=False, test_result_base=None, continue_on_error=False, executor='parallel', parallel_workers=12, event_handlers=None, ignore_user_meta=False, metas=['./colcon.meta'], base_paths=['.'], packages_ignore=None, packages_ignore_regex=None, paths=None, packages_up_to=None, packages_up_to_regex=None, packages_above=None, packages_above_and_dependencies=None, packages_above_depth=None, packages_select_by_dep=None, packages_skip_by_dep=None, packages_skip_up_to=None, packages_select_build_failed=False, packages_skip_build_finished=False, packages_select_test_failures=False, packages_skip_test_passed=False, packages_select=None, packages_skip=None, packages_select_regex=None, packages_skip_regex=None, packages_start=None, packages_end=None, cmake_args=None, cmake_target=None, cmake_target_skip_unavailable=False, cmake_clean_cache=False, cmake_clean_first=False, cmake_force_configure=False, ament_cmake_args=None, catkin_cmake_args=None, catkin_skip_building_tests=False, verb_parser=<colcon_defaults.argument_parser.defaults.DefaultArgumentsDecorator object at 0x7262ab907890>, verb_extension=<colcon_core.verb.build.BuildVerb object at 0x7262abbc9010>, main=<bound method BuildVerb.main of <colcon_core.verb.build.BuildVerb object at 0x7262abbc9010>>)
[0.108s] Level 1:colcon.colcon_core.package_discovery:discover_packages(colcon_meta) check parameters
[0.109s] Level 1:colcon.colcon_core.package_discovery:discover_packages(recursive) check parameters
[0.109s] Level 1:colcon.colcon_core.package_discovery:discover_packages(ignore) check parameters
[0.109s] Level 1:colcon.colcon_core.package_discovery:discover_packages(path) check parameters
[0.109s] Level 1:colcon.colcon_core.package_discovery:discover_packages(colcon_meta) discover
[0.109s] Level 1:colcon.colcon_core.package_discovery:discover_packages(recursive) discover
[0.109s] INFO:colcon.colcon_core.package_discovery:Crawling recursively for packages in '/home/vtcro/car_robot_ws'
[0.109s] Level 1:colcon.colcon_core.package_identification:_identify(.) by extensions ['ignore', 'ignore_ament_install']
[0.109s] Level 1:colcon.colcon_core.package_identification:_identify(.) by extension 'ignore'
[0.109s] Level 1:colcon.colcon_core.package_identification:_identify(.) by extension 'ignore_ament_install'
[0.109s] Level 1:colcon.colcon_core.package_identification:_identify(.) by extensions ['colcon_pkg']
[0.109s] Level 1:colcon.colcon_core.package_identification:_identify(.) by extension 'colcon_pkg'
[0.109s] Level 1:colcon.colcon_core.package_identification:_identify(.) by extensions ['colcon_meta']
[0.109s] Level 1:colcon.colcon_core.package_identification:_identify(.) by extension 'colcon_meta'
[0.109s] Level 1:colcon.colcon_core.package_identification:_identify(.) by extensions ['ros']
[0.109s] Level 1:colcon.colcon_core.package_identification:_identify(.) by extension 'ros'
[0.127s] Level 1:colcon.colcon_core.package_identification:_identify(.) by extensions ['cmake', 'python']
[0.127s] Level 1:colcon.colcon_core.package_identification:_identify(.) by extension 'cmake'
[0.127s] Level 1:colcon.colcon_core.package_identification:_identify(.) by extension 'python'
[0.127s] Level 1:colcon.colcon_core.package_identification:_identify(.) by extensions ['python_setup_py']
[0.127s] Level 1:colcon.colcon_core.package_identification:_identify(.) by extension 'python_setup_py'
[0.127s] Level 1:colcon.colcon_core.package_identification:_identify(build) by extensions ['ignore', 'ignore_ament_install']
[0.127s] Level 1:colcon.colcon_core.package_identification:_identify(build) by extension 'ignore'
[0.127s] Level 1:colcon.colcon_core.package_identification:_identify(build) ignored
[0.127s] Level 1:colcon.colcon_core.package_identification:_identify(install) by extensions ['ignore', 'ignore_ament_install']
[0.128s] Level 1:colcon.colcon_core.package_identification:_identify(install) by extension 'ignore'
[0.128s] Level 1:colcon.colcon_core.package_identification:_identify(install) ignored
[0.128s] Level 1:colcon.colcon_core.package_identification:_identify(log) by extensions ['ignore', 'ignore_ament_install']
[0.128s] Level 1:colcon.colcon_core.package_identification:_identify(log) by extension 'ignore'
[0.128s] Level 1:colcon.colcon_core.package_identification:_identify(log) ignored
[0.128s] Level 1:colcon.colcon_core.package_identification:_identify(src) by extensions ['ignore', 'ignore_ament_install']
[0.128s] Level 1:colcon.colcon_core.package_identification:_identify(src) by extension 'ignore'
[0.128s] Level 1:colcon.colcon_core.package_identification:_identify(src) by extension 'ignore_ament_install'
[0.128s] Level 1:colcon.colcon_core.package_identification:_identify(src) by extensions ['colcon_pkg']
[0.128s] Level 1:colcon.colcon_core.package_identification:_identify(src) by extension 'colcon_pkg'
[0.128s] Level 1:colcon.colcon_core.package_identification:_identify(src) by extensions ['colcon_meta']
[0.128s] Level 1:colcon.colcon_core.package_identification:_identify(src) by extension 'colcon_meta'
[0.128s] Level 1:colcon.colcon_core.package_identification:_identify(src) by extensions ['ros']
[0.128s] Level 1:colcon.colcon_core.package_identification:_identify(src) by extension 'ros'
[0.128s] Level 1:colcon.colcon_core.package_identification:_identify(src) by extensions ['cmake', 'python']
[0.128s] Level 1:colcon.colcon_core.package_identification:_identify(src) by extension 'cmake'
[0.128s] Level 1:colcon.colcon_core.package_identification:_identify(src) by extension 'python'
[0.128s] Level 1:colcon.colcon_core.package_identification:_identify(src) by extensions ['python_setup_py']
[0.128s] Level 1:colcon.colcon_core.package_identification:_identify(src) by extension 'python_setup_py'
[0.128s] Level 1:colcon.colcon_core.package_identification:_identify(src/mini_car_bot) by extensions ['ignore', 'ignore_ament_install']
[0.128s] Level 1:colcon.colcon_core.package_identification:_identify(src/mini_car_bot) by extension 'ignore'
[0.128s] Level 1:colcon.colcon_core.package_identification:_identify(src/mini_car_bot) by extension 'ignore_ament_install'
[0.128s] Level 1:colcon.colcon_core.package_identification:_identify(src/mini_car_bot) by extensions ['colcon_pkg']
[0.128s] Level 1:colcon.colcon_core.package_identification:_identify(src/mini_car_bot) by extension 'colcon_pkg'
[0.128s] Level 1:colcon.colcon_core.package_identification:_identify(src/mini_car_bot) by extensions ['colcon_meta']
[0.128s] Level 1:colcon.colcon_core.package_identification:_identify(src/mini_car_bot) by extension 'colcon_meta'
[0.129s] Level 1:colcon.colcon_core.package_identification:_identify(src/mini_car_bot) by extensions ['ros']
[0.129s] Level 1:colcon.colcon_core.package_identification:_identify(src/mini_car_bot) by extension 'ros'
[0.130s] DEBUG:colcon.colcon_core.package_identification:Package 'src/mini_car_bot' with type 'ros.ament_cmake' and name 'mini_car_bot'
[0.130s] Level 1:colcon.colcon_core.package_identification:_identify(src/my_robot_pkg) by extensions ['ignore', 'ignore_ament_install']
[0.130s] Level 1:colcon.colcon_core.package_identification:_identify(src/my_robot_pkg) by extension 'ignore'
[0.130s] Level 1:colcon.colcon_core.package_identification:_identify(src/my_robot_pkg) by extension 'ignore_ament_install'
[0.130s] Level 1:colcon.colcon_core.package_identification:_identify(src/my_robot_pkg) by extensions ['colcon_pkg']
[0.130s] Level 1:colcon.colcon_core.package_identification:_identify(src/my_robot_pkg) by extension 'colcon_pkg'
[0.130s] Level 1:colcon.colcon_core.package_identification:_identify(src/my_robot_pkg) by extensions ['colcon_meta']
[0.130s] Level 1:colcon.colcon_core.package_identification:_identify(src/my_robot_pkg) by extension 'colcon_meta'
[0.130s] Level 1:colcon.colcon_core.package_identification:_identify(src/my_robot_pkg) by extensions ['ros']
[0.130s] Level 1:colcon.colcon_core.package_identification:_identify(src/my_robot_pkg) by extension 'ros'
[0.131s] DEBUG:colcon.colcon_core.package_identification:Package 'src/my_robot_pkg' with type 'ros.ament_python' and name 'my_robot_pkg'
[0.131s] Level 1:colcon.colcon_core.package_identification:_identify(src/my_robot_pkg2) by extensions ['ignore', 'ignore_ament_install']
[0.131s] Level 1:colcon.colcon_core.package_identification:_identify(src/my_robot_pkg2) by extension 'ignore'
[0.131s] Level 1:colcon.colcon_core.package_identification:_identify(src/my_robot_pkg2) by extension 'ignore_ament_install'
[0.131s] Level 1:colcon.colcon_core.package_identification:_identify(src/my_robot_pkg2) by extensions ['colcon_pkg']
[0.131s] Level 1:colcon.colcon_core.package_identification:_identify(src/my_robot_pkg2) by extension 'colcon_pkg'
[0.131s] Level 1:colcon.colcon_core.package_identification:_identify(src/my_robot_pkg2) by extensions ['colcon_meta']
[0.131s] Level 1:colcon.colcon_core.package_identification:_identify(src/my_robot_pkg2) by extension 'colcon_meta'
[0.131s] Level 1:colcon.colcon_core.package_identification:_identify(src/my_robot_pkg2) by extensions ['ros']
[0.131s] Level 1:colcon.colcon_core.package_identification:_identify(src/my_robot_pkg2) by extension 'ros'
[0.131s] DEBUG:colcon.colcon_core.package_identification:Package 'src/my_robot_pkg2' with type 'ros.ament_cmake' and name 'my_robot_pkg2'
[0.131s] Level 1:colcon.colcon_core.package_discovery:discover_packages(recursive) using defaults
[0.131s] Level 1:colcon.colcon_core.package_discovery:discover_packages(ignore) discover
[0.131s] Level 1:colcon.colcon_core.package_discovery:discover_packages(ignore) using defaults
[0.131s] Level 1:colcon.colcon_core.package_discovery:discover_packages(path) discover
[0.131s] Level 1:colcon.colcon_core.package_discovery:discover_packages(path) using defaults
[0.144s] Level 5:colcon.colcon_core.verb:set package 'mini_car_bot' build argument 'cmake_args' from command line to 'None'
[0.144s] Level 5:colcon.colcon_core.verb:set package 'mini_car_bot' build argument 'cmake_target' from command line to 'None'
[0.144s] Level 5:colcon.colcon_core.verb:set package 'mini_car_bot' build argument 'cmake_target_skip_unavailable' from command line to 'False'
[0.144s] Level 5:colcon.colcon_core.verb:set package 'mini_car_bot' build argument 'cmake_clean_cache' from command line to 'False'
[0.144s] Level 5:colcon.colcon_core.verb:set package 'mini_car_bot' build argument 'cmake_clean_first' from command line to 'False'
[0.144s] Level 5:colcon.colcon_core.verb:set package 'mini_car_bot' build argument 'cmake_force_configure' from command line to 'False'
[0.144s] Level 5:colcon.colcon_core.verb:set package 'mini_car_bot' build argument 'ament_cmake_args' from command line to 'None'
[0.144s] Level 5:colcon.colcon_core.verb:set package 'mini_car_bot' build argument 'catkin_cmake_args' from command line to 'None'
[0.144s] Level 5:colcon.colcon_core.verb:set package 'mini_car_bot' build argument 'catkin_skip_building_tests' from command line to 'False'
[0.144s] DEBUG:colcon.colcon_core.verb:Building package 'mini_car_bot' with the following arguments: {'ament_cmake_args': None, 'build_base': '/home/vtcro/car_robot_ws/build/mini_car_bot', 'catkin_cmake_args': None, 'catkin_skip_building_tests': False, 'cmake_args': None, 'cmake_clean_cache': False, 'cmake_clean_first': False, 'cmake_force_configure': False, 'cmake_target': None, 'cmake_target_skip_unavailable': False, 'install_base': '/home/vtcro/car_robot_ws/install/mini_car_bot', 'merge_install': False, 'path': '/home/vtcro/car_robot_ws/src/mini_car_bot', 'symlink_install': False, 'test_result_base': None}
[0.144s] Level 5:colcon.colcon_core.verb:set package 'my_robot_pkg' build argument 'cmake_args' from command line to 'None'
[0.144s] Level 5:colcon.colcon_core.verb:set package 'my_robot_pkg' build argument 'cmake_target' from command line to 'None'
[0.144s] Level 5:colcon.colcon_core.verb:set package 'my_robot_pkg' build argument 'cmake_target_skip_unavailable' from command line to 'False'
[0.144s] Level 5:colcon.colcon_core.verb:set package 'my_robot_pkg' build argument 'cmake_clean_cache' from command line to 'False'
[0.144s] Level 5:colcon.colcon_core.verb:set package 'my_robot_pkg' build argument 'cmake_clean_first' from command line to 'False'
[0.144s] Level 5:colcon.colcon_core.verb:set package 'my_robot_pkg' build argument 'cmake_force_configure' from command line to 'False'
[0.144s] Level 5:colcon.colcon_core.verb:set package 'my_robot_pkg' build argument 'ament_cmake_args' from command line to 'None'
[0.144s] Level 5:colcon.colcon_core.verb:set package 'my_robot_pkg' build argument 'catkin_cmake_args' from command line to 'None'
[0.145s] Level 5:colcon.colcon_core.verb:set package 'my_robot_pkg' build argument 'catkin_skip_building_tests' from command line to 'False'
[0.145s] DEBUG:colcon.colcon_core.verb:Building package 'my_robot_pkg' with the following arguments: {'ament_cmake_args': None, 'build_base': '/home/vtcro/car_robot_ws/build/my_robot_pkg', 'catkin_cmake_args': None, 'catkin_skip_building_tests': False, 'cmake_args': None, 'cmake_clean_cache': False, 'cmake_clean_first': False, 'cmake_force_configure': False, 'cmake_target': None, 'cmake_target_skip_unavailable': False, 'install_base': '/home/vtcro/car_robot_ws/install/my_robot_pkg', 'merge_install': False, 'path': '/home/vtcro/car_robot_ws/src/my_robot_pkg', 'symlink_install': False, 'test_result_base': None}
[0.145s] Level 5:colcon.colcon_core.verb:set package 'my_robot_pkg2' build argument 'cmake_args' from command line to 'None'
[0.145s] Level 5:colcon.colcon_core.verb:set package 'my_robot_pkg2' build argument 'cmake_target' from command line to 'None'
[0.145s] Level 5:colcon.colcon_core.verb:set package 'my_robot_pkg2' build argument 'cmake_target_skip_unavailable' from command line to 'False'
[0.145s] Level 5:colcon.colcon_core.verb:set package 'my_robot_pkg2' build argument 'cmake_clean_cache' from command line to 'False'
[0.145s] Level 5:colcon.colcon_core.verb:set package 'my_robot_pkg2' build argument 'cmake_clean_first' from command line to 'False'
[0.145s] Level 5:colcon.colcon_core.verb:set package 'my_robot_pkg2' build argument 'cmake_force_configure' from command line to 'False'
[0.145s] Level 5:colcon.colcon_core.verb:set package 'my_robot_pkg2' build argument 'ament_cmake_args' from command line to 'None'
[0.145s] Level 5:colcon.colcon_core.verb:set package 'my_robot_pkg2' build argument 'catkin_cmake_args' from command line to 'None'
[0.145s] Level 5:colcon.colcon_core.verb:set package 'my_robot_pkg2' build argument 'catkin_skip_building_tests' from command line to 'False'
[0.145s] DEBUG:colcon.colcon_core.verb:Building package 'my_robot_pkg2' with the following arguments: {'ament_cmake_args': None, 'build_base': '/home/vtcro/car_robot_ws/build/my_robot_pkg2', 'catkin_cmake_args': None, 'catkin_skip_building_tests': False, 'cmake_args': None, 'cmake_clean_cache': False, 'cmake_clean_first': False, 'cmake_force_configure': False, 'cmake_target': None, 'cmake_target_skip_unavailable': False, 'install_base': '/home/vtcro/car_robot_ws/install/my_robot_pkg2', 'merge_install': False, 'path': '/home/vtcro/car_robot_ws/src/my_robot_pkg2', 'symlink_install': False, 'test_result_base': None}
[0.145s] INFO:colcon.colcon_core.executor:Executing jobs using 'parallel' executor
[0.145s] DEBUG:colcon.colcon_parallel_executor.executor.parallel:run_until_complete
[0.146s] INFO:colcon.colcon_ros.task.ament_cmake.build:Building ROS package in '/home/vtcro/car_robot_ws/src/mini_car_bot' with build type 'ament_cmake'
[0.146s] INFO:colcon.colcon_cmake.task.cmake.build:Building CMake package in '/home/vtcro/car_robot_ws/src/mini_car_bot'
[0.147s] INFO:colcon.colcon_core.plugin_system:Skipping extension 'colcon_core.shell.bat': Not used on non-Windows systems
[0.147s] DEBUG:colcon.colcon_core.shell:Skip shell extension 'dsv' for command environment
[0.156s] INFO:colcon.colcon_ros.task.ament_python.build:Building ROS package in '/home/vtcro/car_robot_ws/src/my_robot_pkg' with build type 'ament_python'
[0.156s] Level 1:colcon.colcon_core.shell:create_environment_hook('my_robot_pkg', 'ament_prefix_path')
[0.156s] INFO:colcon.colcon_core.shell:Creating environment descriptor '/home/vtcro/car_robot_ws/install/my_robot_pkg/share/my_robot_pkg/hook/ament_prefix_path.dsv'
[0.157s] INFO:colcon.colcon_core.shell:Creating environment hook '/home/vtcro/car_robot_ws/install/my_robot_pkg/share/my_robot_pkg/hook/ament_prefix_path.sh'
[0.157s] DEBUG:colcon.colcon_core.shell:Skip shell extension 'dsv' for command environment
[0.165s] INFO:colcon.colcon_ros.task.ament_cmake.build:Building ROS package in '/home/vtcro/car_robot_ws/src/my_robot_pkg2' with build type 'ament_cmake'
[0.165s] INFO:colcon.colcon_cmake.task.cmake.build:Building CMake package in '/home/vtcro/car_robot_ws/src/my_robot_pkg2'
[0.165s] DEBUG:colcon.colcon_core.shell:Skip shell extension 'dsv' for command environment
[0.176s] DEBUG:colcon.colcon_core.event_handler.log_command:Invoking command in '/home/vtcro/car_robot_ws/build/mini_car_bot': CMAKE_PREFIX_PATH=${CMAKE_PREFIX_PATH}:/home/vtcro/car_robot_ws/install/my_robot_pkg:/opt/ros/jazzy DEBUGINFOD_URLS=https://debuginfod.ubuntu.com /usr/bin/cmake --build /home/vtcro/car_robot_ws/build/mini_car_bot -- -j12 -l12
[0.348s] INFO:colcon.colcon_core.task.python.build:Building Python package in '/home/vtcro/car_robot_ws/src/my_robot_pkg'
[0.348s] DEBUG:colcon.colcon_core.shell:Skip shell extension 'dsv' for command environment
[0.357s] DEBUG:colcon.colcon_core.event_handler.log_command:Invoked command in '/home/vtcro/car_robot_ws/build/mini_car_bot' returned '0': CMAKE_PREFIX_PATH=${CMAKE_PREFIX_PATH}:/home/vtcro/car_robot_ws/install/my_robot_pkg:/opt/ros/jazzy DEBUGINFOD_URLS=https://debuginfod.ubuntu.com /usr/bin/cmake --build /home/vtcro/car_robot_ws/build/mini_car_bot -- -j12 -l12
[0.367s] DEBUG:colcon.colcon_core.event_handler.log_command:Invoking command in '/home/vtcro/car_robot_ws/build/mini_car_bot': CMAKE_PREFIX_PATH=${CMAKE_PREFIX_PATH}:/home/vtcro/car_robot_ws/install/my_robot_pkg:/opt/ros/jazzy DEBUGINFOD_URLS=https://debuginfod.ubuntu.com /usr/bin/cmake --install /home/vtcro/car_robot_ws/build/mini_car_bot
[0.369s] DEBUG:colcon.colcon_core.event_handler.log_command:Invoking command in '/home/vtcro/car_robot_ws/build/my_robot_pkg2': CMAKE_PREFIX_PATH=${CMAKE_PREFIX_PATH}:/home/vtcro/car_robot_ws/install/my_robot_pkg:/opt/ros/jazzy DEBUGINFOD_URLS=https://debuginfod.ubuntu.com /usr/bin/cmake --build /home/vtcro/car_robot_ws/build/my_robot_pkg2 -- -j12 -l12
[0.389s] Level 1:colcon.colcon_core.environment:create_environment_scripts_only(mini_car_bot)
[0.390s] DEBUG:colcon.colcon_core.event_handler.log_command:Invoked command in '/home/vtcro/car_robot_ws/build/mini_car_bot' returned '0': CMAKE_PREFIX_PATH=${CMAKE_PREFIX_PATH}:/home/vtcro/car_robot_ws/install/my_robot_pkg:/opt/ros/jazzy DEBUGINFOD_URLS=https://debuginfod.ubuntu.com /usr/bin/cmake --install /home/vtcro/car_robot_ws/build/mini_car_bot
[0.391s] Level 1:colcon.colcon_core.environment:checking '/home/vtcro/car_robot_ws/install/mini_car_bot' for CMake module files
[0.392s] Level 1:colcon.colcon_core.environment:checking '/home/vtcro/car_robot_ws/install/mini_car_bot' for CMake config files
[0.392s] Level 1:colcon.colcon_core.shell:create_environment_hook('mini_car_bot', 'cmake_prefix_path')
[0.392s] INFO:colcon.colcon_core.shell:Creating environment descriptor '/home/vtcro/car_robot_ws/install/mini_car_bot/share/mini_car_bot/hook/cmake_prefix_path.dsv'
[0.392s] INFO:colcon.colcon_core.shell:Creating environment hook '/home/vtcro/car_robot_ws/install/mini_car_bot/share/mini_car_bot/hook/cmake_prefix_path.sh'
[0.393s] Level 1:colcon.colcon_core.environment:checking '/home/vtcro/car_robot_ws/install/mini_car_bot/bin'
[0.393s] Level 1:colcon.colcon_core.environment:checking '/home/vtcro/car_robot_ws/install/mini_car_bot/lib/pkgconfig/mini_car_bot.pc'
[0.393s] Level 1:colcon.colcon_core.environment:checking '/home/vtcro/car_robot_ws/install/mini_car_bot/lib/python3.12/site-packages'
[0.393s] Level 1:colcon.colcon_core.environment:checking '/home/vtcro/car_robot_ws/install/mini_car_bot/bin'
[0.393s] INFO:colcon.colcon_core.shell:Creating package descriptor '/home/vtcro/car_robot_ws/install/mini_car_bot/share/mini_car_bot/package.dsv'
[0.394s] INFO:colcon.colcon_core.shell:Creating package script '/home/vtcro/car_robot_ws/install/mini_car_bot/share/mini_car_bot/package.sh'
[0.395s] INFO:colcon.colcon_core.shell:Creating package script '/home/vtcro/car_robot_ws/install/mini_car_bot/share/mini_car_bot/package.bash'
[0.395s] INFO:colcon.colcon_core.shell:Creating package script '/home/vtcro/car_robot_ws/install/mini_car_bot/share/mini_car_bot/package.zsh'
[0.396s] Level 1:colcon.colcon_core.environment:create_file_with_runtime_dependencies(/home/vtcro/car_robot_ws/install/mini_car_bot/share/colcon-core/packages/mini_car_bot)
[0.396s] Level 1:colcon.colcon_core.environment:create_environment_scripts_only(mini_car_bot)
[0.396s] Level 1:colcon.colcon_core.environment:checking '/home/vtcro/car_robot_ws/install/mini_car_bot' for CMake module files
[0.396s] Level 1:colcon.colcon_core.environment:checking '/home/vtcro/car_robot_ws/install/mini_car_bot' for CMake config files
[0.397s] Level 1:colcon.colcon_core.shell:create_environment_hook('mini_car_bot', 'cmake_prefix_path')
[0.397s] INFO:colcon.colcon_core.shell:Creating environment descriptor '/home/vtcro/car_robot_ws/install/mini_car_bot/share/mini_car_bot/hook/cmake_prefix_path.dsv'
[0.397s] INFO:colcon.colcon_core.shell:Creating environment hook '/home/vtcro/car_robot_ws/install/mini_car_bot/share/mini_car_bot/hook/cmake_prefix_path.sh'
[0.397s] Level 1:colcon.colcon_core.environment:checking '/home/vtcro/car_robot_ws/install/mini_car_bot/bin'
[0.397s] Level 1:colcon.colcon_core.environment:checking '/home/vtcro/car_robot_ws/install/mini_car_bot/lib/pkgconfig/mini_car_bot.pc'
[0.398s] Level 1:colcon.colcon_core.environment:checking '/home/vtcro/car_robot_ws/install/mini_car_bot/lib/python3.12/site-packages'
[0.398s] Level 1:colcon.colcon_core.environment:checking '/home/vtcro/car_robot_ws/install/mini_car_bot/bin'
[0.398s] INFO:colcon.colcon_core.shell:Creating package descriptor '/home/vtcro/car_robot_ws/install/mini_car_bot/share/mini_car_bot/package.dsv'
[0.398s] INFO:colcon.colcon_core.shell:Creating package script '/home/vtcro/car_robot_ws/install/mini_car_bot/share/mini_car_bot/package.sh'
[0.398s] INFO:colcon.colcon_core.shell:Creating package script '/home/vtcro/car_robot_ws/install/mini_car_bot/share/mini_car_bot/package.bash'
[0.399s] INFO:colcon.colcon_core.shell:Creating package script '/home/vtcro/car_robot_ws/install/mini_car_bot/share/mini_car_bot/package.zsh'
[0.399s] Level 1:colcon.colcon_core.environment:create_file_with_runtime_dependencies(/home/vtcro/car_robot_ws/install/mini_car_bot/share/colcon-core/packages/mini_car_bot)
[0.406s] DEBUG:colcon.colcon_core.event_handler.log_command:Invoked command in '/home/vtcro/car_robot_ws/build/my_robot_pkg2' returned '0': CMAKE_PREFIX_PATH=${CMAKE_PREFIX_PATH}:/home/vtcro/car_robot_ws/install/my_robot_pkg:/opt/ros/jazzy DEBUGINFOD_URLS=https://debuginfod.ubuntu.com /usr/bin/cmake --build /home/vtcro/car_robot_ws/build/my_robot_pkg2 -- -j12 -l12
[0.407s] DEBUG:colcon.colcon_core.event_handler.log_command:Invoking command in '/home/vtcro/car_robot_ws/build/my_robot_pkg2': CMAKE_PREFIX_PATH=${CMAKE_PREFIX_PATH}:/home/vtcro/car_robot_ws/install/my_robot_pkg:/opt/ros/jazzy DEBUGINFOD_URLS=https://debuginfod.ubuntu.com /usr/bin/cmake --install /home/vtcro/car_robot_ws/build/my_robot_pkg2
[0.426s] Level 1:colcon.colcon_core.environment:create_environment_scripts_only(my_robot_pkg2)
[0.426s] Level 1:colcon.colcon_core.environment:checking '/home/vtcro/car_robot_ws/install/my_robot_pkg2' for CMake module files
[0.426s] DEBUG:colcon.colcon_core.event_handler.log_command:Invoked command in '/home/vtcro/car_robot_ws/build/my_robot_pkg2' returned '0': CMAKE_PREFIX_PATH=${CMAKE_PREFIX_PATH}:/home/vtcro/car_robot_ws/install/my_robot_pkg:/opt/ros/jazzy DEBUGINFOD_URLS=https://debuginfod.ubuntu.com /usr/bin/cmake --install /home/vtcro/car_robot_ws/build/my_robot_pkg2
[0.426s] Level 1:colcon.colcon_core.environment:checking '/home/vtcro/car_robot_ws/install/my_robot_pkg2' for CMake config files
[0.427s] Level 1:colcon.colcon_core.shell:create_environment_hook('my_robot_pkg2', 'cmake_prefix_path')
[0.427s] INFO:colcon.colcon_core.shell:Creating environment descriptor '/home/vtcro/car_robot_ws/install/my_robot_pkg2/share/my_robot_pkg2/hook/cmake_prefix_path.dsv'
[0.427s] INFO:colcon.colcon_core.shell:Creating environment hook '/home/vtcro/car_robot_ws/install/my_robot_pkg2/share/my_robot_pkg2/hook/cmake_prefix_path.sh'
[0.427s] Level 1:colcon.colcon_core.environment:checking '/home/vtcro/car_robot_ws/install/my_robot_pkg2/bin'
[0.427s] Level 1:colcon.colcon_core.environment:checking '/home/vtcro/car_robot_ws/install/my_robot_pkg2/lib/pkgconfig/my_robot_pkg2.pc'
[0.428s] Level 1:colcon.colcon_core.environment:checking '/home/vtcro/car_robot_ws/install/my_robot_pkg2/lib/python3.12/site-packages'
[0.428s] Level 1:colcon.colcon_core.environment:checking '/home/vtcro/car_robot_ws/install/my_robot_pkg2/bin'
[0.428s] INFO:colcon.colcon_core.shell:Creating package descriptor '/home/vtcro/car_robot_ws/install/my_robot_pkg2/share/my_robot_pkg2/package.dsv'
[0.428s] INFO:colcon.colcon_core.shell:Creating package script '/home/vtcro/car_robot_ws/install/my_robot_pkg2/share/my_robot_pkg2/package.sh'
[0.428s] INFO:colcon.colcon_core.shell:Creating package script '/home/vtcro/car_robot_ws/install/my_robot_pkg2/share/my_robot_pkg2/package.bash'
[0.429s] INFO:colcon.colcon_core.shell:Creating package script '/home/vtcro/car_robot_ws/install/my_robot_pkg2/share/my_robot_pkg2/package.zsh'
[0.429s] Level 1:colcon.colcon_core.environment:create_file_with_runtime_dependencies(/home/vtcro/car_robot_ws/install/my_robot_pkg2/share/colcon-core/packages/my_robot_pkg2)
[0.429s] Level 1:colcon.colcon_core.environment:create_environment_scripts_only(my_robot_pkg2)
[0.429s] Level 1:colcon.colcon_core.environment:checking '/home/vtcro/car_robot_ws/install/my_robot_pkg2' for CMake module files
[0.430s] Level 1:colcon.colcon_core.environment:checking '/home/vtcro/car_robot_ws/install/my_robot_pkg2' for CMake config files
[0.430s] Level 1:colcon.colcon_core.shell:create_environment_hook('my_robot_pkg2', 'cmake_prefix_path')
[0.430s] INFO:colcon.colcon_core.shell:Creating environment descriptor '/home/vtcro/car_robot_ws/install/my_robot_pkg2/share/my_robot_pkg2/hook/cmake_prefix_path.dsv'
[0.430s] INFO:colcon.colcon_core.shell:Creating environment hook '/home/vtcro/car_robot_ws/install/my_robot_pkg2/share/my_robot_pkg2/hook/cmake_prefix_path.sh'
[0.430s] Level 1:colcon.colcon_core.environment:checking '/home/vtcro/car_robot_ws/install/my_robot_pkg2/bin'
[0.430s] Level 1:colcon.colcon_core.environment:checking '/home/vtcro/car_robot_ws/install/my_robot_pkg2/lib/pkgconfig/my_robot_pkg2.pc'
[0.431s] Level 1:colcon.colcon_core.environment:checking '/home/vtcro/car_robot_ws/install/my_robot_pkg2/lib/python3.12/site-packages'
[0.431s] Level 1:colcon.colcon_core.environment:checking '/home/vtcro/car_robot_ws/install/my_robot_pkg2/bin'
[0.431s] INFO:colcon.colcon_core.shell:Creating package descriptor '/home/vtcro/car_robot_ws/install/my_robot_pkg2/share/my_robot_pkg2/package.dsv'
[0.431s] INFO:colcon.colcon_core.shell:Creating package script '/home/vtcro/car_robot_ws/install/my_robot_pkg2/share/my_robot_pkg2/package.sh'
[0.431s] INFO:colcon.colcon_core.shell:Creating package script '/home/vtcro/car_robot_ws/install/my_robot_pkg2/share/my_robot_pkg2/package.bash'
[0.432s] INFO:colcon.colcon_core.shell:Creating package script '/home/vtcro/car_robot_ws/install/my_robot_pkg2/share/my_robot_pkg2/package.zsh'
[0.432s] Level 1:colcon.colcon_core.environment:create_file_with_runtime_dependencies(/home/vtcro/car_robot_ws/install/my_robot_pkg2/share/colcon-core/packages/my_robot_pkg2)
[0.887s] DEBUG:colcon.colcon_core.event_handler.log_command:Invoking command in '/home/vtcro/car_robot_ws/src/my_robot_pkg': DEBUGINFOD_URLS=https://debuginfod.ubuntu.com PYTHONPATH=/home/vtcro/car_robot_ws/build/my_robot_pkg/prefix_override:/usr/lib/python3/dist-packages/colcon_core/task/python/colcon_distutils_commands:/home/vtcro/car_robot_ws/install/my_robot_pkg/lib/python3.12/site-packages:${PYTHONPATH} /usr/bin/python3 -W ignore:setup.py install is deprecated -W ignore:easy_install command is deprecated setup.py egg_info --egg-base ../../build/my_robot_pkg build --build-base /home/vtcro/car_robot_ws/build/my_robot_pkg/build install --record /home/vtcro/car_robot_ws/build/my_robot_pkg/install.log --single-version-externally-managed install_data
[1.369s] Level 1:colcon.colcon_core.environment:checking '/home/vtcro/car_robot_ws/install/my_robot_pkg' for CMake module files
[1.370s] DEBUG:colcon.colcon_core.event_handler.log_command:Invoked command in '/home/vtcro/car_robot_ws/src/my_robot_pkg' returned '0': DEBUGINFOD_URLS=https://debuginfod.ubuntu.com PYTHONPATH=/home/vtcro/car_robot_ws/build/my_robot_pkg/prefix_override:/usr/lib/python3/dist-packages/colcon_core/task/python/colcon_distutils_commands:/home/vtcro/car_robot_ws/install/my_robot_pkg/lib/python3.12/site-packages:${PYTHONPATH} /usr/bin/python3 -W ignore:setup.py install is deprecated -W ignore:easy_install command is deprecated setup.py egg_info --egg-base ../../build/my_robot_pkg build --build-base /home/vtcro/car_robot_ws/build/my_robot_pkg/build install --record /home/vtcro/car_robot_ws/build/my_robot_pkg/install.log --single-version-externally-managed install_data
[1.370s] Level 1:colcon.colcon_core.environment:checking '/home/vtcro/car_robot_ws/install/my_robot_pkg' for CMake config files
[1.371s] Level 1:colcon.colcon_core.environment:checking '/home/vtcro/car_robot_ws/install/my_robot_pkg/lib'
[1.371s] Level 1:colcon.colcon_core.environment:checking '/home/vtcro/car_robot_ws/install/my_robot_pkg/bin'
[1.371s] Level 1:colcon.colcon_core.environment:checking '/home/vtcro/car_robot_ws/install/my_robot_pkg/lib/pkgconfig/my_robot_pkg.pc'
[1.371s] Level 1:colcon.colcon_core.environment:checking '/home/vtcro/car_robot_ws/install/my_robot_pkg/lib/python3.12/site-packages'
[1.371s] Level 1:colcon.colcon_core.shell:create_environment_hook('my_robot_pkg', 'pythonpath')
[1.371s] INFO:colcon.colcon_core.shell:Creating environment descriptor '/home/vtcro/car_robot_ws/install/my_robot_pkg/share/my_robot_pkg/hook/pythonpath.dsv'
[1.371s] INFO:colcon.colcon_core.shell:Creating environment hook '/home/vtcro/car_robot_ws/install/my_robot_pkg/share/my_robot_pkg/hook/pythonpath.sh'
[1.372s] Level 1:colcon.colcon_core.environment:checking '/home/vtcro/car_robot_ws/install/my_robot_pkg/bin'
[1.372s] Level 1:colcon.colcon_core.environment:create_environment_scripts_only(my_robot_pkg)
[1.372s] INFO:colcon.colcon_core.shell:Creating package descriptor '/home/vtcro/car_robot_ws/install/my_robot_pkg/share/my_robot_pkg/package.dsv'
[1.372s] INFO:colcon.colcon_core.shell:Creating package script '/home/vtcro/car_robot_ws/install/my_robot_pkg/share/my_robot_pkg/package.sh'
[1.373s] INFO:colcon.colcon_core.shell:Creating package script '/home/vtcro/car_robot_ws/install/my_robot_pkg/share/my_robot_pkg/package.bash'
[1.373s] INFO:colcon.colcon_core.shell:Creating package script '/home/vtcro/car_robot_ws/install/my_robot_pkg/share/my_robot_pkg/package.zsh'
[1.373s] Level 1:colcon.colcon_core.environment:create_file_with_runtime_dependencies(/home/vtcro/car_robot_ws/install/my_robot_pkg/share/colcon-core/packages/my_robot_pkg)
[1.373s] DEBUG:colcon.colcon_parallel_executor.executor.parallel:closing loop
[1.373s] DEBUG:colcon.colcon_parallel_executor.executor.parallel:loop closed
[1.373s] DEBUG:colcon.colcon_parallel_executor.executor.parallel:run_until_complete finished with '0'
[1.373s] DEBUG:colcon.colcon_core.event_reactor:joining thread
[1.379s] INFO:colcon.colcon_core.plugin_system:Skipping extension 'colcon_notification.desktop_notification.terminal_notifier': Not used on non-Darwin systems
[1.379s] INFO:colcon.colcon_core.plugin_system:Skipping extension 'colcon_notification.desktop_notification.win32': Not used on non-Windows systems
[1.379s] INFO:colcon.colcon_notification.desktop_notification:Sending desktop notification using 'notify2'
[1.403s] DEBUG:colcon.colcon_core.event_reactor:joined thread
[1.403s] INFO:colcon.colcon_core.shell:Creating prefix script '/home/vtcro/car_robot_ws/install/local_setup.sh'
[1.403s] INFO:colcon.colcon_core.shell:Creating prefix util module '/home/vtcro/car_robot_ws/install/_local_setup_util_sh.py'
[1.404s] INFO:colcon.colcon_core.shell:Creating prefix chain script '/home/vtcro/car_robot_ws/install/setup.sh'
[1.405s] INFO:colcon.colcon_core.shell:Creating prefix script '/home/vtcro/car_robot_ws/install/local_setup.bash'
[1.405s] INFO:colcon.colcon_core.shell:Creating prefix chain script '/home/vtcro/car_robot_ws/install/setup.bash'
[1.406s] INFO:colcon.colcon_core.shell:Creating prefix script '/home/vtcro/car_robot_ws/install/local_setup.zsh'
[1.406s] INFO:colcon.colcon_core.shell:Creating prefix chain script '/home/vtcro/car_robot_ws/install/setup.zsh'
