[0.024s] Invoking command in '/home/houndsito/vt-cro/robogamescode/dingo/dingo_ws/build/dingo_peripheral_interfacing': DEBUGINFOD_URLS=https://debuginfod.ubuntu.com /usr/bin/cmake /home/houndsito/vt-cro/robogamescode/dingo/dingo_ws/src/dingo_hardware_interfacing/dingo_peripheral_interfacing -DCATKIN_INSTALL_INTO_PREFIX_ROOT=0 -DCMAKE_INSTALL_PREFIX=/home/houndsito/vt-cro/robogamescode/dingo/dingo_ws/install/dingo_peripheral_interfacing
[0.043s] [0mCMake Deprecation Warning at CMakeLists.txt:1 (cmake_minimum_required):
[0.043s]   Compatibility with CMake < 3.5 will be removed from a future version of
[0.043s]   CMake.
[0.043s] 
[0.043s]   Update the VERSION argument <min> value or use a ...<max> suffix to tell
[0.043s]   CMake that the project does not need compatibility with older versions.
[0.043s] 
[0.043s] [0m
[0.160s] -- The C compiler identification is GNU 13.3.0
[0.273s] -- The CXX compiler identification is GNU 13.3.0
[0.300s] -- Detecting C compiler ABI info
[0.425s] -- Detecting C compiler ABI info - done
[0.436s] -- Check for working C compiler: /usr/bin/cc - skipped
[0.436s] -- Detecting C compile features
[0.437s] -- Detecting C compile features - done
[0.451s] -- Detecting CXX compiler ABI info
[0.585s] -- Detecting CXX compiler ABI info - done
[0.595s] -- Check for working CXX compiler: /usr/bin/c++ - skipped
[0.596s] -- Detecting CXX compile features
[0.597s] -- Detecting CXX compile features - done
[0.618s] [31mCMake Error at CMakeLists.txt:10 (find_package):
[0.618s]   By not providing "Findcatkin.cmake" in CMAKE_MODULE_PATH this project has
[0.618s]   asked CMake to find a package configuration file provided by "catkin", but
[0.618s]   CMake did not find one.
[0.618s] 
[0.618s]   Could not find a package configuration file provided by "catkin" with any
[0.618s]   of the following names:
[0.618s] 
[0.618s]     catkinConfig.cmake
[0.618s]     catkin-config.cmake
[0.618s] 
[0.618s]   Add the installation prefix of "catkin" to CMAKE_PREFIX_PATH or set
[0.618s]   "catkin_DIR" to a directory containing one of the above files.  If "catkin"
[0.618s]   provides a separate development package or SDK, be sure it has been
[0.618s]   installed.
[0.618s] 
[0.618s] [0m
[0.619s] -- Configuring incomplete, errors occurred!
[0.626s] Invoked command in '/home/houndsito/vt-cro/robogamescode/dingo/dingo_ws/build/dingo_peripheral_interfacing' returned '1': DEBUGINFOD_URLS=https://debuginfod.ubuntu.com /usr/bin/cmake /home/houndsito/vt-cro/robogamescode/dingo/dingo_ws/src/dingo_hardware_interfacing/dingo_peripheral_interfacing -DCATKIN_INSTALL_INTO_PREFIX_ROOT=0 -DCMAKE_INSTALL_PREFIX=/home/houndsito/vt-cro/robogamescode/dingo/dingo_ws/install/dingo_peripheral_interfacing
