[0.074s] Invoking command in '/home/vtcro/robogamescode/dingo_ws/build/dingo': DEBUGINFOD_URLS=https://debuginfod.ubuntu.com /usr/bin/cmake /home/vtcro/robogamescode/dingo_ws/src/dingo -DCATKIN_INSTALL_INTO_PREFIX_ROOT=0 -DCMAKE_INSTALL_PREFIX=/home/vtcro/robogamescode/dingo_ws/install/dingo
[0.085s] [0mCMake Deprecation Warning at CMakeLists.txt:1 (cmake_minimum_required):
[0.085s]   Compatibility with CMake < 3.5 will be removed from a future version of
[0.085s]   CMake.
[0.085s] 
[0.085s]   Update the VERSION argument <min> value or use a ...<max> suffix to tell
[0.085s]   CMake that the project does not need compatibility with older versions.
[0.085s] 
[0.086s] [0m
[0.144s] -- The C compiler identification is GNU 13.3.0
[0.207s] -- The CXX compiler identification is GNU 13.3.0
[0.224s] -- Detecting C compiler ABI info
[0.310s] -- Detecting C compiler ABI info - done
[0.320s] -- Check for working C compiler: /usr/bin/cc - skipped
[0.320s] -- Detecting C compile features
[0.321s] -- Detecting C compile features - done
[0.331s] -- Detecting CXX compiler ABI info
[0.432s] -- Detecting CXX compiler ABI info - done
[0.444s] -- Check for working CXX compiler: /usr/bin/c++ - skipped
[0.444s] -- Detecting CXX compile features
[0.445s] -- Detecting CXX compile features - done
[0.465s] -- Configuring incomplete, errors occurred!
[0.465s] [31mCMake Error at CMakeLists.txt:10 (find_package):
[0.465s]   By not providing "Findcatkin.cmake" in CMAKE_MODULE_PATH this project has
[0.465s]   asked CMake to find a package configuration file provided by "catkin", but
[0.465s]   CMake did not find one.
[0.466s] 
[0.466s]   Could not find a package configuration file provided by "catkin" with any
[0.466s]   of the following names:
[0.466s] 
[0.466s]     catkinConfig.cmake
[0.466s]     catkin-config.cmake
[0.466s] 
[0.466s]   Add the installation prefix of "catkin" to CMAKE_PREFIX_PATH or set
[0.466s]   "catkin_DIR" to a directory containing one of the above files.  If "catkin"
[0.466s]   provides a separate development package or SDK, be sure it has been
[0.466s]   installed.
[0.466s] 
[0.466s] [0m
[0.475s] Invoked command in '/home/vtcro/robogamescode/dingo_ws/build/dingo' returned '1': DEBUGINFOD_URLS=https://debuginfod.ubuntu.com /usr/bin/cmake /home/vtcro/robogamescode/dingo_ws/src/dingo -DCATKIN_INSTALL_INTO_PREFIX_ROOT=0 -DCMAKE_INSTALL_PREFIX=/home/vtcro/robogamescode/dingo_ws/install/dingo
