[0.000000] (-) TimerEvent: {}
[0.000764] (leg1_description) JobQueued: {'identifier': 'leg1_description', 'dependencies': OrderedDict()}
[0.000851] (leg1_description) JobStarted: {'identifier': 'leg1_description'}
[0.099733] (-) TimerEvent: {}
[0.200010] (-) TimerEvent: {}
[0.300356] (-) TimerEvent: {}
[0.400566] (-) TimerEvent: {}
[0.500814] (-) TimerEvent: {}
[0.600998] (-) TimerEvent: {}
[0.701222] (-) TimerEvent: {}
[0.801487] (-) TimerEvent: {}
[0.821884] (leg1_description) Command: {'cmd': ['/usr/bin/python3', '-W', 'ignore:setup.py install is deprecated', '-W', 'ignore:easy_install command is deprecated', 'setup.py', 'egg_info', '--egg-base', '../../../build/leg1_description', 'build', '--build-base', '/home/houndsito/vt-cro/robogamescode/leg1_ws/build/leg1_description/build', 'install', '--record', '/home/houndsito/vt-cro/robogamescode/leg1_ws/build/leg1_description/install.log', '--single-version-externally-managed', 'install_data'], 'cwd': '/home/houndsito/vt-cro/robogamescode/leg1_ws/src/leg/leg1_description', 'env': {'USER': 'houndsito', 'GZ_CONFIG_PATH': '/opt/ros/jazzy/opt/gz_sim_vendor/share/gz:/opt/ros/jazzy/opt/sdformat_vendor/share/gz:/opt/ros/jazzy/opt/gz_gui_vendor/share/gz:/opt/ros/jazzy/opt/gz_transport_vendor/share/gz:/opt/ros/jazzy/opt/gz_rendering_vendor/share/gz:/opt/ros/jazzy/opt/gz_plugin_vendor/share/gz:/opt/ros/jazzy/opt/gz_fuel_tools_vendor/share/gz:/opt/ros/jazzy/opt/gz_msgs_vendor/share/gz:/opt/ros/jazzy/opt/gz_common_vendor/share/gz', 'XDG_SESSION_TYPE': 'x11', 'SHLVL': '2', 'LD_LIBRARY_PATH': '/opt/ros/jazzy/opt/gz_sim_vendor/lib:/opt/ros/jazzy/opt/gz_sensors_vendor/lib:/opt/ros/jazzy/opt/gz_physics_vendor/lib:/opt/ros/jazzy/opt/sdformat_vendor/lib:/opt/ros/jazzy/opt/rviz_ogre_vendor/lib:/opt/ros/jazzy/lib/x86_64-linux-gnu:/opt/ros/jazzy/opt/gz_gui_vendor/lib:/opt/ros/jazzy/opt/gz_transport_vendor/lib:/opt/ros/jazzy/opt/gz_rendering_vendor/lib:/opt/ros/jazzy/opt/gz_plugin_vendor/lib:/opt/ros/jazzy/opt/gz_fuel_tools_vendor/lib:/opt/ros/jazzy/opt/gz_msgs_vendor/lib:/opt/ros/jazzy/opt/gz_common_vendor/lib:/opt/ros/jazzy/opt/gz_math_vendor/lib:/opt/ros/jazzy/opt/gz_utils_vendor/lib:/opt/ros/jazzy/opt/gz_tools_vendor/lib:/opt/ros/jazzy/opt/gz_ogre_next_vendor/lib:/opt/ros/jazzy/opt/gz_dartsim_vendor/lib:/opt/ros/jazzy/opt/gz_cmake_vendor/lib:/opt/ros/jazzy/lib', 'HOME': '/home/houndsito', 'DESKTOP_SESSION': 'ubuntu', 'ROS_PYTHON_VERSION': '3', 'GNOME_SHELL_SESSION_MODE': 'ubuntu', 'GTK_MODULES': 'gail:atk-bridge', 'SYSTEMD_EXEC_PID': '2791', 'GSM_SKIP_SSH_AGENT_WORKAROUND': 'true', 'DBUS_SESSION_BUS_ADDRESS': 'unix:path=/run/user/1000/bus', 'COLORTERM': 'truecolor', 'GNOME_KEYRING_CONTROL': '/run/user/1000/keyring', 'DEBUGINFOD_URLS': 'https://debuginfod.ubuntu.com', 'OMF_PATH': '/home/houndsito/.local/share/omf', 'ROS_DISTRO': 'jazzy', 'LOGNAME': 'houndsito', '_': '/usr/bin/colcon', 'ROS_VERSION': '2', 'MEMORY_PRESSURE_WATCH': '/sys/fs/cgroup/user.slice/user-1000.slice/user@1000.service/session.slice/org.gnome.SettingsDaemon.MediaKeys.service/memory.pressure', 'XDG_SESSION_CLASS': 'user', 'USERNAME': 'houndsito', 'TERM': 'xterm-256color', 'GNOME_DESKTOP_SESSION_ID': 'this-is-deprecated', 'WINDOWPATH': '2', 'PATH': '/opt/ros/jazzy/opt/gz_msgs_vendor/bin:/opt/ros/jazzy/opt/gz_tools_vendor/bin:/opt/ros/jazzy/opt/gz_ogre_next_vendor/bin:/opt/ros/jazzy/bin:/home/houndsito/.local/bin:/home/houndsito/bin:/usr/local/sbin:/usr/local/bin:/usr/sbin:/usr/bin:/sbin:/bin:/usr/games:/usr/local/games:/snap/bin:/snap/bin', 'SESSION_MANAGER': 'local/DPM:@/tmp/.ICE-unix/2574,unix/DPM:/tmp/.ICE-unix/2574', 'XDG_MENU_PREFIX': 'gnome-', 'GNOME_TERMINAL_SCREEN': '/org/gnome/Terminal/screen/0a6321a1_8d5c_4ce8_8682_b0dc8a08b3a2', 'XDG_RUNTIME_DIR': '/run/user/1000', 'DISPLAY': ':1', 'LANG': 'en_US.UTF-8', 'XDG_CURRENT_DESKTOP': 'ubuntu:GNOME', 'XMODIFIERS': '@im=ibus', 'XDG_SESSION_DESKTOP': 'ubuntu', 'XAUTHORITY': '/run/user/1000/gdm/Xauthority', 'GNOME_TERMINAL_SERVICE': ':1.96', 'SSH_AUTH_SOCK': '/run/user/1000/keyring/ssh', 'AMENT_PREFIX_PATH': '/opt/ros/jazzy', 'SHELL': '/usr/bin/fish', 'QT_ACCESSIBILITY': '1', 'GDMSESSION': 'ubuntu', 'GPG_AGENT_INFO': '/run/user/1000/gnupg/S.gpg-agent:0:1', 'ROS_AUTOMATIC_DISCOVERY_RANGE': 'SUBNET', 'QT_IM_MODULE': 'ibus', 'PWD': '/home/houndsito/vt-cro/robogamescode/leg1_ws/build/leg1_description', 'LC_ALL': 'en_US.UTF-8', 'XDG_CONFIG_DIRS': '/etc/xdg/xdg-ubuntu:/etc/xdg', 'XDG_DATA_DIRS': '/usr/share/ubuntu:/usr/share/gnome:/usr/local/share/:/usr/share/:/var/lib/snapd/desktop', 'OMF_CONFIG': '/home/houndsito/.config/omf', 'PYTHONPATH': '/home/houndsito/vt-cro/robogamescode/leg1_ws/build/leg1_description/prefix_override:/usr/lib/python3/dist-packages/colcon_core/task/python/colcon_distutils_commands:/home/houndsito/vt-cro/robogamescode/leg1_ws/install/leg1_description/lib/python3.12/site-packages:/opt/ros/jazzy/lib/python3.12/site-packages', 'COLCON': '1', 'MEMORY_PRESSURE_WRITE': 'c29tZSAyMDAwMDAgMjAwMDAwMAA=', 'VTE_VERSION': '7600', 'CMAKE_PREFIX_PATH': '/opt/ros/jazzy/opt/gz_sim_vendor:/opt/ros/jazzy/opt/gz_sensors_vendor:/opt/ros/jazzy/opt/gz_physics_vendor:/opt/ros/jazzy/opt/sdformat_vendor:/opt/ros/jazzy/opt/gz_gui_vendor:/opt/ros/jazzy/opt/gz_transport_vendor:/opt/ros/jazzy/opt/gz_rendering_vendor:/opt/ros/jazzy/opt/gz_plugin_vendor:/opt/ros/jazzy/opt/gz_fuel_tools_vendor:/opt/ros/jazzy/opt/gz_msgs_vendor:/opt/ros/jazzy/opt/gz_common_vendor:/opt/ros/jazzy/opt/gz_math_vendor:/opt/ros/jazzy/opt/gz_utils_vendor:/opt/ros/jazzy/opt/gz_tools_vendor:/opt/ros/jazzy/opt/gz_ogre_next_vendor:/opt/ros/jazzy/opt/gz_dartsim_vendor:/opt/ros/jazzy/opt/gz_cmake_vendor'}, 'shell': False}
[0.901606] (-) TimerEvent: {}
[1.001863] (-) TimerEvent: {}
[1.019356] (leg1_description) StdoutLine: {'line': b'running egg_info\n'}
[1.019659] (leg1_description) StdoutLine: {'line': b'creating ../../../build/leg1_description/leg1_description.egg-info\n'}
[1.033785] (leg1_description) StdoutLine: {'line': b'writing ../../../build/leg1_description/leg1_description.egg-info/PKG-INFO\n'}
[1.033972] (leg1_description) StdoutLine: {'line': b'writing dependency_links to ../../../build/leg1_description/leg1_description.egg-info/dependency_links.txt\n'}
[1.034138] (leg1_description) StdoutLine: {'line': b'writing requirements to ../../../build/leg1_description/leg1_description.egg-info/requires.txt\n'}
[1.034306] (leg1_description) StdoutLine: {'line': b'writing top-level names to ../../../build/leg1_description/leg1_description.egg-info/top_level.txt\n'}
[1.034411] (leg1_description) StdoutLine: {'line': b"writing manifest file '../../../build/leg1_description/leg1_description.egg-info/SOURCES.txt'\n"}
[1.063957] (leg1_description) StdoutLine: {'line': b"reading manifest file '../../../build/leg1_description/leg1_description.egg-info/SOURCES.txt'\n"}
[1.064387] (leg1_description) StdoutLine: {'line': b"writing manifest file '../../../build/leg1_description/leg1_description.egg-info/SOURCES.txt'\n"}
[1.064646] (leg1_description) StdoutLine: {'line': b'running build\n'}
[1.064724] (leg1_description) StdoutLine: {'line': b'running build_py\n'}
[1.064778] (leg1_description) StdoutLine: {'line': b'creating /home/houndsito/vt-cro/robogamescode/leg1_ws/build/leg1_description/build\n'}
[1.064829] (leg1_description) StdoutLine: {'line': b'creating /home/houndsito/vt-cro/robogamescode/leg1_ws/build/leg1_description/build/lib\n'}
[1.064934] (leg1_description) StdoutLine: {'line': b'creating /home/houndsito/vt-cro/robogamescode/leg1_ws/build/leg1_description/build/lib/leg1_description\n'}
[1.064987] (leg1_description) StdoutLine: {'line': b'copying leg1_description/__init__.py -> /home/houndsito/vt-cro/robogamescode/leg1_ws/build/leg1_description/build/lib/leg1_description\n'}
[1.065031] (leg1_description) StdoutLine: {'line': b'running install\n'}
[1.069355] (leg1_description) StdoutLine: {'line': b'running install_lib\n'}
[1.084287] (leg1_description) StdoutLine: {'line': b'creating /home/houndsito/vt-cro/robogamescode/leg1_ws/install/leg1_description/lib/python3.12/site-packages/leg1_description\n'}
[1.084526] (leg1_description) StdoutLine: {'line': b'copying /home/houndsito/vt-cro/robogamescode/leg1_ws/build/leg1_description/build/lib/leg1_description/__init__.py -> /home/houndsito/vt-cro/robogamescode/leg1_ws/install/leg1_description/lib/python3.12/site-packages/leg1_description\n'}
[1.084721] (leg1_description) StdoutLine: {'line': b'byte-compiling /home/houndsito/vt-cro/robogamescode/leg1_ws/install/leg1_description/lib/python3.12/site-packages/leg1_description/__init__.py to __init__.cpython-312.pyc\n'}
[1.084886] (leg1_description) StdoutLine: {'line': b'running install_data\n'}
[1.084973] (leg1_description) StdoutLine: {'line': b'creating /home/houndsito/vt-cro/robogamescode/leg1_ws/install/leg1_description/share/ament_index\n'}
[1.085028] (leg1_description) StdoutLine: {'line': b'creating /home/houndsito/vt-cro/robogamescode/leg1_ws/install/leg1_description/share/ament_index/resource_index\n'}
[1.085083] (leg1_description) StdoutLine: {'line': b'creating /home/houndsito/vt-cro/robogamescode/leg1_ws/install/leg1_description/share/ament_index/resource_index/packages\n'}
[1.085177] (leg1_description) StdoutLine: {'line': b'copying resource/leg1_description -> /home/houndsito/vt-cro/robogamescode/leg1_ws/install/leg1_description/share/ament_index/resource_index/packages\n'}
[1.085357] (leg1_description) StdoutLine: {'line': b'copying package.xml -> /home/houndsito/vt-cro/robogamescode/leg1_ws/install/leg1_description/share/leg1_description\n'}
[1.085525] (leg1_description) StdoutLine: {'line': b'creating /home/houndsito/vt-cro/robogamescode/leg1_ws/install/leg1_description/share/leg1_description/launch\n'}
[1.085711] (leg1_description) StdoutLine: {'line': b'copying launch/gazebo.launch.py -> /home/houndsito/vt-cro/robogamescode/leg1_ws/install/leg1_description/share/leg1_description/launch\n'}
[1.085829] (leg1_description) StdoutLine: {'line': b'copying launch/display.launch.py -> /home/houndsito/vt-cro/robogamescode/leg1_ws/install/leg1_description/share/leg1_description/launch\n'}
[1.085966] (leg1_description) StdoutLine: {'line': b'creating /home/houndsito/vt-cro/robogamescode/leg1_ws/install/leg1_description/share/leg1_description/urdf\n'}
[1.086016] (leg1_description) StdoutLine: {'line': b'copying urdf/leg1.trans -> /home/houndsito/vt-cro/robogamescode/leg1_ws/install/leg1_description/share/leg1_description/urdf\n'}
[1.086060] (leg1_description) StdoutLine: {'line': b'copying urdf/leg1.xacro -> /home/houndsito/vt-cro/robogamescode/leg1_ws/install/leg1_description/share/leg1_description/urdf\n'}
[1.086210] (leg1_description) StdoutLine: {'line': b'copying urdf/leg1.gazebo -> /home/houndsito/vt-cro/robogamescode/leg1_ws/install/leg1_description/share/leg1_description/urdf\n'}
[1.086432] (leg1_description) StdoutLine: {'line': b'copying urdf/install -> /home/houndsito/vt-cro/robogamescode/leg1_ws/install/leg1_description/share/leg1_description/urdf\n'}
[1.086798] (leg1_description) StdoutLine: {'line': b'copying urdf/materials.xacro -> /home/houndsito/vt-cro/robogamescode/leg1_ws/install/leg1_description/share/leg1_description/urdf\n'}
[1.087057] (leg1_description) StdoutLine: {'line': b'copying urdf/leg1.sdf -> /home/houndsito/vt-cro/robogamescode/leg1_ws/install/leg1_description/share/leg1_description/urdf\n'}
[1.087560] (leg1_description) StdoutLine: {'line': b'copying urdf/leg1.urdf -> /home/houndsito/vt-cro/robogamescode/leg1_ws/install/leg1_description/share/leg1_description/urdf\n'}
[1.087876] (leg1_description) StdoutLine: {'line': b'copying urdf/leg1_original.xacro -> /home/houndsito/vt-cro/robogamescode/leg1_ws/install/leg1_description/share/leg1_description/urdf\n'}
[1.088170] (leg1_description) StdoutLine: {'line': b'creating /home/houndsito/vt-cro/robogamescode/leg1_ws/install/leg1_description/share/leg1_description/meshes\n'}
[1.088258] (leg1_description) StdoutLine: {'line': b'copying meshes/driveleg_1.stl -> /home/houndsito/vt-cro/robogamescode/leg1_ws/install/leg1_description/share/leg1_description/meshes\n'}
[1.088902] (leg1_description) StdoutLine: {'line': b'copying meshes/sphere_1.stl -> /home/houndsito/vt-cro/robogamescode/leg1_ws/install/leg1_description/share/leg1_description/meshes\n'}
[1.090026] (leg1_description) StdoutLine: {'line': b'copying meshes/upperleg_1.stl -> /home/houndsito/vt-cro/robogamescode/leg1_ws/install/leg1_description/share/leg1_description/meshes\n'}
[1.090545] (leg1_description) StdoutLine: {'line': b'copying meshes/base_link.stl -> /home/houndsito/vt-cro/robogamescode/leg1_ws/install/leg1_description/share/leg1_description/meshes\n'}
[1.091124] (leg1_description) StdoutLine: {'line': b'copying meshes/lowerleg_1.stl -> /home/houndsito/vt-cro/robogamescode/leg1_ws/install/leg1_description/share/leg1_description/meshes\n'}
[1.092388] (leg1_description) StdoutLine: {'line': b'creating /home/houndsito/vt-cro/robogamescode/leg1_ws/install/leg1_description/share/leg1_description/config\n'}
[1.092489] (leg1_description) StdoutLine: {'line': b'copying config/display.rviz -> /home/houndsito/vt-cro/robogamescode/leg1_ws/install/leg1_description/share/leg1_description/config\n'}
[1.092775] (leg1_description) StdoutLine: {'line': b'running install_egg_info\n'}
[1.101950] (-) TimerEvent: {}
[1.109645] (leg1_description) StdoutLine: {'line': b'Copying ../../../build/leg1_description/leg1_description.egg-info to /home/houndsito/vt-cro/robogamescode/leg1_ws/install/leg1_description/lib/python3.12/site-packages/leg1_description-0.0.0-py3.12.egg-info\n'}
[1.110437] (leg1_description) StdoutLine: {'line': b'running install_scripts\n'}
[1.202067] (-) TimerEvent: {}
[1.210125] (leg1_description) StdoutLine: {'line': b"writing list of installed files to '/home/houndsito/vt-cro/robogamescode/leg1_ws/build/leg1_description/install.log'\n"}
[1.232560] (leg1_description) CommandEnded: {'returncode': 0}
[1.242671] (leg1_description) JobEnded: {'identifier': 'leg1_description', 'rc': 0}
[1.243655] (-) EventReactorShutdown: {}
