[0.000000] (-) TimerEvent: {}
[0.000595] (leg1_description) JobQueued: {'identifier': 'leg1_description', 'dependencies': OrderedDict()}
[0.000657] (leg1_description) JobStarted: {'identifier': 'leg1_description'}
[0.099818] (-) TimerEvent: {}
[0.200102] (-) TimerEvent: {}
[0.300383] (-) TimerEvent: {}
[0.400650] (-) TimerEvent: {}
[0.500920] (-) TimerEvent: {}
[0.593649] (leg1_description) Command: {'cmd': ['/usr/bin/python3', '-W', 'ignore:setup.py install is deprecated', '-W', 'ignore:easy_install command is deprecated', 'setup.py', 'egg_info', '--egg-base', '../../../build/leg1_description', 'build', '--build-base', '/home/houndsito/vt-cro/robogamescode/leg1_ws/build/leg1_description/build', 'install', '--record', '/home/houndsito/vt-cro/robogamescode/leg1_ws/build/leg1_description/install.log', '--single-version-externally-managed', 'install_data'], 'cwd': '/home/houndsito/vt-cro/robogamescode/leg1_ws/src/leg/leg1_description', 'env': {'USER': 'houndsito', 'GZ_CONFIG_PATH': '/opt/ros/jazzy/opt/gz_sim_vendor/share/gz:/opt/ros/jazzy/opt/sdformat_vendor/share/gz:/opt/ros/jazzy/opt/gz_gui_vendor/share/gz:/opt/ros/jazzy/opt/gz_transport_vendor/share/gz:/opt/ros/jazzy/opt/gz_rendering_vendor/share/gz:/opt/ros/jazzy/opt/gz_plugin_vendor/share/gz:/opt/ros/jazzy/opt/gz_fuel_tools_vendor/share/gz:/opt/ros/jazzy/opt/gz_msgs_vendor/share/gz:/opt/ros/jazzy/opt/gz_common_vendor/share/gz', 'XDG_SESSION_TYPE': 'x11', 'SHLVL': '2', 'LD_LIBRARY_PATH': '/opt/ros/jazzy/opt/gz_sim_vendor/lib:/opt/ros/jazzy/opt/gz_sensors_vendor/lib:/opt/ros/jazzy/opt/gz_physics_vendor/lib:/opt/ros/jazzy/opt/sdformat_vendor/lib:/opt/ros/jazzy/opt/rviz_ogre_vendor/lib:/opt/ros/jazzy/lib/x86_64-linux-gnu:/opt/ros/jazzy/opt/gz_gui_vendor/lib:/opt/ros/jazzy/opt/gz_transport_vendor/lib:/opt/ros/jazzy/opt/gz_rendering_vendor/lib:/opt/ros/jazzy/opt/gz_plugin_vendor/lib:/opt/ros/jazzy/opt/gz_fuel_tools_vendor/lib:/opt/ros/jazzy/opt/gz_msgs_vendor/lib:/opt/ros/jazzy/opt/gz_common_vendor/lib:/opt/ros/jazzy/opt/gz_math_vendor/lib:/opt/ros/jazzy/opt/gz_utils_vendor/lib:/opt/ros/jazzy/opt/gz_tools_vendor/lib:/opt/ros/jazzy/opt/gz_ogre_next_vendor/lib:/opt/ros/jazzy/opt/gz_dartsim_vendor/lib:/opt/ros/jazzy/opt/gz_cmake_vendor/lib:/opt/ros/jazzy/lib', 'HOME': '/home/houndsito', 'DESKTOP_SESSION': 'ubuntu', 'ROS_PYTHON_VERSION': '3', 'GNOME_SHELL_SESSION_MODE': 'ubuntu', 'GTK_MODULES': 'gail:atk-bridge', 'SYSTEMD_EXEC_PID': '2665', 'GSM_SKIP_SSH_AGENT_WORKAROUND': 'true', 'DBUS_SESSION_BUS_ADDRESS': 'unix:path=/run/user/1000/bus', 'COLORTERM': 'truecolor', 'GNOME_KEYRING_CONTROL': '/run/user/1000/keyring', 'DEBUGINFOD_URLS': 'https://debuginfod.ubuntu.com', 'OMF_PATH': '/home/houndsito/.local/share/omf', 'ROS_DISTRO': 'jazzy', 'LOGNAME': 'houndsito', '_': '/usr/bin/colcon', 'ROS_VERSION': '2', 'MEMORY_PRESSURE_WATCH': '/sys/fs/cgroup/user.slice/user-1000.slice/user@1000.service/session.slice/org.gnome.SettingsDaemon.MediaKeys.service/memory.pressure', 'XDG_SESSION_CLASS': 'user', 'USERNAME': 'houndsito', 'TERM': 'xterm-256color', 'GNOME_DESKTOP_SESSION_ID': 'this-is-deprecated', 'WINDOWPATH': '2', 'PATH': '/opt/ros/jazzy/opt/gz_msgs_vendor/bin:/opt/ros/jazzy/opt/gz_tools_vendor/bin:/opt/ros/jazzy/opt/gz_ogre_next_vendor/bin:/opt/ros/jazzy/bin:/home/houndsito/.local/bin:/home/houndsito/bin:/usr/local/sbin:/usr/local/bin:/usr/sbin:/usr/bin:/sbin:/bin:/usr/games:/usr/local/games:/snap/bin:/snap/bin', 'SESSION_MANAGER': 'local/DPM:@/tmp/.ICE-unix/2451,unix/DPM:/tmp/.ICE-unix/2451', 'XDG_MENU_PREFIX': 'gnome-', 'GNOME_TERMINAL_SCREEN': '/org/gnome/Terminal/screen/ff8477a0_cc21_4114_8dd4_9cce0ad547f2', 'XDG_RUNTIME_DIR': '/run/user/1000', 'DISPLAY': ':1', 'LANG': 'en_US.UTF-8', 'XDG_CURRENT_DESKTOP': 'ubuntu:GNOME', 'XMODIFIERS': '@im=ibus', 'XDG_SESSION_DESKTOP': 'ubuntu', 'XAUTHORITY': '/run/user/1000/gdm/Xauthority', 'GNOME_TERMINAL_SERVICE': ':1.99', 'SSH_AUTH_SOCK': '/run/user/1000/keyring/ssh', 'AMENT_PREFIX_PATH': '/opt/ros/jazzy', 'SHELL': '/usr/bin/fish', 'QT_ACCESSIBILITY': '1', 'GDMSESSION': 'ubuntu', 'GPG_AGENT_INFO': '/run/user/1000/gnupg/S.gpg-agent:0:1', 'ROS_AUTOMATIC_DISCOVERY_RANGE': 'SUBNET', 'QT_IM_MODULE': 'ibus', 'PWD': '/home/houndsito/vt-cro/robogamescode/leg1_ws/build/leg1_description', 'LC_ALL': 'en_US.UTF-8', 'XDG_CONFIG_DIRS': '/etc/xdg/xdg-ubuntu:/etc/xdg', 'XDG_DATA_DIRS': '/usr/share/ubuntu:/usr/share/gnome:/usr/local/share/:/usr/share/:/var/lib/snapd/desktop', 'OMF_CONFIG': '/home/houndsito/.config/omf', 'PYTHONPATH': '/home/houndsito/vt-cro/robogamescode/leg1_ws/build/leg1_description/prefix_override:/usr/lib/python3/dist-packages/colcon_core/task/python/colcon_distutils_commands:/home/houndsito/vt-cro/robogamescode/leg1_ws/install/leg1_description/lib/python3.12/site-packages:/opt/ros/jazzy/lib/python3.12/site-packages', 'COLCON': '1', 'MEMORY_PRESSURE_WRITE': 'c29tZSAyMDAwMDAgMjAwMDAwMAA=', 'VTE_VERSION': '7600', 'CMAKE_PREFIX_PATH': '/opt/ros/jazzy/opt/gz_sim_vendor:/opt/ros/jazzy/opt/gz_sensors_vendor:/opt/ros/jazzy/opt/gz_physics_vendor:/opt/ros/jazzy/opt/sdformat_vendor:/opt/ros/jazzy/opt/gz_gui_vendor:/opt/ros/jazzy/opt/gz_transport_vendor:/opt/ros/jazzy/opt/gz_rendering_vendor:/opt/ros/jazzy/opt/gz_plugin_vendor:/opt/ros/jazzy/opt/gz_fuel_tools_vendor:/opt/ros/jazzy/opt/gz_msgs_vendor:/opt/ros/jazzy/opt/gz_common_vendor:/opt/ros/jazzy/opt/gz_math_vendor:/opt/ros/jazzy/opt/gz_utils_vendor:/opt/ros/jazzy/opt/gz_tools_vendor:/opt/ros/jazzy/opt/gz_ogre_next_vendor:/opt/ros/jazzy/opt/gz_dartsim_vendor:/opt/ros/jazzy/opt/gz_cmake_vendor'}, 'shell': False}
[0.600997] (-) TimerEvent: {}
[0.701231] (-) TimerEvent: {}
[0.797184] (leg1_description) StdoutLine: {'line': b'running egg_info\n'}
[0.797568] (leg1_description) StdoutLine: {'line': b'creating ../../../build/leg1_description/leg1_description.egg-info\n'}
[0.801330] (-) TimerEvent: {}
[0.812585] (leg1_description) StdoutLine: {'line': b'writing ../../../build/leg1_description/leg1_description.egg-info/PKG-INFO\n'}
[0.812822] (leg1_description) StdoutLine: {'line': b'writing dependency_links to ../../../build/leg1_description/leg1_description.egg-info/dependency_links.txt\n'}
[0.812942] (leg1_description) StdoutLine: {'line': b'writing requirements to ../../../build/leg1_description/leg1_description.egg-info/requires.txt\n'}
[0.813092] (leg1_description) StdoutLine: {'line': b'writing top-level names to ../../../build/leg1_description/leg1_description.egg-info/top_level.txt\n'}
[0.813238] (leg1_description) StdoutLine: {'line': b"writing manifest file '../../../build/leg1_description/leg1_description.egg-info/SOURCES.txt'\n"}
[0.842120] (leg1_description) StdoutLine: {'line': b"reading manifest file '../../../build/leg1_description/leg1_description.egg-info/SOURCES.txt'\n"}
[0.842571] (leg1_description) StdoutLine: {'line': b"writing manifest file '../../../build/leg1_description/leg1_description.egg-info/SOURCES.txt'\n"}
[0.842807] (leg1_description) StdoutLine: {'line': b'running build\n'}
[0.842942] (leg1_description) StdoutLine: {'line': b'running build_py\n'}
[0.843079] (leg1_description) StdoutLine: {'line': b'creating /home/houndsito/vt-cro/robogamescode/leg1_ws/build/leg1_description/build\n'}
[0.843191] (leg1_description) StdoutLine: {'line': b'creating /home/houndsito/vt-cro/robogamescode/leg1_ws/build/leg1_description/build/lib\n'}
[0.843294] (leg1_description) StdoutLine: {'line': b'creating /home/houndsito/vt-cro/robogamescode/leg1_ws/build/leg1_description/build/lib/leg1_description\n'}
[0.843384] (leg1_description) StdoutLine: {'line': b'copying leg1_description/__init__.py -> /home/houndsito/vt-cro/robogamescode/leg1_ws/build/leg1_description/build/lib/leg1_description\n'}
[0.843470] (leg1_description) StdoutLine: {'line': b'running install\n'}
[0.847546] (leg1_description) StdoutLine: {'line': b'running install_lib\n'}
[0.862240] (leg1_description) StdoutLine: {'line': b'creating /home/houndsito/vt-cro/robogamescode/leg1_ws/install/leg1_description/lib/python3.12/site-packages/leg1_description\n'}
[0.862387] (leg1_description) StdoutLine: {'line': b'copying /home/houndsito/vt-cro/robogamescode/leg1_ws/build/leg1_description/build/lib/leg1_description/__init__.py -> /home/houndsito/vt-cro/robogamescode/leg1_ws/install/leg1_description/lib/python3.12/site-packages/leg1_description\n'}
[0.862722] (leg1_description) StdoutLine: {'line': b'byte-compiling /home/houndsito/vt-cro/robogamescode/leg1_ws/install/leg1_description/lib/python3.12/site-packages/leg1_description/__init__.py to __init__.cpython-312.pyc\n'}
[0.862912] (leg1_description) StdoutLine: {'line': b'running install_data\n'}
[0.863051] (leg1_description) StdoutLine: {'line': b'creating /home/houndsito/vt-cro/robogamescode/leg1_ws/install/leg1_description/share/ament_index\n'}
[0.863117] (leg1_description) StdoutLine: {'line': b'creating /home/houndsito/vt-cro/robogamescode/leg1_ws/install/leg1_description/share/ament_index/resource_index\n'}
[0.863276] (leg1_description) StdoutLine: {'line': b'creating /home/houndsito/vt-cro/robogamescode/leg1_ws/install/leg1_description/share/ament_index/resource_index/packages\n'}
[0.863457] (leg1_description) StdoutLine: {'line': b'copying resource/leg1_description -> /home/houndsito/vt-cro/robogamescode/leg1_ws/install/leg1_description/share/ament_index/resource_index/packages\n'}
[0.863581] (leg1_description) StdoutLine: {'line': b'copying package.xml -> /home/houndsito/vt-cro/robogamescode/leg1_ws/install/leg1_description/share/leg1_description\n'}
[0.863685] (leg1_description) StdoutLine: {'line': b'creating /home/houndsito/vt-cro/robogamescode/leg1_ws/install/leg1_description/share/leg1_description/launch\n'}
[0.863784] (leg1_description) StdoutLine: {'line': b'copying launch/gazebo.launch.py -> /home/houndsito/vt-cro/robogamescode/leg1_ws/install/leg1_description/share/leg1_description/launch\n'}
[0.863921] (leg1_description) StdoutLine: {'line': b'copying launch/display.launch.py -> /home/houndsito/vt-cro/robogamescode/leg1_ws/install/leg1_description/share/leg1_description/launch\n'}
[0.864049] (leg1_description) StdoutLine: {'line': b'creating /home/houndsito/vt-cro/robogamescode/leg1_ws/install/leg1_description/share/leg1_description/urdf\n'}
[0.864148] (leg1_description) StdoutLine: {'line': b'copying urdf/leg1.trans -> /home/houndsito/vt-cro/robogamescode/leg1_ws/install/leg1_description/share/leg1_description/urdf\n'}
[0.864296] (leg1_description) StdoutLine: {'line': b'copying urdf/dingo.sdf -> /home/houndsito/vt-cro/robogamescode/leg1_ws/install/leg1_description/share/leg1_description/urdf\n'}
[0.864400] (leg1_description) StdoutLine: {'line': b'copying urdf/leg1.xacro -> /home/houndsito/vt-cro/robogamescode/leg1_ws/install/leg1_description/share/leg1_description/urdf\n'}
[0.864444] (leg1_description) StdoutLine: {'line': b'copying urdf/leg1.gazebo -> /home/houndsito/vt-cro/robogamescode/leg1_ws/install/leg1_description/share/leg1_description/urdf\n'}
[0.864487] (leg1_description) StdoutLine: {'line': b'copying urdf/install -> /home/houndsito/vt-cro/robogamescode/leg1_ws/install/leg1_description/share/leg1_description/urdf\n'}
[0.864529] (leg1_description) StdoutLine: {'line': b'copying urdf/materials.xacro -> /home/houndsito/vt-cro/robogamescode/leg1_ws/install/leg1_description/share/leg1_description/urdf\n'}
[0.864570] (leg1_description) StdoutLine: {'line': b'copying urdf/leg1.sdf -> /home/houndsito/vt-cro/robogamescode/leg1_ws/install/leg1_description/share/leg1_description/urdf\n'}
[0.864612] (leg1_description) StdoutLine: {'line': b'copying urdf/leg1.urdf -> /home/houndsito/vt-cro/robogamescode/leg1_ws/install/leg1_description/share/leg1_description/urdf\n'}
[0.864654] (leg1_description) StdoutLine: {'line': b'copying urdf/leg1_original.xacro -> /home/houndsito/vt-cro/robogamescode/leg1_ws/install/leg1_description/share/leg1_description/urdf\n'}
[0.864717] (leg1_description) StdoutLine: {'line': b'copying urdf/dingo.urdf -> /home/houndsito/vt-cro/robogamescode/leg1_ws/install/leg1_description/share/leg1_description/urdf\n'}
[0.864784] (leg1_description) StdoutLine: {'line': b'creating /home/houndsito/vt-cro/robogamescode/leg1_ws/install/leg1_description/share/leg1_description/meshes\n'}
[0.864825] (leg1_description) StdoutLine: {'line': b'copying meshes/driveleg_1.stl -> /home/houndsito/vt-cro/robogamescode/leg1_ws/install/leg1_description/share/leg1_description/meshes\n'}
[0.864869] (leg1_description) StdoutLine: {'line': b'copying meshes/sphere_1.stl -> /home/houndsito/vt-cro/robogamescode/leg1_ws/install/leg1_description/share/leg1_description/meshes\n'}
[0.865215] (leg1_description) StdoutLine: {'line': b'copying meshes/upperleg_1.stl -> /home/houndsito/vt-cro/robogamescode/leg1_ws/install/leg1_description/share/leg1_description/meshes\n'}
[0.865324] (leg1_description) StdoutLine: {'line': b'copying meshes/base_link.stl -> /home/houndsito/vt-cro/robogamescode/leg1_ws/install/leg1_description/share/leg1_description/meshes\n'}
[0.865456] (leg1_description) StdoutLine: {'line': b'copying meshes/lowerleg_1.stl -> /home/houndsito/vt-cro/robogamescode/leg1_ws/install/leg1_description/share/leg1_description/meshes\n'}
[0.865905] (leg1_description) StdoutLine: {'line': b'creating /home/houndsito/vt-cro/robogamescode/leg1_ws/install/leg1_description/share/leg1_description/config\n'}
[0.865972] (leg1_description) StdoutLine: {'line': b'copying config/display.rviz -> /home/houndsito/vt-cro/robogamescode/leg1_ws/install/leg1_description/share/leg1_description/config\n'}
[0.866035] (leg1_description) StdoutLine: {'line': b'running install_egg_info\n'}
[0.881655] (leg1_description) StdoutLine: {'line': b'Copying ../../../build/leg1_description/leg1_description.egg-info to /home/houndsito/vt-cro/robogamescode/leg1_ws/install/leg1_description/lib/python3.12/site-packages/leg1_description-0.0.0-py3.12.egg-info\n'}
[0.882295] (leg1_description) StdoutLine: {'line': b'running install_scripts\n'}
[0.901419] (-) TimerEvent: {}
[0.982660] (leg1_description) StdoutLine: {'line': b"writing list of installed files to '/home/houndsito/vt-cro/robogamescode/leg1_ws/build/leg1_description/install.log'\n"}
[1.001539] (-) TimerEvent: {}
[1.003762] (leg1_description) CommandEnded: {'returncode': 0}
[1.010300] (leg1_description) JobEnded: {'identifier': 'leg1_description', 'rc': 0}
[1.011141] (-) EventReactorShutdown: {}
