[0.078s] DEBUG:colcon:Command line arguments: ['/usr/bin/colcon', 'build']
[0.078s] DEBUG:colcon:Parsed command line arguments: Namespace(log_base=None, log_level=None, verb_name='build', build_base='build', install_base='install', merge_install=False, symlink_install=False, test_result_base=None, continue_on_error=False, executor='parallel', parallel_workers=12, event_handlers=None, ignore_user_meta=False, metas=['./colcon.meta'], base_paths=['.'], packages_ignore=None, packages_ignore_regex=None, paths=None, packages_up_to=None, packages_up_to_regex=None, packages_above=None, packages_above_and_dependencies=None, packages_above_depth=None, packages_select_by_dep=None, packages_skip_by_dep=None, packages_skip_up_to=None, packages_select_build_failed=False, packages_skip_build_finished=False, packages_select_test_failures=False, packages_skip_test_passed=False, packages_select=None, packages_skip=None, packages_select_regex=None, packages_skip_regex=None, packages_start=None, packages_end=None, cmake_args=None, cmake_target=None, cmake_target_skip_unavailable=False, cmake_clean_cache=False, cmake_clean_first=False, cmake_force_configure=False, ament_cmake_args=None, catkin_cmake_args=None, catkin_skip_building_tests=False, verb_parser=<colcon_defaults.argument_parser.defaults.DefaultArgumentsDecorator object at 0x71be1243f740>, verb_extension=<colcon_core.verb.build.BuildVerb object at 0x71be131809b0>, main=<bound method BuildVerb.main of <colcon_core.verb.build.BuildVerb object at 0x71be131809b0>>)
[0.106s] Level 1:colcon.colcon_core.package_discovery:discover_packages(colcon_meta) check parameters
[0.106s] Level 1:colcon.colcon_core.package_discovery:discover_packages(recursive) check parameters
[0.106s] Level 1:colcon.colcon_core.package_discovery:discover_packages(ignore) check parameters
[0.106s] Level 1:colcon.colcon_core.package_discovery:discover_packages(path) check parameters
[0.106s] Level 1:colcon.colcon_core.package_discovery:discover_packages(colcon_meta) discover
[0.106s] Level 1:colcon.colcon_core.package_discovery:discover_packages(recursive) discover
[0.107s] INFO:colcon.colcon_core.package_discovery:Crawling recursively for packages in '/home/vtcro/panda_robot_ws'
[0.107s] Level 1:colcon.colcon_core.package_identification:_identify(.) by extensions ['ignore', 'ignore_ament_install']
[0.107s] Level 1:colcon.colcon_core.package_identification:_identify(.) by extension 'ignore'
[0.107s] Level 1:colcon.colcon_core.package_identification:_identify(.) by extension 'ignore_ament_install'
[0.107s] Level 1:colcon.colcon_core.package_identification:_identify(.) by extensions ['colcon_pkg']
[0.107s] Level 1:colcon.colcon_core.package_identification:_identify(.) by extension 'colcon_pkg'
[0.107s] Level 1:colcon.colcon_core.package_identification:_identify(.) by extensions ['colcon_meta']
[0.107s] Level 1:colcon.colcon_core.package_identification:_identify(.) by extension 'colcon_meta'
[0.107s] Level 1:colcon.colcon_core.package_identification:_identify(.) by extensions ['ros']
[0.107s] Level 1:colcon.colcon_core.package_identification:_identify(.) by extension 'ros'
[0.125s] Level 1:colcon.colcon_core.package_identification:_identify(.) by extensions ['cmake', 'python']
[0.125s] Level 1:colcon.colcon_core.package_identification:_identify(.) by extension 'cmake'
[0.125s] Level 1:colcon.colcon_core.package_identification:_identify(.) by extension 'python'
[0.125s] Level 1:colcon.colcon_core.package_identification:_identify(.) by extensions ['python_setup_py']
[0.125s] Level 1:colcon.colcon_core.package_identification:_identify(.) by extension 'python_setup_py'
[0.125s] Level 1:colcon.colcon_core.package_identification:_identify(build) by extensions ['ignore', 'ignore_ament_install']
[0.125s] Level 1:colcon.colcon_core.package_identification:_identify(build) by extension 'ignore'
[0.125s] Level 1:colcon.colcon_core.package_identification:_identify(build) ignored
[0.125s] Level 1:colcon.colcon_core.package_identification:_identify(install) by extensions ['ignore', 'ignore_ament_install']
[0.125s] Level 1:colcon.colcon_core.package_identification:_identify(install) by extension 'ignore'
[0.125s] Level 1:colcon.colcon_core.package_identification:_identify(install) ignored
[0.125s] Level 1:colcon.colcon_core.package_identification:_identify(log) by extensions ['ignore', 'ignore_ament_install']
[0.125s] Level 1:colcon.colcon_core.package_identification:_identify(log) by extension 'ignore'
[0.125s] Level 1:colcon.colcon_core.package_identification:_identify(log) ignored
[0.125s] Level 1:colcon.colcon_core.package_identification:_identify(src) by extensions ['ignore', 'ignore_ament_install']
[0.125s] Level 1:colcon.colcon_core.package_identification:_identify(src) by extension 'ignore'
[0.126s] Level 1:colcon.colcon_core.package_identification:_identify(src) by extension 'ignore_ament_install'
[0.126s] Level 1:colcon.colcon_core.package_identification:_identify(src) by extensions ['colcon_pkg']
[0.126s] Level 1:colcon.colcon_core.package_identification:_identify(src) by extension 'colcon_pkg'
[0.126s] Level 1:colcon.colcon_core.package_identification:_identify(src) by extensions ['colcon_meta']
[0.126s] Level 1:colcon.colcon_core.package_identification:_identify(src) by extension 'colcon_meta'
[0.126s] Level 1:colcon.colcon_core.package_identification:_identify(src) by extensions ['ros']
[0.126s] Level 1:colcon.colcon_core.package_identification:_identify(src) by extension 'ros'
[0.126s] Level 1:colcon.colcon_core.package_identification:_identify(src) by extensions ['cmake', 'python']
[0.126s] Level 1:colcon.colcon_core.package_identification:_identify(src) by extension 'cmake'
[0.126s] Level 1:colcon.colcon_core.package_identification:_identify(src) by extension 'python'
[0.126s] Level 1:colcon.colcon_core.package_identification:_identify(src) by extensions ['python_setup_py']
[0.126s] Level 1:colcon.colcon_core.package_identification:_identify(src) by extension 'python_setup_py'
[0.126s] Level 1:colcon.colcon_core.package_identification:_identify(src/cobot_test) by extensions ['ignore', 'ignore_ament_install']
[0.126s] Level 1:colcon.colcon_core.package_identification:_identify(src/cobot_test) by extension 'ignore'
[0.126s] Level 1:colcon.colcon_core.package_identification:_identify(src/cobot_test) by extension 'ignore_ament_install'
[0.126s] Level 1:colcon.colcon_core.package_identification:_identify(src/cobot_test) by extensions ['colcon_pkg']
[0.126s] Level 1:colcon.colcon_core.package_identification:_identify(src/cobot_test) by extension 'colcon_pkg'
[0.126s] Level 1:colcon.colcon_core.package_identification:_identify(src/cobot_test) by extensions ['colcon_meta']
[0.126s] Level 1:colcon.colcon_core.package_identification:_identify(src/cobot_test) by extension 'colcon_meta'
[0.126s] Level 1:colcon.colcon_core.package_identification:_identify(src/cobot_test) by extensions ['ros']
[0.126s] Level 1:colcon.colcon_core.package_identification:_identify(src/cobot_test) by extension 'ros'
[0.128s] DEBUG:colcon.colcon_core.package_identification:Package 'src/cobot_test' with type 'ros.ament_cmake' and name 'cobot_test'
[0.128s] Level 1:colcon.colcon_core.package_identification:_identify(src/panda_robot_moveit_config) by extensions ['ignore', 'ignore_ament_install']
[0.128s] Level 1:colcon.colcon_core.package_identification:_identify(src/panda_robot_moveit_config) by extension 'ignore'
[0.128s] Level 1:colcon.colcon_core.package_identification:_identify(src/panda_robot_moveit_config) by extension 'ignore_ament_install'
[0.128s] Level 1:colcon.colcon_core.package_identification:_identify(src/panda_robot_moveit_config) by extensions ['colcon_pkg']
[0.128s] Level 1:colcon.colcon_core.package_identification:_identify(src/panda_robot_moveit_config) by extension 'colcon_pkg'
[0.128s] Level 1:colcon.colcon_core.package_identification:_identify(src/panda_robot_moveit_config) by extensions ['colcon_meta']
[0.128s] Level 1:colcon.colcon_core.package_identification:_identify(src/panda_robot_moveit_config) by extension 'colcon_meta'
[0.128s] Level 1:colcon.colcon_core.package_identification:_identify(src/panda_robot_moveit_config) by extensions ['ros']
[0.128s] Level 1:colcon.colcon_core.package_identification:_identify(src/panda_robot_moveit_config) by extension 'ros'
[0.137s] DEBUG:colcon.colcon_core.package_identification:Package 'src/panda_robot_moveit_config' with type 'ros.ament_cmake' and name 'panda_robot_moveit_config'
[0.137s] Level 1:colcon.colcon_core.package_discovery:discover_packages(recursive) using defaults
[0.137s] Level 1:colcon.colcon_core.package_discovery:discover_packages(ignore) discover
[0.137s] Level 1:colcon.colcon_core.package_discovery:discover_packages(ignore) using defaults
[0.137s] Level 1:colcon.colcon_core.package_discovery:discover_packages(path) discover
[0.137s] Level 1:colcon.colcon_core.package_discovery:discover_packages(path) using defaults
[0.149s] Level 5:colcon.colcon_core.verb:set package 'cobot_test' build argument 'cmake_args' from command line to 'None'
[0.149s] Level 5:colcon.colcon_core.verb:set package 'cobot_test' build argument 'cmake_target' from command line to 'None'
[0.149s] Level 5:colcon.colcon_core.verb:set package 'cobot_test' build argument 'cmake_target_skip_unavailable' from command line to 'False'
[0.149s] Level 5:colcon.colcon_core.verb:set package 'cobot_test' build argument 'cmake_clean_cache' from command line to 'False'
[0.149s] Level 5:colcon.colcon_core.verb:set package 'cobot_test' build argument 'cmake_clean_first' from command line to 'False'
[0.149s] Level 5:colcon.colcon_core.verb:set package 'cobot_test' build argument 'cmake_force_configure' from command line to 'False'
[0.150s] Level 5:colcon.colcon_core.verb:set package 'cobot_test' build argument 'ament_cmake_args' from command line to 'None'
[0.150s] Level 5:colcon.colcon_core.verb:set package 'cobot_test' build argument 'catkin_cmake_args' from command line to 'None'
[0.150s] Level 5:colcon.colcon_core.verb:set package 'cobot_test' build argument 'catkin_skip_building_tests' from command line to 'False'
[0.150s] DEBUG:colcon.colcon_core.verb:Building package 'cobot_test' with the following arguments: {'ament_cmake_args': None, 'build_base': '/home/vtcro/panda_robot_ws/build/cobot_test', 'catkin_cmake_args': None, 'catkin_skip_building_tests': False, 'cmake_args': None, 'cmake_clean_cache': False, 'cmake_clean_first': False, 'cmake_force_configure': False, 'cmake_target': None, 'cmake_target_skip_unavailable': False, 'install_base': '/home/vtcro/panda_robot_ws/install/cobot_test', 'merge_install': False, 'path': '/home/vtcro/panda_robot_ws/src/cobot_test', 'symlink_install': False, 'test_result_base': None}
[0.150s] Level 5:colcon.colcon_core.verb:set package 'panda_robot_moveit_config' build argument 'cmake_args' from command line to 'None'
[0.150s] Level 5:colcon.colcon_core.verb:set package 'panda_robot_moveit_config' build argument 'cmake_target' from command line to 'None'
[0.150s] Level 5:colcon.colcon_core.verb:set package 'panda_robot_moveit_config' build argument 'cmake_target_skip_unavailable' from command line to 'False'
[0.150s] Level 5:colcon.colcon_core.verb:set package 'panda_robot_moveit_config' build argument 'cmake_clean_cache' from command line to 'False'
[0.150s] Level 5:colcon.colcon_core.verb:set package 'panda_robot_moveit_config' build argument 'cmake_clean_first' from command line to 'False'
[0.150s] Level 5:colcon.colcon_core.verb:set package 'panda_robot_moveit_config' build argument 'cmake_force_configure' from command line to 'False'
[0.150s] Level 5:colcon.colcon_core.verb:set package 'panda_robot_moveit_config' build argument 'ament_cmake_args' from command line to 'None'
[0.150s] Level 5:colcon.colcon_core.verb:set package 'panda_robot_moveit_config' build argument 'catkin_cmake_args' from command line to 'None'
[0.150s] Level 5:colcon.colcon_core.verb:set package 'panda_robot_moveit_config' build argument 'catkin_skip_building_tests' from command line to 'False'
[0.150s] DEBUG:colcon.colcon_core.verb:Building package 'panda_robot_moveit_config' with the following arguments: {'ament_cmake_args': None, 'build_base': '/home/vtcro/panda_robot_ws/build/panda_robot_moveit_config', 'catkin_cmake_args': None, 'catkin_skip_building_tests': False, 'cmake_args': None, 'cmake_clean_cache': False, 'cmake_clean_first': False, 'cmake_force_configure': False, 'cmake_target': None, 'cmake_target_skip_unavailable': False, 'install_base': '/home/vtcro/panda_robot_ws/install/panda_robot_moveit_config', 'merge_install': False, 'path': '/home/vtcro/panda_robot_ws/src/panda_robot_moveit_config', 'symlink_install': False, 'test_result_base': None}
[0.150s] INFO:colcon.colcon_core.executor:Executing jobs using 'parallel' executor
[0.150s] DEBUG:colcon.colcon_parallel_executor.executor.parallel:run_until_complete
[0.151s] INFO:colcon.colcon_ros.task.ament_cmake.build:Building ROS package in '/home/vtcro/panda_robot_ws/src/cobot_test' with build type 'ament_cmake'
[0.151s] INFO:colcon.colcon_cmake.task.cmake.build:Building CMake package in '/home/vtcro/panda_robot_ws/src/cobot_test'
[0.152s] INFO:colcon.colcon_core.plugin_system:Skipping extension 'colcon_core.shell.bat': Not used on non-Windows systems
[0.152s] DEBUG:colcon.colcon_core.shell:Skip shell extension 'dsv' for command environment
[0.161s] INFO:colcon.colcon_ros.task.ament_cmake.build:Building ROS package in '/home/vtcro/panda_robot_ws/src/panda_robot_moveit_config' with build type 'ament_cmake'
[0.161s] INFO:colcon.colcon_cmake.task.cmake.build:Building CMake package in '/home/vtcro/panda_robot_ws/src/panda_robot_moveit_config'
[0.161s] DEBUG:colcon.colcon_core.shell:Skip shell extension 'dsv' for command environment
[0.171s] DEBUG:colcon.colcon_core.event_handler.log_command:Invoking command in '/home/vtcro/panda_robot_ws/build/cobot_test': CMAKE_PREFIX_PATH=${CMAKE_PREFIX_PATH}:/home/vtcro/dog_ws/install/leg1_description DEBUGINFOD_URLS=https://debuginfod.ubuntu.com /usr/bin/cmake /home/vtcro/panda_robot_ws/src/cobot_test -DCMAKE_INSTALL_PREFIX=/home/vtcro/panda_robot_ws/install/cobot_test
[0.173s] DEBUG:colcon.colcon_core.event_handler.log_command:Invoking command in '/home/vtcro/panda_robot_ws/build/panda_robot_moveit_config': CMAKE_PREFIX_PATH=${CMAKE_PREFIX_PATH}:/home/vtcro/dog_ws/install/leg1_description DEBUGINFOD_URLS=https://debuginfod.ubuntu.com /usr/bin/cmake /home/vtcro/panda_robot_ws/src/panda_robot_moveit_config -DCMAKE_INSTALL_PREFIX=/home/vtcro/panda_robot_ws/install/panda_robot_moveit_config
[0.788s] DEBUG:colcon.colcon_core.event_handler.log_command:Invoked command in '/home/vtcro/panda_robot_ws/build/panda_robot_moveit_config' returned '0': CMAKE_PREFIX_PATH=${CMAKE_PREFIX_PATH}:/home/vtcro/dog_ws/install/leg1_description DEBUGINFOD_URLS=https://debuginfod.ubuntu.com /usr/bin/cmake /home/vtcro/panda_robot_ws/src/panda_robot_moveit_config -DCMAKE_INSTALL_PREFIX=/home/vtcro/panda_robot_ws/install/panda_robot_moveit_config
[0.788s] DEBUG:colcon.colcon_core.event_handler.log_command:Invoking command in '/home/vtcro/panda_robot_ws/build/panda_robot_moveit_config': CMAKE_PREFIX_PATH=${CMAKE_PREFIX_PATH}:/home/vtcro/dog_ws/install/leg1_description DEBUGINFOD_URLS=https://debuginfod.ubuntu.com /usr/bin/cmake --build /home/vtcro/panda_robot_ws/build/panda_robot_moveit_config -- -j12 -l12
[0.825s] DEBUG:colcon.colcon_core.event_handler.log_command:Invoked command in '/home/vtcro/panda_robot_ws/build/panda_robot_moveit_config' returned '0': CMAKE_PREFIX_PATH=${CMAKE_PREFIX_PATH}:/home/vtcro/dog_ws/install/leg1_description DEBUGINFOD_URLS=https://debuginfod.ubuntu.com /usr/bin/cmake --build /home/vtcro/panda_robot_ws/build/panda_robot_moveit_config -- -j12 -l12
[0.834s] DEBUG:colcon.colcon_core.event_handler.log_command:Invoking command in '/home/vtcro/panda_robot_ws/build/panda_robot_moveit_config': CMAKE_PREFIX_PATH=${CMAKE_PREFIX_PATH}:/home/vtcro/dog_ws/install/leg1_description DEBUGINFOD_URLS=https://debuginfod.ubuntu.com /usr/bin/cmake --install /home/vtcro/panda_robot_ws/build/panda_robot_moveit_config
[0.847s] Level 1:colcon.colcon_core.environment:create_environment_scripts_only(panda_robot_moveit_config)
[0.847s] DEBUG:colcon.colcon_core.event_handler.log_command:Invoked command in '/home/vtcro/panda_robot_ws/build/panda_robot_moveit_config' returned '0': CMAKE_PREFIX_PATH=${CMAKE_PREFIX_PATH}:/home/vtcro/dog_ws/install/leg1_description DEBUGINFOD_URLS=https://debuginfod.ubuntu.com /usr/bin/cmake --install /home/vtcro/panda_robot_ws/build/panda_robot_moveit_config
[0.849s] Level 1:colcon.colcon_core.environment:checking '/home/vtcro/panda_robot_ws/install/panda_robot_moveit_config' for CMake module files
[0.849s] Level 1:colcon.colcon_core.environment:checking '/home/vtcro/panda_robot_ws/install/panda_robot_moveit_config' for CMake config files
[0.850s] Level 1:colcon.colcon_core.shell:create_environment_hook('panda_robot_moveit_config', 'cmake_prefix_path')
[0.850s] INFO:colcon.colcon_core.shell:Creating environment descriptor '/home/vtcro/panda_robot_ws/install/panda_robot_moveit_config/share/panda_robot_moveit_config/hook/cmake_prefix_path.dsv'
[0.850s] INFO:colcon.colcon_core.shell:Creating environment hook '/home/vtcro/panda_robot_ws/install/panda_robot_moveit_config/share/panda_robot_moveit_config/hook/cmake_prefix_path.sh'
[0.851s] Level 1:colcon.colcon_core.environment:checking '/home/vtcro/panda_robot_ws/install/panda_robot_moveit_config/bin'
[0.852s] Level 1:colcon.colcon_core.environment:checking '/home/vtcro/panda_robot_ws/install/panda_robot_moveit_config/lib/pkgconfig/panda_robot_moveit_config.pc'
[0.854s] Level 1:colcon.colcon_core.environment:checking '/home/vtcro/panda_robot_ws/install/panda_robot_moveit_config/lib/python3.12/site-packages'
[0.854s] Level 1:colcon.colcon_core.environment:checking '/home/vtcro/panda_robot_ws/install/panda_robot_moveit_config/bin'
[0.854s] INFO:colcon.colcon_core.shell:Creating package descriptor '/home/vtcro/panda_robot_ws/install/panda_robot_moveit_config/share/panda_robot_moveit_config/package.dsv'
[0.854s] INFO:colcon.colcon_core.shell:Creating package script '/home/vtcro/panda_robot_ws/install/panda_robot_moveit_config/share/panda_robot_moveit_config/package.sh'
[0.855s] INFO:colcon.colcon_core.shell:Creating package script '/home/vtcro/panda_robot_ws/install/panda_robot_moveit_config/share/panda_robot_moveit_config/package.bash'
[0.855s] INFO:colcon.colcon_core.shell:Creating package script '/home/vtcro/panda_robot_ws/install/panda_robot_moveit_config/share/panda_robot_moveit_config/package.zsh'
[0.856s] Level 1:colcon.colcon_core.environment:create_file_with_runtime_dependencies(/home/vtcro/panda_robot_ws/install/panda_robot_moveit_config/share/colcon-core/packages/panda_robot_moveit_config)
[0.856s] Level 1:colcon.colcon_core.environment:create_environment_scripts_only(panda_robot_moveit_config)
[0.856s] Level 1:colcon.colcon_core.environment:checking '/home/vtcro/panda_robot_ws/install/panda_robot_moveit_config' for CMake module files
[0.857s] Level 1:colcon.colcon_core.environment:checking '/home/vtcro/panda_robot_ws/install/panda_robot_moveit_config' for CMake config files
[0.857s] Level 1:colcon.colcon_core.shell:create_environment_hook('panda_robot_moveit_config', 'cmake_prefix_path')
[0.857s] INFO:colcon.colcon_core.shell:Creating environment descriptor '/home/vtcro/panda_robot_ws/install/panda_robot_moveit_config/share/panda_robot_moveit_config/hook/cmake_prefix_path.dsv'
[0.857s] INFO:colcon.colcon_core.shell:Creating environment hook '/home/vtcro/panda_robot_ws/install/panda_robot_moveit_config/share/panda_robot_moveit_config/hook/cmake_prefix_path.sh'
[0.858s] Level 1:colcon.colcon_core.environment:checking '/home/vtcro/panda_robot_ws/install/panda_robot_moveit_config/bin'
[0.858s] Level 1:colcon.colcon_core.environment:checking '/home/vtcro/panda_robot_ws/install/panda_robot_moveit_config/lib/pkgconfig/panda_robot_moveit_config.pc'
[0.858s] Level 1:colcon.colcon_core.environment:checking '/home/vtcro/panda_robot_ws/install/panda_robot_moveit_config/lib/python3.12/site-packages'
[0.858s] Level 1:colcon.colcon_core.environment:checking '/home/vtcro/panda_robot_ws/install/panda_robot_moveit_config/bin'
[0.858s] INFO:colcon.colcon_core.shell:Creating package descriptor '/home/vtcro/panda_robot_ws/install/panda_robot_moveit_config/share/panda_robot_moveit_config/package.dsv'
[0.859s] INFO:colcon.colcon_core.shell:Creating package script '/home/vtcro/panda_robot_ws/install/panda_robot_moveit_config/share/panda_robot_moveit_config/package.sh'
[0.859s] INFO:colcon.colcon_core.shell:Creating package script '/home/vtcro/panda_robot_ws/install/panda_robot_moveit_config/share/panda_robot_moveit_config/package.bash'
[0.859s] INFO:colcon.colcon_core.shell:Creating package script '/home/vtcro/panda_robot_ws/install/panda_robot_moveit_config/share/panda_robot_moveit_config/package.zsh'
[0.860s] Level 1:colcon.colcon_core.environment:create_file_with_runtime_dependencies(/home/vtcro/panda_robot_ws/install/panda_robot_moveit_config/share/colcon-core/packages/panda_robot_moveit_config)
[2.339s] DEBUG:colcon.colcon_core.event_handler.log_command:Invoked command in '/home/vtcro/panda_robot_ws/build/cobot_test' returned '0': CMAKE_PREFIX_PATH=${CMAKE_PREFIX_PATH}:/home/vtcro/dog_ws/install/leg1_description DEBUGINFOD_URLS=https://debuginfod.ubuntu.com /usr/bin/cmake /home/vtcro/panda_robot_ws/src/cobot_test -DCMAKE_INSTALL_PREFIX=/home/vtcro/panda_robot_ws/install/cobot_test
[2.340s] DEBUG:colcon.colcon_core.event_handler.log_command:Invoking command in '/home/vtcro/panda_robot_ws/build/cobot_test': CMAKE_PREFIX_PATH=${CMAKE_PREFIX_PATH}:/home/vtcro/dog_ws/install/leg1_description DEBUGINFOD_URLS=https://debuginfod.ubuntu.com /usr/bin/cmake --build /home/vtcro/panda_robot_ws/build/cobot_test -- -j12 -l12
[13.358s] DEBUG:colcon.colcon_core.event_handler.log_command:Invoked command in '/home/vtcro/panda_robot_ws/build/cobot_test' returned '0': CMAKE_PREFIX_PATH=${CMAKE_PREFIX_PATH}:/home/vtcro/dog_ws/install/leg1_description DEBUGINFOD_URLS=https://debuginfod.ubuntu.com /usr/bin/cmake --build /home/vtcro/panda_robot_ws/build/cobot_test -- -j12 -l12
[13.359s] DEBUG:colcon.colcon_core.event_handler.log_command:Invoking command in '/home/vtcro/panda_robot_ws/build/cobot_test': CMAKE_PREFIX_PATH=${CMAKE_PREFIX_PATH}:/home/vtcro/dog_ws/install/leg1_description DEBUGINFOD_URLS=https://debuginfod.ubuntu.com /usr/bin/cmake --install /home/vtcro/panda_robot_ws/build/cobot_test
[13.387s] Level 1:colcon.colcon_core.environment:create_environment_scripts_only(cobot_test)
[13.387s] Level 1:colcon.colcon_core.environment:checking '/home/vtcro/panda_robot_ws/install/cobot_test' for CMake module files
[13.387s] DEBUG:colcon.colcon_core.event_handler.log_command:Invoked command in '/home/vtcro/panda_robot_ws/build/cobot_test' returned '0': CMAKE_PREFIX_PATH=${CMAKE_PREFIX_PATH}:/home/vtcro/dog_ws/install/leg1_description DEBUGINFOD_URLS=https://debuginfod.ubuntu.com /usr/bin/cmake --install /home/vtcro/panda_robot_ws/build/cobot_test
[13.388s] Level 1:colcon.colcon_core.environment:checking '/home/vtcro/panda_robot_ws/install/cobot_test' for CMake config files
[13.388s] Level 1:colcon.colcon_core.shell:create_environment_hook('cobot_test', 'cmake_prefix_path')
[13.388s] INFO:colcon.colcon_core.shell:Creating environment descriptor '/home/vtcro/panda_robot_ws/install/cobot_test/share/cobot_test/hook/cmake_prefix_path.dsv'
[13.388s] INFO:colcon.colcon_core.shell:Creating environment hook '/home/vtcro/panda_robot_ws/install/cobot_test/share/cobot_test/hook/cmake_prefix_path.sh'
[13.389s] Level 1:colcon.colcon_core.environment:checking '/home/vtcro/panda_robot_ws/install/cobot_test/lib'
[13.389s] Level 1:colcon.colcon_core.environment:checking '/home/vtcro/panda_robot_ws/install/cobot_test/bin'
[13.389s] Level 1:colcon.colcon_core.environment:checking '/home/vtcro/panda_robot_ws/install/cobot_test/lib/pkgconfig/cobot_test.pc'
[13.389s] Level 1:colcon.colcon_core.environment:checking '/home/vtcro/panda_robot_ws/install/cobot_test/lib/python3.12/site-packages'
[13.389s] Level 1:colcon.colcon_core.environment:checking '/home/vtcro/panda_robot_ws/install/cobot_test/bin'
[13.389s] INFO:colcon.colcon_core.shell:Creating package descriptor '/home/vtcro/panda_robot_ws/install/cobot_test/share/cobot_test/package.dsv'
[13.390s] INFO:colcon.colcon_core.shell:Creating package script '/home/vtcro/panda_robot_ws/install/cobot_test/share/cobot_test/package.sh'
[13.390s] INFO:colcon.colcon_core.shell:Creating package script '/home/vtcro/panda_robot_ws/install/cobot_test/share/cobot_test/package.bash'
[13.390s] INFO:colcon.colcon_core.shell:Creating package script '/home/vtcro/panda_robot_ws/install/cobot_test/share/cobot_test/package.zsh'
[13.390s] Level 1:colcon.colcon_core.environment:create_file_with_runtime_dependencies(/home/vtcro/panda_robot_ws/install/cobot_test/share/colcon-core/packages/cobot_test)
[13.391s] Level 1:colcon.colcon_core.environment:create_environment_scripts_only(cobot_test)
[13.391s] Level 1:colcon.colcon_core.environment:checking '/home/vtcro/panda_robot_ws/install/cobot_test' for CMake module files
[13.391s] Level 1:colcon.colcon_core.environment:checking '/home/vtcro/panda_robot_ws/install/cobot_test' for CMake config files
[13.391s] Level 1:colcon.colcon_core.shell:create_environment_hook('cobot_test', 'cmake_prefix_path')
[13.391s] INFO:colcon.colcon_core.shell:Creating environment descriptor '/home/vtcro/panda_robot_ws/install/cobot_test/share/cobot_test/hook/cmake_prefix_path.dsv'
[13.391s] INFO:colcon.colcon_core.shell:Creating environment hook '/home/vtcro/panda_robot_ws/install/cobot_test/share/cobot_test/hook/cmake_prefix_path.sh'
[13.392s] Level 1:colcon.colcon_core.environment:checking '/home/vtcro/panda_robot_ws/install/cobot_test/lib'
[13.392s] Level 1:colcon.colcon_core.environment:checking '/home/vtcro/panda_robot_ws/install/cobot_test/bin'
[13.392s] Level 1:colcon.colcon_core.environment:checking '/home/vtcro/panda_robot_ws/install/cobot_test/lib/pkgconfig/cobot_test.pc'
[13.392s] Level 1:colcon.colcon_core.environment:checking '/home/vtcro/panda_robot_ws/install/cobot_test/lib/python3.12/site-packages'
[13.392s] Level 1:colcon.colcon_core.environment:checking '/home/vtcro/panda_robot_ws/install/cobot_test/bin'
[13.392s] INFO:colcon.colcon_core.shell:Creating package descriptor '/home/vtcro/panda_robot_ws/install/cobot_test/share/cobot_test/package.dsv'
[13.393s] INFO:colcon.colcon_core.shell:Creating package script '/home/vtcro/panda_robot_ws/install/cobot_test/share/cobot_test/package.sh'
[13.393s] INFO:colcon.colcon_core.shell:Creating package script '/home/vtcro/panda_robot_ws/install/cobot_test/share/cobot_test/package.bash'
[13.393s] INFO:colcon.colcon_core.shell:Creating package script '/home/vtcro/panda_robot_ws/install/cobot_test/share/cobot_test/package.zsh'
[13.393s] Level 1:colcon.colcon_core.environment:create_file_with_runtime_dependencies(/home/vtcro/panda_robot_ws/install/cobot_test/share/colcon-core/packages/cobot_test)
[13.394s] DEBUG:colcon.colcon_parallel_executor.executor.parallel:closing loop
[13.394s] DEBUG:colcon.colcon_parallel_executor.executor.parallel:loop closed
[13.394s] DEBUG:colcon.colcon_parallel_executor.executor.parallel:run_until_complete finished with '0'
[13.394s] DEBUG:colcon.colcon_core.event_reactor:joining thread
[13.398s] INFO:colcon.colcon_core.plugin_system:Skipping extension 'colcon_notification.desktop_notification.terminal_notifier': Not used on non-Darwin systems
[13.398s] INFO:colcon.colcon_core.plugin_system:Skipping extension 'colcon_notification.desktop_notification.win32': Not used on non-Windows systems
[13.398s] INFO:colcon.colcon_notification.desktop_notification:Sending desktop notification using 'notify2'
[13.414s] DEBUG:colcon.colcon_core.event_reactor:joined thread
[13.415s] INFO:colcon.colcon_core.shell:Creating prefix script '/home/vtcro/panda_robot_ws/install/local_setup.sh'
[13.415s] INFO:colcon.colcon_core.shell:Creating prefix util module '/home/vtcro/panda_robot_ws/install/_local_setup_util_sh.py'
[13.416s] INFO:colcon.colcon_core.shell:Creating prefix chain script '/home/vtcro/panda_robot_ws/install/setup.sh'
[13.417s] INFO:colcon.colcon_core.shell:Creating prefix script '/home/vtcro/panda_robot_ws/install/local_setup.bash'
[13.417s] INFO:colcon.colcon_core.shell:Creating prefix chain script '/home/vtcro/panda_robot_ws/install/setup.bash'
[13.418s] INFO:colcon.colcon_core.shell:Creating prefix script '/home/vtcro/panda_robot_ws/install/local_setup.zsh'
[13.418s] INFO:colcon.colcon_core.shell:Creating prefix chain script '/home/vtcro/panda_robot_ws/install/setup.zsh'
