running egg_info
creating ../../../build/leg1_description/leg1_description.egg-info
writing ../../../build/leg1_description/leg1_description.egg-info/PKG-INFO
writing dependency_links to ../../../build/leg1_description/leg1_description.egg-info/dependency_links.txt
writing requirements to ../../../build/leg1_description/leg1_description.egg-info/requires.txt
writing top-level names to ../../../build/leg1_description/leg1_description.egg-info/top_level.txt
writing manifest file '../../../build/leg1_description/leg1_description.egg-info/SOURCES.txt'
reading manifest file '../../../build/leg1_description/leg1_description.egg-info/SOURCES.txt'
writing manifest file '../../../build/leg1_description/leg1_description.egg-info/SOURCES.txt'
running build
running build_py
creating /home/vtcro/robogamescode/leg1_ws/build/leg1_description/build
creating /home/vtcro/robogamescode/leg1_ws/build/leg1_description/build/lib
creating /home/vtcro/robogamescode/leg1_ws/build/leg1_description/build/lib/leg1_description
copying leg1_description/__init__.py -> /home/vtcro/robogamescode/leg1_ws/build/leg1_description/build/lib/leg1_description
running install
running install_lib
creating /home/vtcro/robogamescode/leg1_ws/install/leg1_description/lib/python3.12/site-packages/leg1_description
copying /home/vtcro/robogamescode/leg1_ws/build/leg1_description/build/lib/leg1_description/__init__.py -> /home/vtcro/robogamescode/leg1_ws/install/leg1_description/lib/python3.12/site-packages/leg1_description
byte-compiling /home/vtcro/robogamescode/leg1_ws/install/leg1_description/lib/python3.12/site-packages/leg1_description/__init__.py to __init__.cpython-312.pyc
running install_data
creating /home/vtcro/robogamescode/leg1_ws/install/leg1_description/share/ament_index
creating /home/vtcro/robogamescode/leg1_ws/install/leg1_description/share/ament_index/resource_index
creating /home/vtcro/robogamescode/leg1_ws/install/leg1_description/share/ament_index/resource_index/packages
copying resource/leg1_description -> /home/vtcro/robogamescode/leg1_ws/install/leg1_description/share/ament_index/resource_index/packages
copying package.xml -> /home/vtcro/robogamescode/leg1_ws/install/leg1_description/share/leg1_description
creating /home/vtcro/robogamescode/leg1_ws/install/leg1_description/share/leg1_description/launch
copying launch/gazebo.launch.py -> /home/vtcro/robogamescode/leg1_ws/install/leg1_description/share/leg1_description/launch
copying launch/display.launch.py -> /home/vtcro/robogamescode/leg1_ws/install/leg1_description/share/leg1_description/launch
creating /home/vtcro/robogamescode/leg1_ws/install/leg1_description/share/leg1_description/urdf
copying urdf/leg1.trans -> /home/vtcro/robogamescode/leg1_ws/install/leg1_description/share/leg1_description/urdf
copying urdf/leg1.gazebo -> /home/vtcro/robogamescode/leg1_ws/install/leg1_description/share/leg1_description/urdf
copying urdf/leg1_original.xacro -> /home/vtcro/robogamescode/leg1_ws/install/leg1_description/share/leg1_description/urdf
copying urdf/install -> /home/vtcro/robogamescode/leg1_ws/install/leg1_description/share/leg1_description/urdf
copying urdf/materials.xacro -> /home/vtcro/robogamescode/leg1_ws/install/leg1_description/share/leg1_description/urdf
copying urdf/leg1.xacro -> /home/vtcro/robogamescode/leg1_ws/install/leg1_description/share/leg1_description/urdf
copying urdf/leg1.sdf -> /home/vtcro/robogamescode/leg1_ws/install/leg1_description/share/leg1_description/urdf
copying urdf/leg1.urdf -> /home/vtcro/robogamescode/leg1_ws/install/leg1_description/share/leg1_description/urdf
creating /home/vtcro/robogamescode/leg1_ws/install/leg1_description/share/leg1_description/meshes
copying meshes/sphere_1.stl -> /home/vtcro/robogamescode/leg1_ws/install/leg1_description/share/leg1_description/meshes
copying meshes/driveleg_1.stl -> /home/vtcro/robogamescode/leg1_ws/install/leg1_description/share/leg1_description/meshes
copying meshes/upperleg_1.stl -> /home/vtcro/robogamescode/leg1_ws/install/leg1_description/share/leg1_description/meshes
copying meshes/base_link.stl -> /home/vtcro/robogamescode/leg1_ws/install/leg1_description/share/leg1_description/meshes
copying meshes/lowerleg_1.stl -> /home/vtcro/robogamescode/leg1_ws/install/leg1_description/share/leg1_description/meshes
creating /home/vtcro/robogamescode/leg1_ws/install/leg1_description/share/leg1_description/config
copying config/display.rviz -> /home/vtcro/robogamescode/leg1_ws/install/leg1_description/share/leg1_description/config
running install_egg_info
Copying ../../../build/leg1_description/leg1_description.egg-info to /home/vtcro/robogamescode/leg1_ws/install/leg1_description/lib/python3.12/site-packages/leg1_description-0.0.0-py3.12.egg-info
running install_scripts
writing list of installed files to '/home/vtcro/robogamescode/leg1_ws/build/leg1_description/install.log'
