[0.006s] Invoking command in '/home/vtcro/car_robot_ws/build/mini_car_bot': CMAKE_PREFIX_PATH=${CMAKE_PREFIX_PATH}:/home/vtcro/car_robot_ws/install: DEBUGINFOD_URLS=https://debuginfod.ubuntu.com /usr/bin/cmake /home/vtcro/car_robot_ws/src/mini_car_bot -DAMENT_CMAKE_SYMLINK_INSTALL=1 -DCMAKE_INSTALL_PREFIX=/home/vtcro/car_robot_ws/install/mini_car_bot
[0.048s] -- The C compiler identification is GNU 13.2.0
[0.091s] -- The CXX compiler identification is GNU 13.2.0
[0.103s] -- Detecting C compiler ABI info
[0.170s] -- Detecting C compiler ABI info - done
[0.176s] -- Check for working C compiler: /usr/bin/cc - skipped
[0.176s] -- Detecting C compile features
[0.177s] -- Detecting C compile features - done
[0.184s] -- Detecting CXX compiler ABI info
[0.258s] -- Detecting CXX compiler ABI info - done
[0.265s] -- Check for working CXX compiler: /usr/bin/c++ - skipped
[0.265s] -- Detecting CXX compile features
[0.265s] -- Detecting CXX compile features - done
[0.268s] -- Found ament_cmake: 2.5.2 (/opt/ros2_jazzy/ros2-linux/share/ament_cmake/cmake)
[0.368s] -- Found Python3: /usr/bin/python3 (found version "3.12.3") found components: Interpreter 
[0.418s] -- Override CMake install command with custom implementation using symlinks instead of copying resources
[0.444s] -- Found ament_lint_auto: 0.17.1 (/opt/ros2_jazzy/ros2-linux/share/ament_lint_auto/cmake)
[0.525s] -- Added test 'flake8' to check Python code syntax and style conventions
[0.525s] -- Configured 'flake8' exclude dirs and/or files: 
[0.526s] -- Added test 'lint_cmake' to check CMake code style
[0.526s] -- Added test 'pep257' to check Python code against some of the docstring style conventions in PEP 257
[0.530s] -- Added test 'xmllint' to check XML markup files
[0.531s] -- Configuring done (0.5s)
[0.533s] -- Generating done (0.0s)
[0.535s] -- Build files have been written to: /home/vtcro/car_robot_ws/build/mini_car_bot
[0.538s] Invoked command in '/home/vtcro/car_robot_ws/build/mini_car_bot' returned '0': CMAKE_PREFIX_PATH=${CMAKE_PREFIX_PATH}:/home/vtcro/car_robot_ws/install: DEBUGINFOD_URLS=https://debuginfod.ubuntu.com /usr/bin/cmake /home/vtcro/car_robot_ws/src/mini_car_bot -DAMENT_CMAKE_SYMLINK_INSTALL=1 -DCMAKE_INSTALL_PREFIX=/home/vtcro/car_robot_ws/install/mini_car_bot
[0.539s] Invoking command in '/home/vtcro/car_robot_ws/build/mini_car_bot': CMAKE_PREFIX_PATH=${CMAKE_PREFIX_PATH}:/home/vtcro/car_robot_ws/install: DEBUGINFOD_URLS=https://debuginfod.ubuntu.com /usr/bin/cmake --build /home/vtcro/car_robot_ws/build/mini_car_bot -- -j12 -l12
[0.568s] Invoked command in '/home/vtcro/car_robot_ws/build/mini_car_bot' returned '0': CMAKE_PREFIX_PATH=${CMAKE_PREFIX_PATH}:/home/vtcro/car_robot_ws/install: DEBUGINFOD_URLS=https://debuginfod.ubuntu.com /usr/bin/cmake --build /home/vtcro/car_robot_ws/build/mini_car_bot -- -j12 -l12
[0.575s] Invoking command in '/home/vtcro/car_robot_ws/build/mini_car_bot': CMAKE_PREFIX_PATH=${CMAKE_PREFIX_PATH}:/home/vtcro/car_robot_ws/install: DEBUGINFOD_URLS=https://debuginfod.ubuntu.com /usr/bin/cmake --install /home/vtcro/car_robot_ws/build/mini_car_bot
[0.581s] -- Install configuration: ""
[0.581s] -- Execute custom install script
[0.581s] -- Symlinking: /home/vtcro/car_robot_ws/install/mini_car_bot/share/mini_car_bot/config/view_bot.rviz
[0.588s] -- Symlinking: /home/vtcro/car_robot_ws/install/mini_car_bot/share/mini_car_bot/description/inertial_macros.xacro
[0.594s] -- Symlinking: /home/vtcro/car_robot_ws/install/mini_car_bot/share/mini_car_bot/description/robot.core.xacro
[0.601s] -- Symlinking: /home/vtcro/car_robot_ws/install/mini_car_bot/share/mini_car_bot/description/robot.urdf.xacro
[0.607s] -- Symlinking: /home/vtcro/car_robot_ws/install/mini_car_bot/share/mini_car_bot/launch/rsp.launch.py
[0.613s] -- Symlinking: /home/vtcro/car_robot_ws/install/mini_car_bot/share/mini_car_bot/worlds/empty.world
[0.620s] -- Symlinking: /home/vtcro/car_robot_ws/install/mini_car_bot/share/ament_index/resource_index/package_run_dependencies/mini_car_bot
[0.626s] -- Symlinking: /home/vtcro/car_robot_ws/install/mini_car_bot/share/ament_index/resource_index/parent_prefix_path/mini_car_bot
[0.632s] -- Symlinking: /home/vtcro/car_robot_ws/install/mini_car_bot/share/mini_car_bot/environment/ament_prefix_path.sh
[0.639s] -- Symlinking: /home/vtcro/car_robot_ws/install/mini_car_bot/share/mini_car_bot/environment/ament_prefix_path.dsv
[0.645s] -- Symlinking: /home/vtcro/car_robot_ws/install/mini_car_bot/share/mini_car_bot/environment/path.sh
[0.652s] -- Symlinking: /home/vtcro/car_robot_ws/install/mini_car_bot/share/mini_car_bot/environment/path.dsv
[0.658s] -- Symlinking: /home/vtcro/car_robot_ws/install/mini_car_bot/share/mini_car_bot/local_setup.bash
[0.665s] -- Symlinking: /home/vtcro/car_robot_ws/install/mini_car_bot/share/mini_car_bot/local_setup.sh
[0.671s] -- Symlinking: /home/vtcro/car_robot_ws/install/mini_car_bot/share/mini_car_bot/local_setup.zsh
[0.677s] -- Symlinking: /home/vtcro/car_robot_ws/install/mini_car_bot/share/mini_car_bot/local_setup.dsv
[0.683s] -- Symlinking: /home/vtcro/car_robot_ws/install/mini_car_bot/share/mini_car_bot/package.dsv
[0.690s] -- Symlinking: /home/vtcro/car_robot_ws/install/mini_car_bot/share/ament_index/resource_index/packages/mini_car_bot
[0.696s] -- Symlinking: /home/vtcro/car_robot_ws/install/mini_car_bot/share/mini_car_bot/cmake/mini_car_botConfig.cmake
[0.702s] -- Symlinking: /home/vtcro/car_robot_ws/install/mini_car_bot/share/mini_car_bot/cmake/mini_car_botConfig-version.cmake
[0.709s] -- Symlinking: /home/vtcro/car_robot_ws/install/mini_car_bot/share/mini_car_bot/package.xml
[0.717s] Invoked command in '/home/vtcro/car_robot_ws/build/mini_car_bot' returned '0': CMAKE_PREFIX_PATH=${CMAKE_PREFIX_PATH}:/home/vtcro/car_robot_ws/install: DEBUGINFOD_URLS=https://debuginfod.ubuntu.com /usr/bin/cmake --install /home/vtcro/car_robot_ws/build/mini_car_bot
