[0.034s] Invoking command in '/home/houndsito/DingoQuadruped/dingo_ws/build/dingo': DEBUGINFOD_URLS=https://debuginfod.ubuntu.com /usr/bin/cmake /home/houndsito/DingoQuadruped/dingo_ws/src/dingo -DCATKIN_INSTALL_INTO_PREFIX_ROOT=0 -DCMAKE_INSTALL_PREFIX=/home/houndsito/DingoQuadruped/dingo_ws/install/dingo
[0.063s] [0mCMake Deprecation Warning at CMakeLists.txt:1 (cmake_minimum_required):
[0.063s]   Compatibility with CMake < 3.5 will be removed from a future version of
[0.063s]   CMake.
[0.064s] 
[0.064s]   Update the VERSION argument <min> value or use a ...<max> suffix to tell
[0.064s]   CMake that the project does not need compatibility with older versions.
[0.064s] 
[0.064s] [0m
[0.181s] -- The C compiler identification is GNU 13.3.0
[0.278s] -- The CXX compiler identification is GNU 13.3.0
[0.299s] -- Detecting C compiler ABI info
[0.391s] -- Detecting C compiler ABI info - done
[0.399s] -- Check for working C compiler: /usr/bin/cc - skipped
[0.399s] -- Detecting C compile features
[0.400s] -- Detecting C compile features - done
[0.410s] -- Detecting CXX compiler ABI info
[0.504s] -- Detecting CXX compiler ABI info - done
[0.512s] -- Check for working CXX compiler: /usr/bin/c++ - skipped
[0.512s] -- Detecting CXX compile features
[0.513s] -- Detecting CXX compile features - done
[0.526s] [31mCMake Error at CMakeLists.txt:10 (find_package):
[0.526s]   By not providing "Findcatkin.cmake" in CMAKE_MODULE_PATH this project has
[0.526s]   asked CMake to find a package configuration file provided by "catkin", but
[0.526s]   CMake did not find one.
[0.526s] 
[0.526s]   Could not find a package configuration file provided by "catkin" with any
[0.526s]   of the following names:
[0.526s] 
[0.526s]     catkinConfig.cmake
[0.527s]     catkin-config.cmake
[0.527s] 
[0.528s] -- Configuring incomplete, errors occurred!
[0.528s]   Add the installation prefix of "catkin" to CMAKE_PREFIX_PATH or set
[0.528s]   "catkin_DIR" to a directory containing one of the above files.  If "catkin"
[0.528s]   provides a separate development package or SDK, be sure it has been
[0.528s]   installed.
[0.528s] 
[0.528s] [0m
[0.539s] Invoked command in '/home/houndsito/DingoQuadruped/dingo_ws/build/dingo' returned '1': DEBUGINFOD_URLS=https://debuginfod.ubuntu.com /usr/bin/cmake /home/houndsito/DingoQuadruped/dingo_ws/src/dingo -DCATKIN_INSTALL_INTO_PREFIX_ROOT=0 -DCMAKE_INSTALL_PREFIX=/home/houndsito/DingoQuadruped/dingo_ws/install/dingo
