[0.058s] Invoking command in '/home/vtcro/robogamescode/dingo_ws/build/dingo_description': DEBUGINFOD_URLS=https://debuginfod.ubuntu.com /usr/bin/cmake /home/vtcro/robogamescode/dingo_ws/src/dingo_description -DCATKIN_INSTALL_INTO_PREFIX_ROOT=0 -DCMAKE_INSTALL_PREFIX=/home/vtcro/robogamescode/dingo_ws/install/dingo_description
[0.068s] [0mCMake Deprecation Warning at CMakeLists.txt:1 (cmake_minimum_required):
[0.068s]   Compatibility with CMake < 3.5 will be removed from a future version of
[0.068s]   CMake.
[0.068s] 
[0.068s]   Update the VERSION argument <min> value or use a ...<max> suffix to tell
[0.068s]   CMake that the project does not need compatibility with older versions.
[0.068s] 
[0.068s] [0m
[0.117s] -- The C compiler identification is GNU 13.3.0
[0.180s] -- The CXX compiler identification is GNU 13.3.0
[0.198s] -- Detecting C compiler ABI info
[0.291s] -- Detecting C compiler ABI info - done
[0.302s] -- Check for working C compiler: /usr/bin/cc - skipped
[0.302s] -- Detecting C compile features
[0.302s] -- Detecting C compile features - done
[0.312s] -- Detecting CXX compiler ABI info
[0.416s] -- Detecting CXX compiler ABI info - done
[0.429s] -- Check for working CXX compiler: /usr/bin/c++ - skipped
[0.430s] -- Detecting CXX compile features
[0.430s] -- Detecting CXX compile features - done
[0.454s] [31mCMake Error at CMakeLists.txt:5 (find_package):
[0.454s]   By not providing "Findcatkin.cmake" in CMAKE_MODULE_PATH this project has
[0.454s]   asked CMake to find a package configuration file provided by "catkin", but
[0.454s]   CMake did not find one.
[0.454s] 
[0.455s]   Could not find a package configuration file provided by "catkin" with any
[0.455s]   of the following names:
[0.455s] 
[0.455s]     catkinConfig.cmake
[0.455s]     catkin-config.cmake
[0.455s] 
[0.455s]   Add the installation prefix of "catkin" to CMAKE_PREFIX_PATH or set
[0.455s]   "catkin_DIR" to a directory containing one of the above files.  If "catkin"
[0.455s]   provides a separate development package or SDK, be sure it has been
[0.455s]   installed.
[0.455s] 
[0.455s] [0m
[0.455s] -- Configuring incomplete, errors occurred!
[0.461s] Invoked command in '/home/vtcro/robogamescode/dingo_ws/build/dingo_description' returned '1': DEBUGINFOD_URLS=https://debuginfod.ubuntu.com /usr/bin/cmake /home/vtcro/robogamescode/dingo_ws/src/dingo_description -DCATKIN_INSTALL_INTO_PREFIX_ROOT=0 -DCMAKE_INSTALL_PREFIX=/home/vtcro/robogamescode/dingo_ws/install/dingo_description
