[0.048s] Invoking command in '/home/vtcro/robogamescode/dingo_ws/build/dingo_gazebo': DEBUGINFOD_URLS=https://debuginfod.ubuntu.com /usr/bin/cmake /home/vtcro/robogamescode/dingo_ws/src/dingo_gazebo -DCATKIN_INSTALL_INTO_PREFIX_ROOT=0 -DCMAKE_INSTALL_PREFIX=/home/vtcro/robogamescode/dingo_ws/install/dingo_gazebo
[0.058s] [0mCMake Deprecation Warning at CMakeLists.txt:1 (cmake_minimum_required):
[0.058s]   Compatibility with CMake < 3.5 will be removed from a future version of
[0.058s]   CMake.
[0.058s] 
[0.058s]   Update the VERSION argument <min> value or use a ...<max> suffix to tell
[0.058s]   CMake that the project does not need compatibility with older versions.
[0.058s] 
[0.059s] [0m
[0.105s] -- The C compiler identification is GNU 13.3.0
[0.166s] -- The CXX compiler identification is GNU 13.3.0
[0.184s] -- Detecting C compiler ABI info
[0.279s] -- Detecting C compiler ABI info - done
[0.288s] -- Check for working C compiler: /usr/bin/cc - skipped
[0.288s] -- Detecting C compile features
[0.289s] -- Detecting C compile features - done
[0.298s] -- Detecting CXX compiler ABI info
[0.403s] -- Detecting CXX compiler ABI info - done
[0.416s] -- Check for working CXX compiler: /usr/bin/c++ - skipped
[0.416s] -- Detecting CXX compile features
[0.417s] -- Detecting CXX compile features - done
[0.440s] [31mCMake Error at CMakeLists.txt:4 (find_package):
[0.441s]   By not providing "Findcatkin.cmake" in CMAKE_MODULE_PATH this project has
[0.441s]   asked CMake to find a package configuration file provided by "catkin", but
[0.441s]   CMake did not find one.
[0.441s] 
[0.441s] -- Configuring incomplete, errors occurred!
[0.441s]   Could not find a package configuration file provided by "catkin" with any
[0.441s]   of the following names:
[0.441s] 
[0.441s]     catkinConfig.cmake
[0.441s]     catkin-config.cmake
[0.441s] 
[0.442s]   Add the installation prefix of "catkin" to CMAKE_PREFIX_PATH or set
[0.442s]   "catkin_DIR" to a directory containing one of the above files.  If "catkin"
[0.442s]   provides a separate development package or SDK, be sure it has been
[0.442s]   installed.
[0.442s] 
[0.442s] [0m
[0.449s] Invoked command in '/home/vtcro/robogamescode/dingo_ws/build/dingo_gazebo' returned '1': DEBUGINFOD_URLS=https://debuginfod.ubuntu.com /usr/bin/cmake /home/vtcro/robogamescode/dingo_ws/src/dingo_gazebo -DCATKIN_INSTALL_INTO_PREFIX_ROOT=0 -DCMAKE_INSTALL_PREFIX=/home/vtcro/robogamescode/dingo_ws/install/dingo_gazebo
